[2023-04-01T02:10:32.338+0000] {processor.py:153} INFO - Started process (PID=48) to work on /home/airflow/.local/lib/python3.7/site-packages/airflow/example_dags/example_latest_only.py
[2023-04-01T02:10:32.339+0000] {processor.py:743} INFO - Processing file /home/airflow/.local/lib/python3.7/site-packages/airflow/example_dags/example_latest_only.py for tasks to queue
[2023-04-01T02:10:32.340+0000] {logging_mixin.py:137} INFO - [2023-04-01T02:10:32.339+0000] {dagbag.py:532} INFO - Filling up the DagBag from /home/airflow/.local/lib/python3.7/site-packages/airflow/example_dags/example_latest_only.py
[2023-04-01T02:10:32.353+0000] {processor.py:753} INFO - DAG(s) dict_keys(['latest_only']) retrieved from /home/airflow/.local/lib/python3.7/site-packages/airflow/example_dags/example_latest_only.py
[2023-04-01T02:10:32.461+0000] {logging_mixin.py:137} INFO - [2023-04-01T02:10:32.461+0000] {manager.py:504} INFO - Created Permission View: can edit on DAG:latest_only
[2023-04-01T02:10:32.470+0000] {logging_mixin.py:137} INFO - [2023-04-01T02:10:32.470+0000] {manager.py:504} INFO - Created Permission View: can read on DAG:latest_only
[2023-04-01T02:10:32.478+0000] {logging_mixin.py:137} INFO - [2023-04-01T02:10:32.478+0000] {manager.py:504} INFO - Created Permission View: can delete on DAG:latest_only
[2023-04-01T02:10:32.478+0000] {logging_mixin.py:137} INFO - [2023-04-01T02:10:32.478+0000] {dag.py:2693} INFO - Sync 1 DAGs
[2023-04-01T02:10:32.492+0000] {logging_mixin.py:137} INFO - [2023-04-01T02:10:32.492+0000] {dag.py:2714} INFO - Creating ORM DAG for latest_only
[2023-04-01T02:10:32.504+0000] {logging_mixin.py:137} INFO - [2023-04-01T02:10:32.504+0000] {dag.py:3444} INFO - Setting next_dagrun for latest_only to 2023-03-31T22:10:32.504580+00:00, run_after=2023-04-01T02:10:32.504580+00:00
[2023-04-01T02:10:32.523+0000] {processor.py:175} INFO - Processing /home/airflow/.local/lib/python3.7/site-packages/airflow/example_dags/example_latest_only.py took 0.187 seconds
[2023-04-01T02:11:03.400+0000] {processor.py:153} INFO - Started process (PID=97) to work on /home/airflow/.local/lib/python3.7/site-packages/airflow/example_dags/example_latest_only.py
[2023-04-01T02:11:03.400+0000] {processor.py:743} INFO - Processing file /home/airflow/.local/lib/python3.7/site-packages/airflow/example_dags/example_latest_only.py for tasks to queue
[2023-04-01T02:11:03.401+0000] {logging_mixin.py:137} INFO - [2023-04-01T02:11:03.401+0000] {dagbag.py:532} INFO - Filling up the DagBag from /home/airflow/.local/lib/python3.7/site-packages/airflow/example_dags/example_latest_only.py
[2023-04-01T02:11:03.415+0000] {processor.py:753} INFO - DAG(s) dict_keys(['latest_only']) retrieved from /home/airflow/.local/lib/python3.7/site-packages/airflow/example_dags/example_latest_only.py
[2023-04-01T02:11:03.450+0000] {logging_mixin.py:137} INFO - [2023-04-01T02:11:03.450+0000] {dag.py:2693} INFO - Sync 1 DAGs
[2023-04-01T02:11:03.486+0000] {logging_mixin.py:137} INFO - [2023-04-01T02:11:03.485+0000] {dag.py:3444} INFO - Setting next_dagrun for latest_only to 2023-03-31T22:11:03.484409+00:00, run_after=2023-04-01T02:11:03.484409+00:00
[2023-04-01T02:11:03.538+0000] {processor.py:175} INFO - Processing /home/airflow/.local/lib/python3.7/site-packages/airflow/example_dags/example_latest_only.py took 0.141 seconds
[2023-04-01T02:11:34.148+0000] {processor.py:153} INFO - Started process (PID=146) to work on /home/airflow/.local/lib/python3.7/site-packages/airflow/example_dags/example_latest_only.py
[2023-04-01T02:11:34.148+0000] {processor.py:743} INFO - Processing file /home/airflow/.local/lib/python3.7/site-packages/airflow/example_dags/example_latest_only.py for tasks to queue
[2023-04-01T02:11:34.149+0000] {logging_mixin.py:137} INFO - [2023-04-01T02:11:34.149+0000] {dagbag.py:532} INFO - Filling up the DagBag from /home/airflow/.local/lib/python3.7/site-packages/airflow/example_dags/example_latest_only.py
[2023-04-01T02:11:34.160+0000] {processor.py:753} INFO - DAG(s) dict_keys(['latest_only']) retrieved from /home/airflow/.local/lib/python3.7/site-packages/airflow/example_dags/example_latest_only.py
[2023-04-01T02:11:34.185+0000] {logging_mixin.py:137} INFO - [2023-04-01T02:11:34.185+0000] {dag.py:2693} INFO - Sync 1 DAGs
[2023-04-01T02:11:34.207+0000] {logging_mixin.py:137} INFO - [2023-04-01T02:11:34.207+0000] {dag.py:3444} INFO - Setting next_dagrun for latest_only to 2023-03-31T22:11:34.207413+00:00, run_after=2023-04-01T02:11:34.207413+00:00
[2023-04-01T02:11:34.224+0000] {processor.py:175} INFO - Processing /home/airflow/.local/lib/python3.7/site-packages/airflow/example_dags/example_latest_only.py took 0.079 seconds
[2023-04-01T02:12:04.605+0000] {processor.py:153} INFO - Started process (PID=195) to work on /home/airflow/.local/lib/python3.7/site-packages/airflow/example_dags/example_latest_only.py
[2023-04-01T02:12:04.606+0000] {processor.py:743} INFO - Processing file /home/airflow/.local/lib/python3.7/site-packages/airflow/example_dags/example_latest_only.py for tasks to queue
[2023-04-01T02:12:04.607+0000] {logging_mixin.py:137} INFO - [2023-04-01T02:12:04.606+0000] {dagbag.py:532} INFO - Filling up the DagBag from /home/airflow/.local/lib/python3.7/site-packages/airflow/example_dags/example_latest_only.py
[2023-04-01T02:12:04.618+0000] {processor.py:753} INFO - DAG(s) dict_keys(['latest_only']) retrieved from /home/airflow/.local/lib/python3.7/site-packages/airflow/example_dags/example_latest_only.py
[2023-04-01T02:12:04.644+0000] {logging_mixin.py:137} INFO - [2023-04-01T02:12:04.644+0000] {dag.py:2693} INFO - Sync 1 DAGs
[2023-04-01T02:12:04.669+0000] {logging_mixin.py:137} INFO - [2023-04-01T02:12:04.669+0000] {dag.py:3444} INFO - Setting next_dagrun for latest_only to 2023-03-31T22:12:04.668917+00:00, run_after=2023-04-01T02:12:04.668917+00:00
[2023-04-01T02:12:04.685+0000] {processor.py:175} INFO - Processing /home/airflow/.local/lib/python3.7/site-packages/airflow/example_dags/example_latest_only.py took 0.082 seconds
[2023-04-01T02:12:35.065+0000] {processor.py:153} INFO - Started process (PID=244) to work on /home/airflow/.local/lib/python3.7/site-packages/airflow/example_dags/example_latest_only.py
[2023-04-01T02:12:35.066+0000] {processor.py:743} INFO - Processing file /home/airflow/.local/lib/python3.7/site-packages/airflow/example_dags/example_latest_only.py for tasks to queue
[2023-04-01T02:12:35.066+0000] {logging_mixin.py:137} INFO - [2023-04-01T02:12:35.066+0000] {dagbag.py:532} INFO - Filling up the DagBag from /home/airflow/.local/lib/python3.7/site-packages/airflow/example_dags/example_latest_only.py
[2023-04-01T02:12:35.077+0000] {processor.py:753} INFO - DAG(s) dict_keys(['latest_only']) retrieved from /home/airflow/.local/lib/python3.7/site-packages/airflow/example_dags/example_latest_only.py
[2023-04-01T02:12:35.102+0000] {logging_mixin.py:137} INFO - [2023-04-01T02:12:35.102+0000] {dag.py:2693} INFO - Sync 1 DAGs
[2023-04-01T02:12:35.125+0000] {logging_mixin.py:137} INFO - [2023-04-01T02:12:35.125+0000] {dag.py:3444} INFO - Setting next_dagrun for latest_only to 2023-03-31T22:12:35.125560+00:00, run_after=2023-04-01T02:12:35.125560+00:00
[2023-04-01T02:12:35.142+0000] {processor.py:175} INFO - Processing /home/airflow/.local/lib/python3.7/site-packages/airflow/example_dags/example_latest_only.py took 0.080 seconds
[2023-04-01T02:13:05.663+0000] {processor.py:153} INFO - Started process (PID=293) to work on /home/airflow/.local/lib/python3.7/site-packages/airflow/example_dags/example_latest_only.py
[2023-04-01T02:13:05.664+0000] {processor.py:743} INFO - Processing file /home/airflow/.local/lib/python3.7/site-packages/airflow/example_dags/example_latest_only.py for tasks to queue
[2023-04-01T02:13:05.664+0000] {logging_mixin.py:137} INFO - [2023-04-01T02:13:05.664+0000] {dagbag.py:532} INFO - Filling up the DagBag from /home/airflow/.local/lib/python3.7/site-packages/airflow/example_dags/example_latest_only.py
[2023-04-01T02:13:05.676+0000] {processor.py:753} INFO - DAG(s) dict_keys(['latest_only']) retrieved from /home/airflow/.local/lib/python3.7/site-packages/airflow/example_dags/example_latest_only.py
[2023-04-01T02:13:05.701+0000] {logging_mixin.py:137} INFO - [2023-04-01T02:13:05.701+0000] {dag.py:2693} INFO - Sync 1 DAGs
[2023-04-01T02:13:05.725+0000] {logging_mixin.py:137} INFO - [2023-04-01T02:13:05.725+0000] {dag.py:3444} INFO - Setting next_dagrun for latest_only to 2023-03-31T22:13:05.724885+00:00, run_after=2023-04-01T02:13:05.724885+00:00
[2023-04-01T02:13:05.742+0000] {processor.py:175} INFO - Processing /home/airflow/.local/lib/python3.7/site-packages/airflow/example_dags/example_latest_only.py took 0.081 seconds
