[2023-04-01T02:10:33.106+0000] {processor.py:153} INFO - Started process (PID=55) to work on /home/airflow/.local/lib/python3.7/site-packages/airflow/example_dags/example_branch_operator_decorator.py
[2023-04-01T02:10:33.107+0000] {processor.py:743} INFO - Processing file /home/airflow/.local/lib/python3.7/site-packages/airflow/example_dags/example_branch_operator_decorator.py for tasks to queue
[2023-04-01T02:10:33.107+0000] {logging_mixin.py:137} INFO - [2023-04-01T02:10:33.107+0000] {dagbag.py:532} INFO - Filling up the DagBag from /home/airflow/.local/lib/python3.7/site-packages/airflow/example_dags/example_branch_operator_decorator.py
[2023-04-01T02:10:33.131+0000] {processor.py:753} INFO - DAG(s) dict_keys(['example_branch_python_operator_decorator']) retrieved from /home/airflow/.local/lib/python3.7/site-packages/airflow/example_dags/example_branch_operator_decorator.py
[2023-04-01T02:10:33.268+0000] {logging_mixin.py:137} INFO - [2023-04-01T02:10:33.268+0000] {manager.py:504} INFO - Created Permission View: can edit on DAG:example_branch_python_operator_decorator
[2023-04-01T02:10:33.288+0000] {logging_mixin.py:137} INFO - [2023-04-01T02:10:33.287+0000] {manager.py:504} INFO - Created Permission View: can read on DAG:example_branch_python_operator_decorator
[2023-04-01T02:10:33.298+0000] {logging_mixin.py:137} INFO - [2023-04-01T02:10:33.297+0000] {manager.py:504} INFO - Created Permission View: can delete on DAG:example_branch_python_operator_decorator
[2023-04-01T02:10:33.298+0000] {logging_mixin.py:137} INFO - [2023-04-01T02:10:33.298+0000] {dag.py:2693} INFO - Sync 1 DAGs
[2023-04-01T02:10:33.327+0000] {logging_mixin.py:137} INFO - [2023-04-01T02:10:33.327+0000] {dag.py:2714} INFO - Creating ORM DAG for example_branch_python_operator_decorator
[2023-04-01T02:10:33.349+0000] {logging_mixin.py:137} INFO - [2023-04-01T02:10:33.349+0000] {dag.py:3444} INFO - Setting next_dagrun for example_branch_python_operator_decorator to 2023-03-31T00:00:00+00:00, run_after=2023-04-01T00:00:00+00:00
[2023-04-01T02:10:33.383+0000] {processor.py:175} INFO - Processing /home/airflow/.local/lib/python3.7/site-packages/airflow/example_dags/example_branch_operator_decorator.py took 0.280 seconds
[2023-04-01T02:11:04.410+0000] {processor.py:153} INFO - Started process (PID=104) to work on /home/airflow/.local/lib/python3.7/site-packages/airflow/example_dags/example_branch_operator_decorator.py
[2023-04-01T02:11:04.411+0000] {processor.py:743} INFO - Processing file /home/airflow/.local/lib/python3.7/site-packages/airflow/example_dags/example_branch_operator_decorator.py for tasks to queue
[2023-04-01T02:11:04.412+0000] {logging_mixin.py:137} INFO - [2023-04-01T02:11:04.412+0000] {dagbag.py:532} INFO - Filling up the DagBag from /home/airflow/.local/lib/python3.7/site-packages/airflow/example_dags/example_branch_operator_decorator.py
[2023-04-01T02:11:04.463+0000] {processor.py:753} INFO - DAG(s) dict_keys(['example_branch_python_operator_decorator']) retrieved from /home/airflow/.local/lib/python3.7/site-packages/airflow/example_dags/example_branch_operator_decorator.py
[2023-04-01T02:11:04.522+0000] {logging_mixin.py:137} INFO - [2023-04-01T02:11:04.522+0000] {dag.py:2693} INFO - Sync 1 DAGs
[2023-04-01T02:11:04.577+0000] {logging_mixin.py:137} INFO - [2023-04-01T02:11:04.577+0000] {dag.py:3444} INFO - Setting next_dagrun for example_branch_python_operator_decorator to 2023-03-31T00:00:00+00:00, run_after=2023-04-01T00:00:00+00:00
[2023-04-01T02:11:04.622+0000] {processor.py:175} INFO - Processing /home/airflow/.local/lib/python3.7/site-packages/airflow/example_dags/example_branch_operator_decorator.py took 0.218 seconds
[2023-04-01T02:11:35.571+0000] {processor.py:153} INFO - Started process (PID=153) to work on /home/airflow/.local/lib/python3.7/site-packages/airflow/example_dags/example_branch_operator_decorator.py
[2023-04-01T02:11:35.572+0000] {processor.py:743} INFO - Processing file /home/airflow/.local/lib/python3.7/site-packages/airflow/example_dags/example_branch_operator_decorator.py for tasks to queue
[2023-04-01T02:11:35.572+0000] {logging_mixin.py:137} INFO - [2023-04-01T02:11:35.572+0000] {dagbag.py:532} INFO - Filling up the DagBag from /home/airflow/.local/lib/python3.7/site-packages/airflow/example_dags/example_branch_operator_decorator.py
[2023-04-01T02:11:35.596+0000] {processor.py:753} INFO - DAG(s) dict_keys(['example_branch_python_operator_decorator']) retrieved from /home/airflow/.local/lib/python3.7/site-packages/airflow/example_dags/example_branch_operator_decorator.py
[2023-04-01T02:11:35.622+0000] {logging_mixin.py:137} INFO - [2023-04-01T02:11:35.622+0000] {dag.py:2693} INFO - Sync 1 DAGs
[2023-04-01T02:11:35.648+0000] {logging_mixin.py:137} INFO - [2023-04-01T02:11:35.648+0000] {dag.py:3444} INFO - Setting next_dagrun for example_branch_python_operator_decorator to 2023-03-31T00:00:00+00:00, run_after=2023-04-01T00:00:00+00:00
[2023-04-01T02:11:35.665+0000] {processor.py:175} INFO - Processing /home/airflow/.local/lib/python3.7/site-packages/airflow/example_dags/example_branch_operator_decorator.py took 0.097 seconds
[2023-04-01T02:12:06.028+0000] {processor.py:153} INFO - Started process (PID=202) to work on /home/airflow/.local/lib/python3.7/site-packages/airflow/example_dags/example_branch_operator_decorator.py
[2023-04-01T02:12:06.029+0000] {processor.py:743} INFO - Processing file /home/airflow/.local/lib/python3.7/site-packages/airflow/example_dags/example_branch_operator_decorator.py for tasks to queue
[2023-04-01T02:12:06.030+0000] {logging_mixin.py:137} INFO - [2023-04-01T02:12:06.030+0000] {dagbag.py:532} INFO - Filling up the DagBag from /home/airflow/.local/lib/python3.7/site-packages/airflow/example_dags/example_branch_operator_decorator.py
[2023-04-01T02:12:06.054+0000] {processor.py:753} INFO - DAG(s) dict_keys(['example_branch_python_operator_decorator']) retrieved from /home/airflow/.local/lib/python3.7/site-packages/airflow/example_dags/example_branch_operator_decorator.py
[2023-04-01T02:12:06.083+0000] {logging_mixin.py:137} INFO - [2023-04-01T02:12:06.083+0000] {dag.py:2693} INFO - Sync 1 DAGs
[2023-04-01T02:12:06.107+0000] {logging_mixin.py:137} INFO - [2023-04-01T02:12:06.107+0000] {dag.py:3444} INFO - Setting next_dagrun for example_branch_python_operator_decorator to 2023-03-31T00:00:00+00:00, run_after=2023-04-01T00:00:00+00:00
[2023-04-01T02:12:06.125+0000] {processor.py:175} INFO - Processing /home/airflow/.local/lib/python3.7/site-packages/airflow/example_dags/example_branch_operator_decorator.py took 0.101 seconds
[2023-04-01T02:12:36.511+0000] {processor.py:153} INFO - Started process (PID=251) to work on /home/airflow/.local/lib/python3.7/site-packages/airflow/example_dags/example_branch_operator_decorator.py
[2023-04-01T02:12:36.512+0000] {processor.py:743} INFO - Processing file /home/airflow/.local/lib/python3.7/site-packages/airflow/example_dags/example_branch_operator_decorator.py for tasks to queue
[2023-04-01T02:12:36.512+0000] {logging_mixin.py:137} INFO - [2023-04-01T02:12:36.512+0000] {dagbag.py:532} INFO - Filling up the DagBag from /home/airflow/.local/lib/python3.7/site-packages/airflow/example_dags/example_branch_operator_decorator.py
[2023-04-01T02:12:36.535+0000] {processor.py:753} INFO - DAG(s) dict_keys(['example_branch_python_operator_decorator']) retrieved from /home/airflow/.local/lib/python3.7/site-packages/airflow/example_dags/example_branch_operator_decorator.py
[2023-04-01T02:12:36.563+0000] {logging_mixin.py:137} INFO - [2023-04-01T02:12:36.563+0000] {dag.py:2693} INFO - Sync 1 DAGs
[2023-04-01T02:12:36.590+0000] {logging_mixin.py:137} INFO - [2023-04-01T02:12:36.590+0000] {dag.py:3444} INFO - Setting next_dagrun for example_branch_python_operator_decorator to 2023-03-31T00:00:00+00:00, run_after=2023-04-01T00:00:00+00:00
[2023-04-01T02:12:36.607+0000] {processor.py:175} INFO - Processing /home/airflow/.local/lib/python3.7/site-packages/airflow/example_dags/example_branch_operator_decorator.py took 0.099 seconds
[2023-04-01T02:13:07.124+0000] {processor.py:153} INFO - Started process (PID=300) to work on /home/airflow/.local/lib/python3.7/site-packages/airflow/example_dags/example_branch_operator_decorator.py
[2023-04-01T02:13:07.127+0000] {processor.py:743} INFO - Processing file /home/airflow/.local/lib/python3.7/site-packages/airflow/example_dags/example_branch_operator_decorator.py for tasks to queue
[2023-04-01T02:13:07.129+0000] {logging_mixin.py:137} INFO - [2023-04-01T02:13:07.128+0000] {dagbag.py:532} INFO - Filling up the DagBag from /home/airflow/.local/lib/python3.7/site-packages/airflow/example_dags/example_branch_operator_decorator.py
[2023-04-01T02:13:07.164+0000] {processor.py:753} INFO - DAG(s) dict_keys(['example_branch_python_operator_decorator']) retrieved from /home/airflow/.local/lib/python3.7/site-packages/airflow/example_dags/example_branch_operator_decorator.py
[2023-04-01T02:13:07.193+0000] {logging_mixin.py:137} INFO - [2023-04-01T02:13:07.193+0000] {dag.py:2693} INFO - Sync 1 DAGs
[2023-04-01T02:13:07.218+0000] {logging_mixin.py:137} INFO - [2023-04-01T02:13:07.218+0000] {dag.py:3444} INFO - Setting next_dagrun for example_branch_python_operator_decorator to 2023-03-31T00:00:00+00:00, run_after=2023-04-01T00:00:00+00:00
[2023-04-01T02:13:07.239+0000] {processor.py:175} INFO - Processing /home/airflow/.local/lib/python3.7/site-packages/airflow/example_dags/example_branch_operator_decorator.py took 0.126 seconds
