[2023-04-01T02:10:34.251+0000] {processor.py:153} INFO - Started process (PID=62) to work on /home/airflow/.local/lib/python3.7/site-packages/airflow/example_dags/example_time_delta_sensor_async.py
[2023-04-01T02:10:34.252+0000] {processor.py:743} INFO - Processing file /home/airflow/.local/lib/python3.7/site-packages/airflow/example_dags/example_time_delta_sensor_async.py for tasks to queue
[2023-04-01T02:10:34.253+0000] {logging_mixin.py:137} INFO - [2023-04-01T02:10:34.252+0000] {dagbag.py:532} INFO - Filling up the DagBag from /home/airflow/.local/lib/python3.7/site-packages/airflow/example_dags/example_time_delta_sensor_async.py
[2023-04-01T02:10:34.274+0000] {processor.py:753} INFO - DAG(s) dict_keys(['example_time_delta_sensor_async']) retrieved from /home/airflow/.local/lib/python3.7/site-packages/airflow/example_dags/example_time_delta_sensor_async.py
[2023-04-01T02:10:34.478+0000] {logging_mixin.py:137} INFO - [2023-04-01T02:10:34.478+0000] {manager.py:504} INFO - Created Permission View: can edit on DAG:example_time_delta_sensor_async
[2023-04-01T02:10:34.495+0000] {logging_mixin.py:137} INFO - [2023-04-01T02:10:34.495+0000] {manager.py:504} INFO - Created Permission View: can read on DAG:example_time_delta_sensor_async
[2023-04-01T02:10:34.508+0000] {logging_mixin.py:137} INFO - [2023-04-01T02:10:34.508+0000] {manager.py:504} INFO - Created Permission View: can delete on DAG:example_time_delta_sensor_async
[2023-04-01T02:10:34.509+0000] {logging_mixin.py:137} INFO - [2023-04-01T02:10:34.509+0000] {dag.py:2693} INFO - Sync 1 DAGs
[2023-04-01T02:10:34.534+0000] {logging_mixin.py:137} INFO - [2023-04-01T02:10:34.534+0000] {dag.py:2714} INFO - Creating ORM DAG for example_time_delta_sensor_async
[2023-04-01T02:10:34.556+0000] {logging_mixin.py:137} INFO - [2023-04-01T02:10:34.556+0000] {dag.py:3444} INFO - Setting next_dagrun for example_time_delta_sensor_async to None, run_after=None
[2023-04-01T02:10:34.590+0000] {processor.py:175} INFO - Processing /home/airflow/.local/lib/python3.7/site-packages/airflow/example_dags/example_time_delta_sensor_async.py took 0.345 seconds
[2023-04-01T02:11:05.135+0000] {processor.py:153} INFO - Started process (PID=111) to work on /home/airflow/.local/lib/python3.7/site-packages/airflow/example_dags/example_time_delta_sensor_async.py
[2023-04-01T02:11:05.136+0000] {processor.py:743} INFO - Processing file /home/airflow/.local/lib/python3.7/site-packages/airflow/example_dags/example_time_delta_sensor_async.py for tasks to queue
[2023-04-01T02:11:05.137+0000] {logging_mixin.py:137} INFO - [2023-04-01T02:11:05.137+0000] {dagbag.py:532} INFO - Filling up the DagBag from /home/airflow/.local/lib/python3.7/site-packages/airflow/example_dags/example_time_delta_sensor_async.py
[2023-04-01T02:11:05.158+0000] {processor.py:753} INFO - DAG(s) dict_keys(['example_time_delta_sensor_async']) retrieved from /home/airflow/.local/lib/python3.7/site-packages/airflow/example_dags/example_time_delta_sensor_async.py
[2023-04-01T02:11:05.203+0000] {logging_mixin.py:137} INFO - [2023-04-01T02:11:05.203+0000] {dag.py:2693} INFO - Sync 1 DAGs
[2023-04-01T02:11:05.246+0000] {logging_mixin.py:137} INFO - [2023-04-01T02:11:05.246+0000] {dag.py:3444} INFO - Setting next_dagrun for example_time_delta_sensor_async to None, run_after=None
[2023-04-01T02:11:05.281+0000] {processor.py:175} INFO - Processing /home/airflow/.local/lib/python3.7/site-packages/airflow/example_dags/example_time_delta_sensor_async.py took 0.152 seconds
[2023-04-01T02:11:35.895+0000] {processor.py:153} INFO - Started process (PID=160) to work on /home/airflow/.local/lib/python3.7/site-packages/airflow/example_dags/example_time_delta_sensor_async.py
[2023-04-01T02:11:35.896+0000] {processor.py:743} INFO - Processing file /home/airflow/.local/lib/python3.7/site-packages/airflow/example_dags/example_time_delta_sensor_async.py for tasks to queue
[2023-04-01T02:11:35.896+0000] {logging_mixin.py:137} INFO - [2023-04-01T02:11:35.896+0000] {dagbag.py:532} INFO - Filling up the DagBag from /home/airflow/.local/lib/python3.7/site-packages/airflow/example_dags/example_time_delta_sensor_async.py
[2023-04-01T02:11:35.906+0000] {processor.py:753} INFO - DAG(s) dict_keys(['example_time_delta_sensor_async']) retrieved from /home/airflow/.local/lib/python3.7/site-packages/airflow/example_dags/example_time_delta_sensor_async.py
[2023-04-01T02:11:35.932+0000] {logging_mixin.py:137} INFO - [2023-04-01T02:11:35.932+0000] {dag.py:2693} INFO - Sync 1 DAGs
[2023-04-01T02:11:35.955+0000] {logging_mixin.py:137} INFO - [2023-04-01T02:11:35.955+0000] {dag.py:3444} INFO - Setting next_dagrun for example_time_delta_sensor_async to None, run_after=None
[2023-04-01T02:11:35.971+0000] {processor.py:175} INFO - Processing /home/airflow/.local/lib/python3.7/site-packages/airflow/example_dags/example_time_delta_sensor_async.py took 0.079 seconds
[2023-04-01T02:12:06.358+0000] {processor.py:153} INFO - Started process (PID=209) to work on /home/airflow/.local/lib/python3.7/site-packages/airflow/example_dags/example_time_delta_sensor_async.py
[2023-04-01T02:12:06.358+0000] {processor.py:743} INFO - Processing file /home/airflow/.local/lib/python3.7/site-packages/airflow/example_dags/example_time_delta_sensor_async.py for tasks to queue
[2023-04-01T02:12:06.359+0000] {logging_mixin.py:137} INFO - [2023-04-01T02:12:06.359+0000] {dagbag.py:532} INFO - Filling up the DagBag from /home/airflow/.local/lib/python3.7/site-packages/airflow/example_dags/example_time_delta_sensor_async.py
[2023-04-01T02:12:06.369+0000] {processor.py:753} INFO - DAG(s) dict_keys(['example_time_delta_sensor_async']) retrieved from /home/airflow/.local/lib/python3.7/site-packages/airflow/example_dags/example_time_delta_sensor_async.py
[2023-04-01T02:12:06.395+0000] {logging_mixin.py:137} INFO - [2023-04-01T02:12:06.394+0000] {dag.py:2693} INFO - Sync 1 DAGs
[2023-04-01T02:12:06.417+0000] {logging_mixin.py:137} INFO - [2023-04-01T02:12:06.417+0000] {dag.py:3444} INFO - Setting next_dagrun for example_time_delta_sensor_async to None, run_after=None
[2023-04-01T02:12:06.434+0000] {processor.py:175} INFO - Processing /home/airflow/.local/lib/python3.7/site-packages/airflow/example_dags/example_time_delta_sensor_async.py took 0.079 seconds
[2023-04-01T02:12:36.844+0000] {processor.py:153} INFO - Started process (PID=258) to work on /home/airflow/.local/lib/python3.7/site-packages/airflow/example_dags/example_time_delta_sensor_async.py
[2023-04-01T02:12:36.844+0000] {processor.py:743} INFO - Processing file /home/airflow/.local/lib/python3.7/site-packages/airflow/example_dags/example_time_delta_sensor_async.py for tasks to queue
[2023-04-01T02:12:36.845+0000] {logging_mixin.py:137} INFO - [2023-04-01T02:12:36.845+0000] {dagbag.py:532} INFO - Filling up the DagBag from /home/airflow/.local/lib/python3.7/site-packages/airflow/example_dags/example_time_delta_sensor_async.py
[2023-04-01T02:12:36.856+0000] {processor.py:753} INFO - DAG(s) dict_keys(['example_time_delta_sensor_async']) retrieved from /home/airflow/.local/lib/python3.7/site-packages/airflow/example_dags/example_time_delta_sensor_async.py
[2023-04-01T02:12:36.881+0000] {logging_mixin.py:137} INFO - [2023-04-01T02:12:36.881+0000] {dag.py:2693} INFO - Sync 1 DAGs
[2023-04-01T02:12:36.905+0000] {logging_mixin.py:137} INFO - [2023-04-01T02:12:36.905+0000] {dag.py:3444} INFO - Setting next_dagrun for example_time_delta_sensor_async to None, run_after=None
[2023-04-01T02:12:36.922+0000] {processor.py:175} INFO - Processing /home/airflow/.local/lib/python3.7/site-packages/airflow/example_dags/example_time_delta_sensor_async.py took 0.081 seconds
[2023-04-01T02:13:07.591+0000] {processor.py:153} INFO - Started process (PID=307) to work on /home/airflow/.local/lib/python3.7/site-packages/airflow/example_dags/example_time_delta_sensor_async.py
[2023-04-01T02:13:07.592+0000] {processor.py:743} INFO - Processing file /home/airflow/.local/lib/python3.7/site-packages/airflow/example_dags/example_time_delta_sensor_async.py for tasks to queue
[2023-04-01T02:13:07.592+0000] {logging_mixin.py:137} INFO - [2023-04-01T02:13:07.592+0000] {dagbag.py:532} INFO - Filling up the DagBag from /home/airflow/.local/lib/python3.7/site-packages/airflow/example_dags/example_time_delta_sensor_async.py
[2023-04-01T02:13:07.602+0000] {processor.py:753} INFO - DAG(s) dict_keys(['example_time_delta_sensor_async']) retrieved from /home/airflow/.local/lib/python3.7/site-packages/airflow/example_dags/example_time_delta_sensor_async.py
[2023-04-01T02:13:07.632+0000] {logging_mixin.py:137} INFO - [2023-04-01T02:13:07.632+0000] {dag.py:2693} INFO - Sync 1 DAGs
[2023-04-01T02:13:07.657+0000] {logging_mixin.py:137} INFO - [2023-04-01T02:13:07.657+0000] {dag.py:3444} INFO - Setting next_dagrun for example_time_delta_sensor_async to None, run_after=None
[2023-04-01T02:13:07.674+0000] {processor.py:175} INFO - Processing /home/airflow/.local/lib/python3.7/site-packages/airflow/example_dags/example_time_delta_sensor_async.py took 0.086 seconds
