[2023-04-01T02:10:31.283+0000] {processor.py:153} INFO - Started process (PID=42) to work on /home/airflow/.local/lib/python3.7/site-packages/airflow/example_dags/example_datasets.py
[2023-04-01T02:10:31.284+0000] {processor.py:743} INFO - Processing file /home/airflow/.local/lib/python3.7/site-packages/airflow/example_dags/example_datasets.py for tasks to queue
[2023-04-01T02:10:31.284+0000] {logging_mixin.py:137} INFO - [2023-04-01T02:10:31.284+0000] {dagbag.py:532} INFO - Filling up the DagBag from /home/airflow/.local/lib/python3.7/site-packages/airflow/example_dags/example_datasets.py
[2023-04-01T02:10:31.305+0000] {processor.py:753} INFO - DAG(s) dict_keys(['dataset_consumes_1_never_scheduled', 'dataset_produces_1', 'dataset_produces_2', 'dataset_consumes_unknown_never_scheduled', 'dataset_consumes_1', 'dataset_consumes_1_and_2']) retrieved from /home/airflow/.local/lib/python3.7/site-packages/airflow/example_dags/example_datasets.py
[2023-04-01T02:10:31.475+0000] {logging_mixin.py:137} INFO - [2023-04-01T02:10:31.474+0000] {manager.py:504} INFO - Created Permission View: can edit on DAG:dataset_consumes_1_never_scheduled
[2023-04-01T02:10:31.486+0000] {logging_mixin.py:137} INFO - [2023-04-01T02:10:31.486+0000] {manager.py:504} INFO - Created Permission View: can read on DAG:dataset_consumes_1_never_scheduled
[2023-04-01T02:10:31.494+0000] {logging_mixin.py:137} INFO - [2023-04-01T02:10:31.494+0000] {manager.py:504} INFO - Created Permission View: can delete on DAG:dataset_consumes_1_never_scheduled
[2023-04-01T02:10:31.510+0000] {logging_mixin.py:137} INFO - [2023-04-01T02:10:31.510+0000] {manager.py:504} INFO - Created Permission View: can edit on DAG:dataset_produces_1
[2023-04-01T02:10:31.518+0000] {logging_mixin.py:137} INFO - [2023-04-01T02:10:31.518+0000] {manager.py:504} INFO - Created Permission View: can read on DAG:dataset_produces_1
[2023-04-01T02:10:31.526+0000] {logging_mixin.py:137} INFO - [2023-04-01T02:10:31.526+0000] {manager.py:504} INFO - Created Permission View: can delete on DAG:dataset_produces_1
[2023-04-01T02:10:31.543+0000] {logging_mixin.py:137} INFO - [2023-04-01T02:10:31.543+0000] {manager.py:504} INFO - Created Permission View: can edit on DAG:dataset_produces_2
[2023-04-01T02:10:31.552+0000] {logging_mixin.py:137} INFO - [2023-04-01T02:10:31.552+0000] {manager.py:504} INFO - Created Permission View: can read on DAG:dataset_produces_2
[2023-04-01T02:10:31.562+0000] {logging_mixin.py:137} INFO - [2023-04-01T02:10:31.561+0000] {manager.py:504} INFO - Created Permission View: can delete on DAG:dataset_produces_2
[2023-04-01T02:10:31.580+0000] {logging_mixin.py:137} INFO - [2023-04-01T02:10:31.580+0000] {manager.py:504} INFO - Created Permission View: can edit on DAG:dataset_consumes_unknown_never_scheduled
[2023-04-01T02:10:31.589+0000] {logging_mixin.py:137} INFO - [2023-04-01T02:10:31.588+0000] {manager.py:504} INFO - Created Permission View: can read on DAG:dataset_consumes_unknown_never_scheduled
[2023-04-01T02:10:31.597+0000] {logging_mixin.py:137} INFO - [2023-04-01T02:10:31.597+0000] {manager.py:504} INFO - Created Permission View: can delete on DAG:dataset_consumes_unknown_never_scheduled
[2023-04-01T02:10:31.613+0000] {logging_mixin.py:137} INFO - [2023-04-01T02:10:31.613+0000] {manager.py:504} INFO - Created Permission View: can edit on DAG:dataset_consumes_1
[2023-04-01T02:10:31.622+0000] {logging_mixin.py:137} INFO - [2023-04-01T02:10:31.621+0000] {manager.py:504} INFO - Created Permission View: can read on DAG:dataset_consumes_1
[2023-04-01T02:10:31.630+0000] {logging_mixin.py:137} INFO - [2023-04-01T02:10:31.630+0000] {manager.py:504} INFO - Created Permission View: can delete on DAG:dataset_consumes_1
[2023-04-01T02:10:31.646+0000] {logging_mixin.py:137} INFO - [2023-04-01T02:10:31.646+0000] {manager.py:504} INFO - Created Permission View: can edit on DAG:dataset_consumes_1_and_2
[2023-04-01T02:10:31.655+0000] {logging_mixin.py:137} INFO - [2023-04-01T02:10:31.655+0000] {manager.py:504} INFO - Created Permission View: can read on DAG:dataset_consumes_1_and_2
[2023-04-01T02:10:31.664+0000] {logging_mixin.py:137} INFO - [2023-04-01T02:10:31.663+0000] {manager.py:504} INFO - Created Permission View: can delete on DAG:dataset_consumes_1_and_2
[2023-04-01T02:10:31.664+0000] {logging_mixin.py:137} INFO - [2023-04-01T02:10:31.664+0000] {dag.py:2693} INFO - Sync 6 DAGs
[2023-04-01T02:10:31.686+0000] {logging_mixin.py:137} INFO - [2023-04-01T02:10:31.686+0000] {dag.py:2714} INFO - Creating ORM DAG for dataset_consumes_1_and_2
[2023-04-01T02:10:31.687+0000] {logging_mixin.py:137} INFO - [2023-04-01T02:10:31.686+0000] {dag.py:2714} INFO - Creating ORM DAG for dataset_produces_2
[2023-04-01T02:10:31.687+0000] {logging_mixin.py:137} INFO - [2023-04-01T02:10:31.687+0000] {dag.py:2714} INFO - Creating ORM DAG for dataset_consumes_unknown_never_scheduled
[2023-04-01T02:10:31.688+0000] {logging_mixin.py:137} INFO - [2023-04-01T02:10:31.688+0000] {dag.py:2714} INFO - Creating ORM DAG for dataset_produces_1
[2023-04-01T02:10:31.688+0000] {logging_mixin.py:137} INFO - [2023-04-01T02:10:31.688+0000] {dag.py:2714} INFO - Creating ORM DAG for dataset_consumes_1_never_scheduled
[2023-04-01T02:10:31.689+0000] {logging_mixin.py:137} INFO - [2023-04-01T02:10:31.689+0000] {dag.py:2714} INFO - Creating ORM DAG for dataset_consumes_1
[2023-04-01T02:10:31.705+0000] {logging_mixin.py:137} INFO - [2023-04-01T02:10:31.704+0000] {dag.py:3444} INFO - Setting next_dagrun for dataset_consumes_1 to None, run_after=None
[2023-04-01T02:10:31.705+0000] {logging_mixin.py:137} INFO - [2023-04-01T02:10:31.705+0000] {dag.py:3444} INFO - Setting next_dagrun for dataset_consumes_1_and_2 to None, run_after=None
[2023-04-01T02:10:31.706+0000] {logging_mixin.py:137} INFO - [2023-04-01T02:10:31.706+0000] {dag.py:3444} INFO - Setting next_dagrun for dataset_consumes_1_never_scheduled to None, run_after=None
[2023-04-01T02:10:31.707+0000] {logging_mixin.py:137} INFO - [2023-04-01T02:10:31.706+0000] {dag.py:3444} INFO - Setting next_dagrun for dataset_consumes_unknown_never_scheduled to None, run_after=None
[2023-04-01T02:10:31.709+0000] {logging_mixin.py:137} INFO - [2023-04-01T02:10:31.709+0000] {dag.py:3444} INFO - Setting next_dagrun for dataset_produces_1 to 2023-03-31T00:00:00+00:00, run_after=2023-04-01T00:00:00+00:00
[2023-04-01T02:10:31.710+0000] {logging_mixin.py:137} INFO - [2023-04-01T02:10:31.710+0000] {dag.py:3444} INFO - Setting next_dagrun for dataset_produces_2 to None, run_after=None
[2023-04-01T02:10:31.766+0000] {processor.py:175} INFO - Processing /home/airflow/.local/lib/python3.7/site-packages/airflow/example_dags/example_datasets.py took 0.488 seconds
[2023-04-01T02:11:01.871+0000] {processor.py:153} INFO - Started process (PID=91) to work on /home/airflow/.local/lib/python3.7/site-packages/airflow/example_dags/example_datasets.py
[2023-04-01T02:11:01.872+0000] {processor.py:743} INFO - Processing file /home/airflow/.local/lib/python3.7/site-packages/airflow/example_dags/example_datasets.py for tasks to queue
[2023-04-01T02:11:01.873+0000] {logging_mixin.py:137} INFO - [2023-04-01T02:11:01.873+0000] {dagbag.py:532} INFO - Filling up the DagBag from /home/airflow/.local/lib/python3.7/site-packages/airflow/example_dags/example_datasets.py
[2023-04-01T02:11:01.887+0000] {processor.py:753} INFO - DAG(s) dict_keys(['dataset_consumes_1_and_2', 'dataset_produces_1', 'dataset_produces_2', 'dataset_consumes_unknown_never_scheduled', 'dataset_consumes_1_never_scheduled', 'dataset_consumes_1']) retrieved from /home/airflow/.local/lib/python3.7/site-packages/airflow/example_dags/example_datasets.py
[2023-04-01T02:11:01.926+0000] {logging_mixin.py:137} INFO - [2023-04-01T02:11:01.926+0000] {dag.py:2693} INFO - Sync 6 DAGs
[2023-04-01T02:11:01.951+0000] {logging_mixin.py:137} INFO - [2023-04-01T02:11:01.951+0000] {dag.py:3444} INFO - Setting next_dagrun for dataset_consumes_1 to None, run_after=None
[2023-04-01T02:11:01.954+0000] {logging_mixin.py:137} INFO - [2023-04-01T02:11:01.954+0000] {dag.py:3444} INFO - Setting next_dagrun for dataset_consumes_1_and_2 to None, run_after=None
[2023-04-01T02:11:01.955+0000] {logging_mixin.py:137} INFO - [2023-04-01T02:11:01.955+0000] {dag.py:3444} INFO - Setting next_dagrun for dataset_consumes_1_never_scheduled to None, run_after=None
[2023-04-01T02:11:01.956+0000] {logging_mixin.py:137} INFO - [2023-04-01T02:11:01.956+0000] {dag.py:3444} INFO - Setting next_dagrun for dataset_consumes_unknown_never_scheduled to None, run_after=None
[2023-04-01T02:11:01.959+0000] {logging_mixin.py:137} INFO - [2023-04-01T02:11:01.959+0000] {dag.py:3444} INFO - Setting next_dagrun for dataset_produces_1 to 2023-03-31T00:00:00+00:00, run_after=2023-04-01T00:00:00+00:00
[2023-04-01T02:11:01.960+0000] {logging_mixin.py:137} INFO - [2023-04-01T02:11:01.960+0000] {dag.py:3444} INFO - Setting next_dagrun for dataset_produces_2 to None, run_after=None
[2023-04-01T02:11:01.995+0000] {processor.py:175} INFO - Processing /home/airflow/.local/lib/python3.7/site-packages/airflow/example_dags/example_datasets.py took 0.126 seconds
[2023-04-01T02:11:32.709+0000] {processor.py:153} INFO - Started process (PID=140) to work on /home/airflow/.local/lib/python3.7/site-packages/airflow/example_dags/example_datasets.py
[2023-04-01T02:11:32.710+0000] {processor.py:743} INFO - Processing file /home/airflow/.local/lib/python3.7/site-packages/airflow/example_dags/example_datasets.py for tasks to queue
[2023-04-01T02:11:32.711+0000] {logging_mixin.py:137} INFO - [2023-04-01T02:11:32.711+0000] {dagbag.py:532} INFO - Filling up the DagBag from /home/airflow/.local/lib/python3.7/site-packages/airflow/example_dags/example_datasets.py
[2023-04-01T02:11:32.724+0000] {processor.py:753} INFO - DAG(s) dict_keys(['dataset_consumes_1_and_2', 'dataset_produces_2', 'dataset_consumes_unknown_never_scheduled', 'dataset_consumes_1_never_scheduled', 'dataset_consumes_1', 'dataset_produces_1']) retrieved from /home/airflow/.local/lib/python3.7/site-packages/airflow/example_dags/example_datasets.py
[2023-04-01T02:11:32.768+0000] {logging_mixin.py:137} INFO - [2023-04-01T02:11:32.767+0000] {dag.py:2693} INFO - Sync 6 DAGs
[2023-04-01T02:11:32.792+0000] {logging_mixin.py:137} INFO - [2023-04-01T02:11:32.792+0000] {dag.py:3444} INFO - Setting next_dagrun for dataset_consumes_1 to None, run_after=None
[2023-04-01T02:11:32.795+0000] {logging_mixin.py:137} INFO - [2023-04-01T02:11:32.795+0000] {dag.py:3444} INFO - Setting next_dagrun for dataset_consumes_1_and_2 to None, run_after=None
[2023-04-01T02:11:32.796+0000] {logging_mixin.py:137} INFO - [2023-04-01T02:11:32.796+0000] {dag.py:3444} INFO - Setting next_dagrun for dataset_consumes_1_never_scheduled to None, run_after=None
[2023-04-01T02:11:32.797+0000] {logging_mixin.py:137} INFO - [2023-04-01T02:11:32.797+0000] {dag.py:3444} INFO - Setting next_dagrun for dataset_consumes_unknown_never_scheduled to None, run_after=None
[2023-04-01T02:11:32.800+0000] {logging_mixin.py:137} INFO - [2023-04-01T02:11:32.800+0000] {dag.py:3444} INFO - Setting next_dagrun for dataset_produces_1 to 2023-03-31T00:00:00+00:00, run_after=2023-04-01T00:00:00+00:00
[2023-04-01T02:11:32.801+0000] {logging_mixin.py:137} INFO - [2023-04-01T02:11:32.801+0000] {dag.py:3444} INFO - Setting next_dagrun for dataset_produces_2 to None, run_after=None
[2023-04-01T02:11:32.830+0000] {processor.py:175} INFO - Processing /home/airflow/.local/lib/python3.7/site-packages/airflow/example_dags/example_datasets.py took 0.123 seconds
[2023-04-01T02:12:03.190+0000] {processor.py:153} INFO - Started process (PID=189) to work on /home/airflow/.local/lib/python3.7/site-packages/airflow/example_dags/example_datasets.py
[2023-04-01T02:12:03.191+0000] {processor.py:743} INFO - Processing file /home/airflow/.local/lib/python3.7/site-packages/airflow/example_dags/example_datasets.py for tasks to queue
[2023-04-01T02:12:03.191+0000] {logging_mixin.py:137} INFO - [2023-04-01T02:12:03.191+0000] {dagbag.py:532} INFO - Filling up the DagBag from /home/airflow/.local/lib/python3.7/site-packages/airflow/example_dags/example_datasets.py
[2023-04-01T02:12:03.205+0000] {processor.py:753} INFO - DAG(s) dict_keys(['dataset_produces_1', 'dataset_consumes_1_and_2', 'dataset_consumes_unknown_never_scheduled', 'dataset_produces_2', 'dataset_consumes_1_never_scheduled', 'dataset_consumes_1']) retrieved from /home/airflow/.local/lib/python3.7/site-packages/airflow/example_dags/example_datasets.py
[2023-04-01T02:12:03.245+0000] {logging_mixin.py:137} INFO - [2023-04-01T02:12:03.245+0000] {dag.py:2693} INFO - Sync 6 DAGs
[2023-04-01T02:12:03.269+0000] {logging_mixin.py:137} INFO - [2023-04-01T02:12:03.268+0000] {dag.py:3444} INFO - Setting next_dagrun for dataset_consumes_1 to None, run_after=None
[2023-04-01T02:12:03.272+0000] {logging_mixin.py:137} INFO - [2023-04-01T02:12:03.271+0000] {dag.py:3444} INFO - Setting next_dagrun for dataset_consumes_1_and_2 to None, run_after=None
[2023-04-01T02:12:03.273+0000] {logging_mixin.py:137} INFO - [2023-04-01T02:12:03.273+0000] {dag.py:3444} INFO - Setting next_dagrun for dataset_consumes_1_never_scheduled to None, run_after=None
[2023-04-01T02:12:03.274+0000] {logging_mixin.py:137} INFO - [2023-04-01T02:12:03.273+0000] {dag.py:3444} INFO - Setting next_dagrun for dataset_consumes_unknown_never_scheduled to None, run_after=None
[2023-04-01T02:12:03.276+0000] {logging_mixin.py:137} INFO - [2023-04-01T02:12:03.276+0000] {dag.py:3444} INFO - Setting next_dagrun for dataset_produces_1 to 2023-03-31T00:00:00+00:00, run_after=2023-04-01T00:00:00+00:00
[2023-04-01T02:12:03.277+0000] {logging_mixin.py:137} INFO - [2023-04-01T02:12:03.277+0000] {dag.py:3444} INFO - Setting next_dagrun for dataset_produces_2 to None, run_after=None
[2023-04-01T02:12:03.307+0000] {processor.py:175} INFO - Processing /home/airflow/.local/lib/python3.7/site-packages/airflow/example_dags/example_datasets.py took 0.120 seconds
[2023-04-01T02:12:33.651+0000] {processor.py:153} INFO - Started process (PID=238) to work on /home/airflow/.local/lib/python3.7/site-packages/airflow/example_dags/example_datasets.py
[2023-04-01T02:12:33.652+0000] {processor.py:743} INFO - Processing file /home/airflow/.local/lib/python3.7/site-packages/airflow/example_dags/example_datasets.py for tasks to queue
[2023-04-01T02:12:33.652+0000] {logging_mixin.py:137} INFO - [2023-04-01T02:12:33.652+0000] {dagbag.py:532} INFO - Filling up the DagBag from /home/airflow/.local/lib/python3.7/site-packages/airflow/example_dags/example_datasets.py
[2023-04-01T02:12:33.666+0000] {processor.py:753} INFO - DAG(s) dict_keys(['dataset_produces_1', 'dataset_consumes_1_never_scheduled', 'dataset_produces_2', 'dataset_consumes_1_and_2', 'dataset_consumes_unknown_never_scheduled', 'dataset_consumes_1']) retrieved from /home/airflow/.local/lib/python3.7/site-packages/airflow/example_dags/example_datasets.py
[2023-04-01T02:12:33.706+0000] {logging_mixin.py:137} INFO - [2023-04-01T02:12:33.706+0000] {dag.py:2693} INFO - Sync 6 DAGs
[2023-04-01T02:12:33.736+0000] {logging_mixin.py:137} INFO - [2023-04-01T02:12:33.736+0000] {dag.py:3444} INFO - Setting next_dagrun for dataset_consumes_1 to None, run_after=None
[2023-04-01T02:12:33.739+0000] {logging_mixin.py:137} INFO - [2023-04-01T02:12:33.739+0000] {dag.py:3444} INFO - Setting next_dagrun for dataset_consumes_1_and_2 to None, run_after=None
[2023-04-01T02:12:33.741+0000] {logging_mixin.py:137} INFO - [2023-04-01T02:12:33.740+0000] {dag.py:3444} INFO - Setting next_dagrun for dataset_consumes_1_never_scheduled to None, run_after=None
[2023-04-01T02:12:33.742+0000] {logging_mixin.py:137} INFO - [2023-04-01T02:12:33.741+0000] {dag.py:3444} INFO - Setting next_dagrun for dataset_consumes_unknown_never_scheduled to None, run_after=None
[2023-04-01T02:12:33.744+0000] {logging_mixin.py:137} INFO - [2023-04-01T02:12:33.744+0000] {dag.py:3444} INFO - Setting next_dagrun for dataset_produces_1 to 2023-03-31T00:00:00+00:00, run_after=2023-04-01T00:00:00+00:00
[2023-04-01T02:12:33.745+0000] {logging_mixin.py:137} INFO - [2023-04-01T02:12:33.745+0000] {dag.py:3444} INFO - Setting next_dagrun for dataset_produces_2 to None, run_after=None
[2023-04-01T02:12:33.774+0000] {processor.py:175} INFO - Processing /home/airflow/.local/lib/python3.7/site-packages/airflow/example_dags/example_datasets.py took 0.125 seconds
[2023-04-01T02:13:04.149+0000] {processor.py:153} INFO - Started process (PID=287) to work on /home/airflow/.local/lib/python3.7/site-packages/airflow/example_dags/example_datasets.py
[2023-04-01T02:13:04.150+0000] {processor.py:743} INFO - Processing file /home/airflow/.local/lib/python3.7/site-packages/airflow/example_dags/example_datasets.py for tasks to queue
[2023-04-01T02:13:04.150+0000] {logging_mixin.py:137} INFO - [2023-04-01T02:13:04.150+0000] {dagbag.py:532} INFO - Filling up the DagBag from /home/airflow/.local/lib/python3.7/site-packages/airflow/example_dags/example_datasets.py
[2023-04-01T02:13:04.164+0000] {processor.py:753} INFO - DAG(s) dict_keys(['dataset_consumes_1', 'dataset_produces_1', 'dataset_consumes_unknown_never_scheduled', 'dataset_consumes_1_never_scheduled', 'dataset_consumes_1_and_2', 'dataset_produces_2']) retrieved from /home/airflow/.local/lib/python3.7/site-packages/airflow/example_dags/example_datasets.py
[2023-04-01T02:13:04.203+0000] {logging_mixin.py:137} INFO - [2023-04-01T02:13:04.203+0000] {dag.py:2693} INFO - Sync 6 DAGs
[2023-04-01T02:13:04.228+0000] {logging_mixin.py:137} INFO - [2023-04-01T02:13:04.228+0000] {dag.py:3444} INFO - Setting next_dagrun for dataset_consumes_1 to None, run_after=None
[2023-04-01T02:13:04.231+0000] {logging_mixin.py:137} INFO - [2023-04-01T02:13:04.231+0000] {dag.py:3444} INFO - Setting next_dagrun for dataset_consumes_1_and_2 to None, run_after=None
[2023-04-01T02:13:04.232+0000] {logging_mixin.py:137} INFO - [2023-04-01T02:13:04.232+0000] {dag.py:3444} INFO - Setting next_dagrun for dataset_consumes_1_never_scheduled to None, run_after=None
[2023-04-01T02:13:04.233+0000] {logging_mixin.py:137} INFO - [2023-04-01T02:13:04.233+0000] {dag.py:3444} INFO - Setting next_dagrun for dataset_consumes_unknown_never_scheduled to None, run_after=None
[2023-04-01T02:13:04.236+0000] {logging_mixin.py:137} INFO - [2023-04-01T02:13:04.236+0000] {dag.py:3444} INFO - Setting next_dagrun for dataset_produces_1 to 2023-03-31T00:00:00+00:00, run_after=2023-04-01T00:00:00+00:00
[2023-04-01T02:13:04.237+0000] {logging_mixin.py:137} INFO - [2023-04-01T02:13:04.237+0000] {dag.py:3444} INFO - Setting next_dagrun for dataset_produces_2 to None, run_after=None
[2023-04-01T02:13:04.266+0000] {processor.py:175} INFO - Processing /home/airflow/.local/lib/python3.7/site-packages/airflow/example_dags/example_datasets.py took 0.120 seconds
