[2023-04-01T02:10:35.598+0000] {processor.py:153} INFO - Started process (PID=70) to work on /home/airflow/.local/lib/python3.7/site-packages/airflow/example_dags/example_dag_decorator.py
[2023-04-01T02:10:35.599+0000] {processor.py:743} INFO - Processing file /home/airflow/.local/lib/python3.7/site-packages/airflow/example_dags/example_dag_decorator.py for tasks to queue
[2023-04-01T02:10:35.599+0000] {logging_mixin.py:137} INFO - [2023-04-01T02:10:35.599+0000] {dagbag.py:532} INFO - Filling up the DagBag from /home/airflow/.local/lib/python3.7/site-packages/airflow/example_dags/example_dag_decorator.py
[2023-04-01T02:10:35.616+0000] {logging_mixin.py:137} INFO - [2023-04-01T02:10:35.616+0000] {taskmixin.py:211} WARNING - Dependency <Task(_PythonDecoratedOperator): prepare_email>, send_email already registered for DAG: example_dag_decorator
[2023-04-01T02:10:35.616+0000] {logging_mixin.py:137} INFO - [2023-04-01T02:10:35.616+0000] {taskmixin.py:211} WARNING - Dependency <Task(EmailOperator): send_email>, prepare_email already registered for DAG: example_dag_decorator
[2023-04-01T02:10:35.627+0000] {processor.py:753} INFO - DAG(s) dict_keys(['example_dag_decorator']) retrieved from /home/airflow/.local/lib/python3.7/site-packages/airflow/example_dags/example_dag_decorator.py
[2023-04-01T02:10:35.741+0000] {logging_mixin.py:137} INFO - [2023-04-01T02:10:35.741+0000] {manager.py:504} INFO - Created Permission View: can edit on DAG:example_dag_decorator
[2023-04-01T02:10:35.749+0000] {logging_mixin.py:137} INFO - [2023-04-01T02:10:35.749+0000] {manager.py:504} INFO - Created Permission View: can read on DAG:example_dag_decorator
[2023-04-01T02:10:35.757+0000] {logging_mixin.py:137} INFO - [2023-04-01T02:10:35.756+0000] {manager.py:504} INFO - Created Permission View: can delete on DAG:example_dag_decorator
[2023-04-01T02:10:35.757+0000] {logging_mixin.py:137} INFO - [2023-04-01T02:10:35.757+0000] {dag.py:2693} INFO - Sync 1 DAGs
[2023-04-01T02:10:35.771+0000] {logging_mixin.py:137} INFO - [2023-04-01T02:10:35.771+0000] {dag.py:2714} INFO - Creating ORM DAG for example_dag_decorator
[2023-04-01T02:10:35.783+0000] {logging_mixin.py:137} INFO - [2023-04-01T02:10:35.783+0000] {dag.py:3444} INFO - Setting next_dagrun for example_dag_decorator to None, run_after=None
[2023-04-01T02:10:35.801+0000] {processor.py:175} INFO - Processing /home/airflow/.local/lib/python3.7/site-packages/airflow/example_dags/example_dag_decorator.py took 0.205 seconds
[2023-04-01T02:11:06.220+0000] {processor.py:153} INFO - Started process (PID=119) to work on /home/airflow/.local/lib/python3.7/site-packages/airflow/example_dags/example_dag_decorator.py
[2023-04-01T02:11:06.222+0000] {processor.py:743} INFO - Processing file /home/airflow/.local/lib/python3.7/site-packages/airflow/example_dags/example_dag_decorator.py for tasks to queue
[2023-04-01T02:11:06.225+0000] {logging_mixin.py:137} INFO - [2023-04-01T02:11:06.224+0000] {dagbag.py:532} INFO - Filling up the DagBag from /home/airflow/.local/lib/python3.7/site-packages/airflow/example_dags/example_dag_decorator.py
[2023-04-01T02:11:06.262+0000] {logging_mixin.py:137} INFO - [2023-04-01T02:11:06.262+0000] {taskmixin.py:211} WARNING - Dependency <Task(_PythonDecoratedOperator): prepare_email>, send_email already registered for DAG: example_dag_decorator
[2023-04-01T02:11:06.263+0000] {logging_mixin.py:137} INFO - [2023-04-01T02:11:06.263+0000] {taskmixin.py:211} WARNING - Dependency <Task(EmailOperator): send_email>, prepare_email already registered for DAG: example_dag_decorator
[2023-04-01T02:11:06.292+0000] {processor.py:753} INFO - DAG(s) dict_keys(['example_dag_decorator']) retrieved from /home/airflow/.local/lib/python3.7/site-packages/airflow/example_dags/example_dag_decorator.py
[2023-04-01T02:11:06.416+0000] {logging_mixin.py:137} INFO - [2023-04-01T02:11:06.416+0000] {dag.py:2693} INFO - Sync 1 DAGs
[2023-04-01T02:11:06.459+0000] {logging_mixin.py:137} INFO - [2023-04-01T02:11:06.459+0000] {dag.py:3444} INFO - Setting next_dagrun for example_dag_decorator to None, run_after=None
[2023-04-01T02:11:06.497+0000] {processor.py:175} INFO - Processing /home/airflow/.local/lib/python3.7/site-packages/airflow/example_dags/example_dag_decorator.py took 0.283 seconds
[2023-04-01T02:11:37.308+0000] {processor.py:153} INFO - Started process (PID=168) to work on /home/airflow/.local/lib/python3.7/site-packages/airflow/example_dags/example_dag_decorator.py
[2023-04-01T02:11:37.309+0000] {processor.py:743} INFO - Processing file /home/airflow/.local/lib/python3.7/site-packages/airflow/example_dags/example_dag_decorator.py for tasks to queue
[2023-04-01T02:11:37.309+0000] {logging_mixin.py:137} INFO - [2023-04-01T02:11:37.309+0000] {dagbag.py:532} INFO - Filling up the DagBag from /home/airflow/.local/lib/python3.7/site-packages/airflow/example_dags/example_dag_decorator.py
[2023-04-01T02:11:37.324+0000] {logging_mixin.py:137} INFO - [2023-04-01T02:11:37.324+0000] {taskmixin.py:211} WARNING - Dependency <Task(_PythonDecoratedOperator): prepare_email>, send_email already registered for DAG: example_dag_decorator
[2023-04-01T02:11:37.324+0000] {logging_mixin.py:137} INFO - [2023-04-01T02:11:37.324+0000] {taskmixin.py:211} WARNING - Dependency <Task(EmailOperator): send_email>, prepare_email already registered for DAG: example_dag_decorator
[2023-04-01T02:11:37.335+0000] {processor.py:753} INFO - DAG(s) dict_keys(['example_dag_decorator']) retrieved from /home/airflow/.local/lib/python3.7/site-packages/airflow/example_dags/example_dag_decorator.py
[2023-04-01T02:11:37.403+0000] {logging_mixin.py:137} INFO - [2023-04-01T02:11:37.403+0000] {dag.py:2693} INFO - Sync 1 DAGs
[2023-04-01T02:11:37.427+0000] {logging_mixin.py:137} INFO - [2023-04-01T02:11:37.427+0000] {dag.py:3444} INFO - Setting next_dagrun for example_dag_decorator to None, run_after=None
[2023-04-01T02:11:37.450+0000] {processor.py:175} INFO - Processing /home/airflow/.local/lib/python3.7/site-packages/airflow/example_dags/example_dag_decorator.py took 0.144 seconds
[2023-04-01T02:12:07.788+0000] {processor.py:153} INFO - Started process (PID=217) to work on /home/airflow/.local/lib/python3.7/site-packages/airflow/example_dags/example_dag_decorator.py
[2023-04-01T02:12:07.789+0000] {processor.py:743} INFO - Processing file /home/airflow/.local/lib/python3.7/site-packages/airflow/example_dags/example_dag_decorator.py for tasks to queue
[2023-04-01T02:12:07.789+0000] {logging_mixin.py:137} INFO - [2023-04-01T02:12:07.789+0000] {dagbag.py:532} INFO - Filling up the DagBag from /home/airflow/.local/lib/python3.7/site-packages/airflow/example_dags/example_dag_decorator.py
[2023-04-01T02:12:07.804+0000] {logging_mixin.py:137} INFO - [2023-04-01T02:12:07.804+0000] {taskmixin.py:211} WARNING - Dependency <Task(_PythonDecoratedOperator): prepare_email>, send_email already registered for DAG: example_dag_decorator
[2023-04-01T02:12:07.804+0000] {logging_mixin.py:137} INFO - [2023-04-01T02:12:07.804+0000] {taskmixin.py:211} WARNING - Dependency <Task(EmailOperator): send_email>, prepare_email already registered for DAG: example_dag_decorator
[2023-04-01T02:12:07.814+0000] {processor.py:753} INFO - DAG(s) dict_keys(['example_dag_decorator']) retrieved from /home/airflow/.local/lib/python3.7/site-packages/airflow/example_dags/example_dag_decorator.py
[2023-04-01T02:12:07.883+0000] {logging_mixin.py:137} INFO - [2023-04-01T02:12:07.883+0000] {dag.py:2693} INFO - Sync 1 DAGs
[2023-04-01T02:12:07.905+0000] {logging_mixin.py:137} INFO - [2023-04-01T02:12:07.905+0000] {dag.py:3444} INFO - Setting next_dagrun for example_dag_decorator to None, run_after=None
[2023-04-01T02:12:07.923+0000] {processor.py:175} INFO - Processing /home/airflow/.local/lib/python3.7/site-packages/airflow/example_dags/example_dag_decorator.py took 0.137 seconds
[2023-04-01T02:12:38.261+0000] {processor.py:153} INFO - Started process (PID=266) to work on /home/airflow/.local/lib/python3.7/site-packages/airflow/example_dags/example_dag_decorator.py
[2023-04-01T02:12:38.262+0000] {processor.py:743} INFO - Processing file /home/airflow/.local/lib/python3.7/site-packages/airflow/example_dags/example_dag_decorator.py for tasks to queue
[2023-04-01T02:12:38.262+0000] {logging_mixin.py:137} INFO - [2023-04-01T02:12:38.262+0000] {dagbag.py:532} INFO - Filling up the DagBag from /home/airflow/.local/lib/python3.7/site-packages/airflow/example_dags/example_dag_decorator.py
[2023-04-01T02:12:38.276+0000] {logging_mixin.py:137} INFO - [2023-04-01T02:12:38.276+0000] {taskmixin.py:211} WARNING - Dependency <Task(_PythonDecoratedOperator): prepare_email>, send_email already registered for DAG: example_dag_decorator
[2023-04-01T02:12:38.277+0000] {logging_mixin.py:137} INFO - [2023-04-01T02:12:38.277+0000] {taskmixin.py:211} WARNING - Dependency <Task(EmailOperator): send_email>, prepare_email already registered for DAG: example_dag_decorator
[2023-04-01T02:12:38.287+0000] {processor.py:753} INFO - DAG(s) dict_keys(['example_dag_decorator']) retrieved from /home/airflow/.local/lib/python3.7/site-packages/airflow/example_dags/example_dag_decorator.py
[2023-04-01T02:12:38.356+0000] {logging_mixin.py:137} INFO - [2023-04-01T02:12:38.356+0000] {dag.py:2693} INFO - Sync 1 DAGs
[2023-04-01T02:12:38.378+0000] {logging_mixin.py:137} INFO - [2023-04-01T02:12:38.378+0000] {dag.py:3444} INFO - Setting next_dagrun for example_dag_decorator to None, run_after=None
[2023-04-01T02:12:38.396+0000] {processor.py:175} INFO - Processing /home/airflow/.local/lib/python3.7/site-packages/airflow/example_dags/example_dag_decorator.py took 0.138 seconds
[2023-04-01T02:13:09.049+0000] {processor.py:153} INFO - Started process (PID=315) to work on /home/airflow/.local/lib/python3.7/site-packages/airflow/example_dags/example_dag_decorator.py
[2023-04-01T02:13:09.050+0000] {processor.py:743} INFO - Processing file /home/airflow/.local/lib/python3.7/site-packages/airflow/example_dags/example_dag_decorator.py for tasks to queue
[2023-04-01T02:13:09.051+0000] {logging_mixin.py:137} INFO - [2023-04-01T02:13:09.050+0000] {dagbag.py:532} INFO - Filling up the DagBag from /home/airflow/.local/lib/python3.7/site-packages/airflow/example_dags/example_dag_decorator.py
[2023-04-01T02:13:09.068+0000] {logging_mixin.py:137} INFO - [2023-04-01T02:13:09.068+0000] {taskmixin.py:211} WARNING - Dependency <Task(_PythonDecoratedOperator): prepare_email>, send_email already registered for DAG: example_dag_decorator
[2023-04-01T02:13:09.068+0000] {logging_mixin.py:137} INFO - [2023-04-01T02:13:09.068+0000] {taskmixin.py:211} WARNING - Dependency <Task(EmailOperator): send_email>, prepare_email already registered for DAG: example_dag_decorator
[2023-04-01T02:13:09.083+0000] {processor.py:753} INFO - DAG(s) dict_keys(['example_dag_decorator']) retrieved from /home/airflow/.local/lib/python3.7/site-packages/airflow/example_dags/example_dag_decorator.py
[2023-04-01T02:13:09.183+0000] {logging_mixin.py:137} INFO - [2023-04-01T02:13:09.182+0000] {dag.py:2693} INFO - Sync 1 DAGs
[2023-04-01T02:13:09.216+0000] {logging_mixin.py:137} INFO - [2023-04-01T02:13:09.216+0000] {dag.py:3444} INFO - Setting next_dagrun for example_dag_decorator to None, run_after=None
[2023-04-01T02:13:09.243+0000] {processor.py:175} INFO - Processing /home/airflow/.local/lib/python3.7/site-packages/airflow/example_dags/example_dag_decorator.py took 0.198 seconds
