[2023-04-01T02:10:31.280+0000] {processor.py:153} INFO - Started process (PID=41) to work on /home/airflow/.local/lib/python3.7/site-packages/airflow/example_dags/example_short_circuit_operator.py
[2023-04-01T02:10:31.281+0000] {processor.py:743} INFO - Processing file /home/airflow/.local/lib/python3.7/site-packages/airflow/example_dags/example_short_circuit_operator.py for tasks to queue
[2023-04-01T02:10:31.281+0000] {logging_mixin.py:137} INFO - [2023-04-01T02:10:31.281+0000] {dagbag.py:532} INFO - Filling up the DagBag from /home/airflow/.local/lib/python3.7/site-packages/airflow/example_dags/example_short_circuit_operator.py
[2023-04-01T02:10:31.306+0000] {processor.py:753} INFO - DAG(s) dict_keys(['example_short_circuit_operator']) retrieved from /home/airflow/.local/lib/python3.7/site-packages/airflow/example_dags/example_short_circuit_operator.py
[2023-04-01T02:10:31.481+0000] {logging_mixin.py:137} INFO - [2023-04-01T02:10:31.480+0000] {manager.py:504} INFO - Created Permission View: can edit on DAG:example_short_circuit_operator
[2023-04-01T02:10:31.491+0000] {logging_mixin.py:137} INFO - [2023-04-01T02:10:31.491+0000] {manager.py:504} INFO - Created Permission View: can read on DAG:example_short_circuit_operator
[2023-04-01T02:10:31.499+0000] {logging_mixin.py:137} INFO - [2023-04-01T02:10:31.499+0000] {manager.py:504} INFO - Created Permission View: can delete on DAG:example_short_circuit_operator
[2023-04-01T02:10:31.499+0000] {logging_mixin.py:137} INFO - [2023-04-01T02:10:31.499+0000] {dag.py:2693} INFO - Sync 1 DAGs
[2023-04-01T02:10:31.512+0000] {logging_mixin.py:137} INFO - [2023-04-01T02:10:31.512+0000] {dag.py:2714} INFO - Creating ORM DAG for example_short_circuit_operator
[2023-04-01T02:10:31.525+0000] {logging_mixin.py:137} INFO - [2023-04-01T02:10:31.524+0000] {dag.py:3444} INFO - Setting next_dagrun for example_short_circuit_operator to 2023-03-31T02:10:31.524685+00:00, run_after=2023-04-01T02:10:31.524685+00:00
[2023-04-01T02:10:31.543+0000] {processor.py:175} INFO - Processing /home/airflow/.local/lib/python3.7/site-packages/airflow/example_dags/example_short_circuit_operator.py took 0.270 seconds
[2023-04-01T02:11:01.770+0000] {processor.py:153} INFO - Started process (PID=90) to work on /home/airflow/.local/lib/python3.7/site-packages/airflow/example_dags/example_short_circuit_operator.py
[2023-04-01T02:11:01.771+0000] {processor.py:743} INFO - Processing file /home/airflow/.local/lib/python3.7/site-packages/airflow/example_dags/example_short_circuit_operator.py for tasks to queue
[2023-04-01T02:11:01.771+0000] {logging_mixin.py:137} INFO - [2023-04-01T02:11:01.771+0000] {dagbag.py:532} INFO - Filling up the DagBag from /home/airflow/.local/lib/python3.7/site-packages/airflow/example_dags/example_short_circuit_operator.py
[2023-04-01T02:11:01.785+0000] {processor.py:753} INFO - DAG(s) dict_keys(['example_short_circuit_operator']) retrieved from /home/airflow/.local/lib/python3.7/site-packages/airflow/example_dags/example_short_circuit_operator.py
[2023-04-01T02:11:01.815+0000] {logging_mixin.py:137} INFO - [2023-04-01T02:11:01.814+0000] {dag.py:2693} INFO - Sync 1 DAGs
[2023-04-01T02:11:01.839+0000] {logging_mixin.py:137} INFO - [2023-04-01T02:11:01.839+0000] {dag.py:3444} INFO - Setting next_dagrun for example_short_circuit_operator to 2023-03-31T02:11:01.839642+00:00, run_after=2023-04-01T02:11:01.839642+00:00
[2023-04-01T02:11:01.859+0000] {processor.py:175} INFO - Processing /home/airflow/.local/lib/python3.7/site-packages/airflow/example_dags/example_short_circuit_operator.py took 0.092 seconds
[2023-04-01T02:11:32.706+0000] {processor.py:153} INFO - Started process (PID=139) to work on /home/airflow/.local/lib/python3.7/site-packages/airflow/example_dags/example_short_circuit_operator.py
[2023-04-01T02:11:32.707+0000] {processor.py:743} INFO - Processing file /home/airflow/.local/lib/python3.7/site-packages/airflow/example_dags/example_short_circuit_operator.py for tasks to queue
[2023-04-01T02:11:32.708+0000] {logging_mixin.py:137} INFO - [2023-04-01T02:11:32.707+0000] {dagbag.py:532} INFO - Filling up the DagBag from /home/airflow/.local/lib/python3.7/site-packages/airflow/example_dags/example_short_circuit_operator.py
[2023-04-01T02:11:32.721+0000] {processor.py:753} INFO - DAG(s) dict_keys(['example_short_circuit_operator']) retrieved from /home/airflow/.local/lib/python3.7/site-packages/airflow/example_dags/example_short_circuit_operator.py
[2023-04-01T02:11:32.750+0000] {logging_mixin.py:137} INFO - [2023-04-01T02:11:32.750+0000] {dag.py:2693} INFO - Sync 1 DAGs
[2023-04-01T02:11:32.773+0000] {logging_mixin.py:137} INFO - [2023-04-01T02:11:32.773+0000] {dag.py:3444} INFO - Setting next_dagrun for example_short_circuit_operator to 2023-03-31T02:11:32.773473+00:00, run_after=2023-04-01T02:11:32.773473+00:00
[2023-04-01T02:11:32.790+0000] {processor.py:175} INFO - Processing /home/airflow/.local/lib/python3.7/site-packages/airflow/example_dags/example_short_circuit_operator.py took 0.086 seconds
[2023-04-01T02:12:03.096+0000] {processor.py:153} INFO - Started process (PID=188) to work on /home/airflow/.local/lib/python3.7/site-packages/airflow/example_dags/example_short_circuit_operator.py
[2023-04-01T02:12:03.096+0000] {processor.py:743} INFO - Processing file /home/airflow/.local/lib/python3.7/site-packages/airflow/example_dags/example_short_circuit_operator.py for tasks to queue
[2023-04-01T02:12:03.097+0000] {logging_mixin.py:137} INFO - [2023-04-01T02:12:03.097+0000] {dagbag.py:532} INFO - Filling up the DagBag from /home/airflow/.local/lib/python3.7/site-packages/airflow/example_dags/example_short_circuit_operator.py
[2023-04-01T02:12:03.113+0000] {processor.py:753} INFO - DAG(s) dict_keys(['example_short_circuit_operator']) retrieved from /home/airflow/.local/lib/python3.7/site-packages/airflow/example_dags/example_short_circuit_operator.py
[2023-04-01T02:12:03.144+0000] {logging_mixin.py:137} INFO - [2023-04-01T02:12:03.144+0000] {dag.py:2693} INFO - Sync 1 DAGs
[2023-04-01T02:12:03.167+0000] {logging_mixin.py:137} INFO - [2023-04-01T02:12:03.167+0000] {dag.py:3444} INFO - Setting next_dagrun for example_short_circuit_operator to 2023-03-31T02:12:03.167249+00:00, run_after=2023-04-01T02:12:03.167249+00:00
[2023-04-01T02:12:03.184+0000] {processor.py:175} INFO - Processing /home/airflow/.local/lib/python3.7/site-packages/airflow/example_dags/example_short_circuit_operator.py took 0.091 seconds
[2023-04-01T02:12:33.561+0000] {processor.py:153} INFO - Started process (PID=237) to work on /home/airflow/.local/lib/python3.7/site-packages/airflow/example_dags/example_short_circuit_operator.py
[2023-04-01T02:12:33.562+0000] {processor.py:743} INFO - Processing file /home/airflow/.local/lib/python3.7/site-packages/airflow/example_dags/example_short_circuit_operator.py for tasks to queue
[2023-04-01T02:12:33.563+0000] {logging_mixin.py:137} INFO - [2023-04-01T02:12:33.562+0000] {dagbag.py:532} INFO - Filling up the DagBag from /home/airflow/.local/lib/python3.7/site-packages/airflow/example_dags/example_short_circuit_operator.py
[2023-04-01T02:12:33.577+0000] {processor.py:753} INFO - DAG(s) dict_keys(['example_short_circuit_operator']) retrieved from /home/airflow/.local/lib/python3.7/site-packages/airflow/example_dags/example_short_circuit_operator.py
[2023-04-01T02:12:33.604+0000] {logging_mixin.py:137} INFO - [2023-04-01T02:12:33.604+0000] {dag.py:2693} INFO - Sync 1 DAGs
[2023-04-01T02:12:33.628+0000] {logging_mixin.py:137} INFO - [2023-04-01T02:12:33.628+0000] {dag.py:3444} INFO - Setting next_dagrun for example_short_circuit_operator to 2023-03-31T02:12:33.627853+00:00, run_after=2023-04-01T02:12:33.627853+00:00
[2023-04-01T02:12:33.644+0000] {processor.py:175} INFO - Processing /home/airflow/.local/lib/python3.7/site-packages/airflow/example_dags/example_short_circuit_operator.py took 0.086 seconds
[2023-04-01T02:13:04.146+0000] {processor.py:153} INFO - Started process (PID=286) to work on /home/airflow/.local/lib/python3.7/site-packages/airflow/example_dags/example_short_circuit_operator.py
[2023-04-01T02:13:04.146+0000] {processor.py:743} INFO - Processing file /home/airflow/.local/lib/python3.7/site-packages/airflow/example_dags/example_short_circuit_operator.py for tasks to queue
[2023-04-01T02:13:04.147+0000] {logging_mixin.py:137} INFO - [2023-04-01T02:13:04.147+0000] {dagbag.py:532} INFO - Filling up the DagBag from /home/airflow/.local/lib/python3.7/site-packages/airflow/example_dags/example_short_circuit_operator.py
[2023-04-01T02:13:04.161+0000] {processor.py:753} INFO - DAG(s) dict_keys(['example_short_circuit_operator']) retrieved from /home/airflow/.local/lib/python3.7/site-packages/airflow/example_dags/example_short_circuit_operator.py
[2023-04-01T02:13:04.189+0000] {logging_mixin.py:137} INFO - [2023-04-01T02:13:04.189+0000] {dag.py:2693} INFO - Sync 1 DAGs
[2023-04-01T02:13:04.212+0000] {logging_mixin.py:137} INFO - [2023-04-01T02:13:04.212+0000] {dag.py:3444} INFO - Setting next_dagrun for example_short_circuit_operator to 2023-03-31T02:13:04.212086+00:00, run_after=2023-04-01T02:13:04.212086+00:00
[2023-04-01T02:13:04.229+0000] {processor.py:175} INFO - Processing /home/airflow/.local/lib/python3.7/site-packages/airflow/example_dags/example_short_circuit_operator.py took 0.085 seconds
