[2023-04-01T02:10:34.625+0000] {processor.py:153} INFO - Started process (PID=64) to work on /home/airflow/.local/lib/python3.7/site-packages/airflow/example_dags/example_branch_operator.py
[2023-04-01T02:10:34.626+0000] {processor.py:743} INFO - Processing file /home/airflow/.local/lib/python3.7/site-packages/airflow/example_dags/example_branch_operator.py for tasks to queue
[2023-04-01T02:10:34.627+0000] {logging_mixin.py:137} INFO - [2023-04-01T02:10:34.627+0000] {dagbag.py:532} INFO - Filling up the DagBag from /home/airflow/.local/lib/python3.7/site-packages/airflow/example_dags/example_branch_operator.py
[2023-04-01T02:10:34.661+0000] {processor.py:753} INFO - DAG(s) dict_keys(['example_branch_operator']) retrieved from /home/airflow/.local/lib/python3.7/site-packages/airflow/example_dags/example_branch_operator.py
[2023-04-01T02:10:34.886+0000] {logging_mixin.py:137} INFO - [2023-04-01T02:10:34.886+0000] {manager.py:504} INFO - Created Permission View: can edit on DAG:example_branch_operator
[2023-04-01T02:10:34.908+0000] {logging_mixin.py:137} INFO - [2023-04-01T02:10:34.908+0000] {manager.py:504} INFO - Created Permission View: can read on DAG:example_branch_operator
[2023-04-01T02:10:34.928+0000] {logging_mixin.py:137} INFO - [2023-04-01T02:10:34.927+0000] {manager.py:504} INFO - Created Permission View: can delete on DAG:example_branch_operator
[2023-04-01T02:10:34.928+0000] {logging_mixin.py:137} INFO - [2023-04-01T02:10:34.928+0000] {dag.py:2693} INFO - Sync 1 DAGs
[2023-04-01T02:10:34.962+0000] {logging_mixin.py:137} INFO - [2023-04-01T02:10:34.962+0000] {dag.py:2714} INFO - Creating ORM DAG for example_branch_operator
[2023-04-01T02:10:34.998+0000] {logging_mixin.py:137} INFO - [2023-04-01T02:10:34.998+0000] {dag.py:3444} INFO - Setting next_dagrun for example_branch_operator to 2023-03-31T00:00:00+00:00, run_after=2023-04-01T00:00:00+00:00
[2023-04-01T02:10:35.039+0000] {processor.py:175} INFO - Processing /home/airflow/.local/lib/python3.7/site-packages/airflow/example_dags/example_branch_operator.py took 0.421 seconds
[2023-04-01T02:11:05.488+0000] {processor.py:153} INFO - Started process (PID=113) to work on /home/airflow/.local/lib/python3.7/site-packages/airflow/example_dags/example_branch_operator.py
[2023-04-01T02:11:05.489+0000] {processor.py:743} INFO - Processing file /home/airflow/.local/lib/python3.7/site-packages/airflow/example_dags/example_branch_operator.py for tasks to queue
[2023-04-01T02:11:05.490+0000] {logging_mixin.py:137} INFO - [2023-04-01T02:11:05.490+0000] {dagbag.py:532} INFO - Filling up the DagBag from /home/airflow/.local/lib/python3.7/site-packages/airflow/example_dags/example_branch_operator.py
[2023-04-01T02:11:05.512+0000] {processor.py:753} INFO - DAG(s) dict_keys(['example_branch_operator']) retrieved from /home/airflow/.local/lib/python3.7/site-packages/airflow/example_dags/example_branch_operator.py
[2023-04-01T02:11:05.560+0000] {logging_mixin.py:137} INFO - [2023-04-01T02:11:05.560+0000] {dag.py:2693} INFO - Sync 1 DAGs
[2023-04-01T02:11:05.605+0000] {logging_mixin.py:137} INFO - [2023-04-01T02:11:05.605+0000] {dag.py:3444} INFO - Setting next_dagrun for example_branch_operator to 2023-03-31T00:00:00+00:00, run_after=2023-04-01T00:00:00+00:00
[2023-04-01T02:11:05.640+0000] {processor.py:175} INFO - Processing /home/airflow/.local/lib/python3.7/site-packages/airflow/example_dags/example_branch_operator.py took 0.156 seconds
[2023-04-01T02:11:35.995+0000] {processor.py:153} INFO - Started process (PID=162) to work on /home/airflow/.local/lib/python3.7/site-packages/airflow/example_dags/example_branch_operator.py
[2023-04-01T02:11:35.996+0000] {processor.py:743} INFO - Processing file /home/airflow/.local/lib/python3.7/site-packages/airflow/example_dags/example_branch_operator.py for tasks to queue
[2023-04-01T02:11:35.996+0000] {logging_mixin.py:137} INFO - [2023-04-01T02:11:35.996+0000] {dagbag.py:532} INFO - Filling up the DagBag from /home/airflow/.local/lib/python3.7/site-packages/airflow/example_dags/example_branch_operator.py
[2023-04-01T02:11:36.010+0000] {processor.py:753} INFO - DAG(s) dict_keys(['example_branch_operator']) retrieved from /home/airflow/.local/lib/python3.7/site-packages/airflow/example_dags/example_branch_operator.py
[2023-04-01T02:11:36.042+0000] {logging_mixin.py:137} INFO - [2023-04-01T02:11:36.042+0000] {dag.py:2693} INFO - Sync 1 DAGs
[2023-04-01T02:11:36.071+0000] {logging_mixin.py:137} INFO - [2023-04-01T02:11:36.071+0000] {dag.py:3444} INFO - Setting next_dagrun for example_branch_operator to 2023-03-31T00:00:00+00:00, run_after=2023-04-01T00:00:00+00:00
[2023-04-01T02:11:36.087+0000] {processor.py:175} INFO - Processing /home/airflow/.local/lib/python3.7/site-packages/airflow/example_dags/example_branch_operator.py took 0.095 seconds
[2023-04-01T02:12:06.469+0000] {processor.py:153} INFO - Started process (PID=211) to work on /home/airflow/.local/lib/python3.7/site-packages/airflow/example_dags/example_branch_operator.py
[2023-04-01T02:12:06.470+0000] {processor.py:743} INFO - Processing file /home/airflow/.local/lib/python3.7/site-packages/airflow/example_dags/example_branch_operator.py for tasks to queue
[2023-04-01T02:12:06.470+0000] {logging_mixin.py:137} INFO - [2023-04-01T02:12:06.470+0000] {dagbag.py:532} INFO - Filling up the DagBag from /home/airflow/.local/lib/python3.7/site-packages/airflow/example_dags/example_branch_operator.py
[2023-04-01T02:12:06.486+0000] {processor.py:753} INFO - DAG(s) dict_keys(['example_branch_operator']) retrieved from /home/airflow/.local/lib/python3.7/site-packages/airflow/example_dags/example_branch_operator.py
[2023-04-01T02:12:06.514+0000] {logging_mixin.py:137} INFO - [2023-04-01T02:12:06.514+0000] {dag.py:2693} INFO - Sync 1 DAGs
[2023-04-01T02:12:06.538+0000] {logging_mixin.py:137} INFO - [2023-04-01T02:12:06.538+0000] {dag.py:3444} INFO - Setting next_dagrun for example_branch_operator to 2023-03-31T00:00:00+00:00, run_after=2023-04-01T00:00:00+00:00
[2023-04-01T02:12:06.556+0000] {processor.py:175} INFO - Processing /home/airflow/.local/lib/python3.7/site-packages/airflow/example_dags/example_branch_operator.py took 0.089 seconds
[2023-04-01T02:12:37.045+0000] {processor.py:153} INFO - Started process (PID=260) to work on /home/airflow/.local/lib/python3.7/site-packages/airflow/example_dags/example_branch_operator.py
[2023-04-01T02:12:37.045+0000] {processor.py:743} INFO - Processing file /home/airflow/.local/lib/python3.7/site-packages/airflow/example_dags/example_branch_operator.py for tasks to queue
[2023-04-01T02:12:37.046+0000] {logging_mixin.py:137} INFO - [2023-04-01T02:12:37.046+0000] {dagbag.py:532} INFO - Filling up the DagBag from /home/airflow/.local/lib/python3.7/site-packages/airflow/example_dags/example_branch_operator.py
[2023-04-01T02:12:37.061+0000] {processor.py:753} INFO - DAG(s) dict_keys(['example_branch_operator']) retrieved from /home/airflow/.local/lib/python3.7/site-packages/airflow/example_dags/example_branch_operator.py
[2023-04-01T02:12:37.090+0000] {logging_mixin.py:137} INFO - [2023-04-01T02:12:37.090+0000] {dag.py:2693} INFO - Sync 1 DAGs
[2023-04-01T02:12:37.115+0000] {logging_mixin.py:137} INFO - [2023-04-01T02:12:37.115+0000] {dag.py:3444} INFO - Setting next_dagrun for example_branch_operator to 2023-03-31T00:00:00+00:00, run_after=2023-04-01T00:00:00+00:00
[2023-04-01T02:12:37.132+0000] {processor.py:175} INFO - Processing /home/airflow/.local/lib/python3.7/site-packages/airflow/example_dags/example_branch_operator.py took 0.090 seconds
[2023-04-01T02:13:07.709+0000] {processor.py:153} INFO - Started process (PID=309) to work on /home/airflow/.local/lib/python3.7/site-packages/airflow/example_dags/example_branch_operator.py
[2023-04-01T02:13:07.710+0000] {processor.py:743} INFO - Processing file /home/airflow/.local/lib/python3.7/site-packages/airflow/example_dags/example_branch_operator.py for tasks to queue
[2023-04-01T02:13:07.711+0000] {logging_mixin.py:137} INFO - [2023-04-01T02:13:07.711+0000] {dagbag.py:532} INFO - Filling up the DagBag from /home/airflow/.local/lib/python3.7/site-packages/airflow/example_dags/example_branch_operator.py
[2023-04-01T02:13:07.728+0000] {processor.py:753} INFO - DAG(s) dict_keys(['example_branch_operator']) retrieved from /home/airflow/.local/lib/python3.7/site-packages/airflow/example_dags/example_branch_operator.py
[2023-04-01T02:13:07.756+0000] {logging_mixin.py:137} INFO - [2023-04-01T02:13:07.756+0000] {dag.py:2693} INFO - Sync 1 DAGs
[2023-04-01T02:13:07.781+0000] {logging_mixin.py:137} INFO - [2023-04-01T02:13:07.780+0000] {dag.py:3444} INFO - Setting next_dagrun for example_branch_operator to 2023-03-31T00:00:00+00:00, run_after=2023-04-01T00:00:00+00:00
[2023-04-01T02:13:07.798+0000] {processor.py:175} INFO - Processing /home/airflow/.local/lib/python3.7/site-packages/airflow/example_dags/example_branch_operator.py took 0.094 seconds
