[2023-04-01T02:10:35.102+0000] {processor.py:153} INFO - Started process (PID=66) to work on /home/airflow/.local/lib/python3.7/site-packages/airflow/example_dags/example_task_group.py
[2023-04-01T02:10:35.102+0000] {processor.py:743} INFO - Processing file /home/airflow/.local/lib/python3.7/site-packages/airflow/example_dags/example_task_group.py for tasks to queue
[2023-04-01T02:10:35.103+0000] {logging_mixin.py:137} INFO - [2023-04-01T02:10:35.103+0000] {dagbag.py:532} INFO - Filling up the DagBag from /home/airflow/.local/lib/python3.7/site-packages/airflow/example_dags/example_task_group.py
[2023-04-01T02:10:35.126+0000] {processor.py:753} INFO - DAG(s) dict_keys(['example_task_group']) retrieved from /home/airflow/.local/lib/python3.7/site-packages/airflow/example_dags/example_task_group.py
[2023-04-01T02:10:35.253+0000] {logging_mixin.py:137} INFO - [2023-04-01T02:10:35.253+0000] {manager.py:504} INFO - Created Permission View: can edit on DAG:example_task_group
[2023-04-01T02:10:35.264+0000] {logging_mixin.py:137} INFO - [2023-04-01T02:10:35.264+0000] {manager.py:504} INFO - Created Permission View: can read on DAG:example_task_group
[2023-04-01T02:10:35.272+0000] {logging_mixin.py:137} INFO - [2023-04-01T02:10:35.272+0000] {manager.py:504} INFO - Created Permission View: can delete on DAG:example_task_group
[2023-04-01T02:10:35.272+0000] {logging_mixin.py:137} INFO - [2023-04-01T02:10:35.272+0000] {dag.py:2693} INFO - Sync 1 DAGs
[2023-04-01T02:10:35.292+0000] {logging_mixin.py:137} INFO - [2023-04-01T02:10:35.292+0000] {dag.py:2714} INFO - Creating ORM DAG for example_task_group
[2023-04-01T02:10:35.310+0000] {logging_mixin.py:137} INFO - [2023-04-01T02:10:35.310+0000] {dag.py:3444} INFO - Setting next_dagrun for example_task_group to 2023-03-31T02:10:35.309692+00:00, run_after=2023-04-01T02:10:35.309692+00:00
[2023-04-01T02:10:35.349+0000] {processor.py:175} INFO - Processing /home/airflow/.local/lib/python3.7/site-packages/airflow/example_dags/example_task_group.py took 0.250 seconds
[2023-04-01T02:11:05.675+0000] {processor.py:153} INFO - Started process (PID=115) to work on /home/airflow/.local/lib/python3.7/site-packages/airflow/example_dags/example_task_group.py
[2023-04-01T02:11:05.676+0000] {processor.py:743} INFO - Processing file /home/airflow/.local/lib/python3.7/site-packages/airflow/example_dags/example_task_group.py for tasks to queue
[2023-04-01T02:11:05.678+0000] {logging_mixin.py:137} INFO - [2023-04-01T02:11:05.677+0000] {dagbag.py:532} INFO - Filling up the DagBag from /home/airflow/.local/lib/python3.7/site-packages/airflow/example_dags/example_task_group.py
[2023-04-01T02:11:05.705+0000] {processor.py:753} INFO - DAG(s) dict_keys(['example_task_group']) retrieved from /home/airflow/.local/lib/python3.7/site-packages/airflow/example_dags/example_task_group.py
[2023-04-01T02:11:05.754+0000] {logging_mixin.py:137} INFO - [2023-04-01T02:11:05.754+0000] {dag.py:2693} INFO - Sync 1 DAGs
[2023-04-01T02:11:05.795+0000] {logging_mixin.py:137} INFO - [2023-04-01T02:11:05.795+0000] {dag.py:3444} INFO - Setting next_dagrun for example_task_group to 2023-03-31T02:11:05.794889+00:00, run_after=2023-04-01T02:11:05.794889+00:00
[2023-04-01T02:11:05.838+0000] {processor.py:175} INFO - Processing /home/airflow/.local/lib/python3.7/site-packages/airflow/example_dags/example_task_group.py took 0.167 seconds
[2023-04-01T02:11:36.103+0000] {processor.py:153} INFO - Started process (PID=164) to work on /home/airflow/.local/lib/python3.7/site-packages/airflow/example_dags/example_task_group.py
[2023-04-01T02:11:36.104+0000] {processor.py:743} INFO - Processing file /home/airflow/.local/lib/python3.7/site-packages/airflow/example_dags/example_task_group.py for tasks to queue
[2023-04-01T02:11:36.104+0000] {logging_mixin.py:137} INFO - [2023-04-01T02:11:36.104+0000] {dagbag.py:532} INFO - Filling up the DagBag from /home/airflow/.local/lib/python3.7/site-packages/airflow/example_dags/example_task_group.py
[2023-04-01T02:11:36.118+0000] {processor.py:753} INFO - DAG(s) dict_keys(['example_task_group']) retrieved from /home/airflow/.local/lib/python3.7/site-packages/airflow/example_dags/example_task_group.py
[2023-04-01T02:11:36.145+0000] {logging_mixin.py:137} INFO - [2023-04-01T02:11:36.144+0000] {dag.py:2693} INFO - Sync 1 DAGs
[2023-04-01T02:11:36.168+0000] {logging_mixin.py:137} INFO - [2023-04-01T02:11:36.168+0000] {dag.py:3444} INFO - Setting next_dagrun for example_task_group to 2023-03-31T02:11:36.168355+00:00, run_after=2023-04-01T02:11:36.168355+00:00
[2023-04-01T02:11:36.185+0000] {processor.py:175} INFO - Processing /home/airflow/.local/lib/python3.7/site-packages/airflow/example_dags/example_task_group.py took 0.084 seconds
[2023-04-01T02:12:06.574+0000] {processor.py:153} INFO - Started process (PID=213) to work on /home/airflow/.local/lib/python3.7/site-packages/airflow/example_dags/example_task_group.py
[2023-04-01T02:12:06.575+0000] {processor.py:743} INFO - Processing file /home/airflow/.local/lib/python3.7/site-packages/airflow/example_dags/example_task_group.py for tasks to queue
[2023-04-01T02:12:06.575+0000] {logging_mixin.py:137} INFO - [2023-04-01T02:12:06.575+0000] {dagbag.py:532} INFO - Filling up the DagBag from /home/airflow/.local/lib/python3.7/site-packages/airflow/example_dags/example_task_group.py
[2023-04-01T02:12:06.589+0000] {processor.py:753} INFO - DAG(s) dict_keys(['example_task_group']) retrieved from /home/airflow/.local/lib/python3.7/site-packages/airflow/example_dags/example_task_group.py
[2023-04-01T02:12:06.616+0000] {logging_mixin.py:137} INFO - [2023-04-01T02:12:06.616+0000] {dag.py:2693} INFO - Sync 1 DAGs
[2023-04-01T02:12:06.638+0000] {logging_mixin.py:137} INFO - [2023-04-01T02:12:06.638+0000] {dag.py:3444} INFO - Setting next_dagrun for example_task_group to 2023-03-31T02:12:06.638529+00:00, run_after=2023-04-01T02:12:06.638529+00:00
[2023-04-01T02:12:06.657+0000] {processor.py:175} INFO - Processing /home/airflow/.local/lib/python3.7/site-packages/airflow/example_dags/example_task_group.py took 0.086 seconds
[2023-04-01T02:12:37.148+0000] {processor.py:153} INFO - Started process (PID=262) to work on /home/airflow/.local/lib/python3.7/site-packages/airflow/example_dags/example_task_group.py
[2023-04-01T02:12:37.148+0000] {processor.py:743} INFO - Processing file /home/airflow/.local/lib/python3.7/site-packages/airflow/example_dags/example_task_group.py for tasks to queue
[2023-04-01T02:12:37.149+0000] {logging_mixin.py:137} INFO - [2023-04-01T02:12:37.149+0000] {dagbag.py:532} INFO - Filling up the DagBag from /home/airflow/.local/lib/python3.7/site-packages/airflow/example_dags/example_task_group.py
[2023-04-01T02:12:37.161+0000] {processor.py:753} INFO - DAG(s) dict_keys(['example_task_group']) retrieved from /home/airflow/.local/lib/python3.7/site-packages/airflow/example_dags/example_task_group.py
[2023-04-01T02:12:37.187+0000] {logging_mixin.py:137} INFO - [2023-04-01T02:12:37.187+0000] {dag.py:2693} INFO - Sync 1 DAGs
[2023-04-01T02:12:37.209+0000] {logging_mixin.py:137} INFO - [2023-04-01T02:12:37.209+0000] {dag.py:3444} INFO - Setting next_dagrun for example_task_group to 2023-03-31T02:12:37.209280+00:00, run_after=2023-04-01T02:12:37.209280+00:00
[2023-04-01T02:12:37.226+0000] {processor.py:175} INFO - Processing /home/airflow/.local/lib/python3.7/site-packages/airflow/example_dags/example_task_group.py took 0.080 seconds
[2023-04-01T02:13:07.815+0000] {processor.py:153} INFO - Started process (PID=311) to work on /home/airflow/.local/lib/python3.7/site-packages/airflow/example_dags/example_task_group.py
[2023-04-01T02:13:07.816+0000] {processor.py:743} INFO - Processing file /home/airflow/.local/lib/python3.7/site-packages/airflow/example_dags/example_task_group.py for tasks to queue
[2023-04-01T02:13:07.816+0000] {logging_mixin.py:137} INFO - [2023-04-01T02:13:07.816+0000] {dagbag.py:532} INFO - Filling up the DagBag from /home/airflow/.local/lib/python3.7/site-packages/airflow/example_dags/example_task_group.py
[2023-04-01T02:13:07.829+0000] {processor.py:753} INFO - DAG(s) dict_keys(['example_task_group']) retrieved from /home/airflow/.local/lib/python3.7/site-packages/airflow/example_dags/example_task_group.py
[2023-04-01T02:13:07.857+0000] {logging_mixin.py:137} INFO - [2023-04-01T02:13:07.857+0000] {dag.py:2693} INFO - Sync 1 DAGs
[2023-04-01T02:13:07.880+0000] {logging_mixin.py:137} INFO - [2023-04-01T02:13:07.880+0000] {dag.py:3444} INFO - Setting next_dagrun for example_task_group to 2023-03-31T02:13:07.880424+00:00, run_after=2023-04-01T02:13:07.880424+00:00
[2023-04-01T02:13:07.898+0000] {processor.py:175} INFO - Processing /home/airflow/.local/lib/python3.7/site-packages/airflow/example_dags/example_task_group.py took 0.086 seconds
