[2023-04-01T02:10:32.396+0000] {processor.py:153} INFO - Started process (PID=49) to work on /home/airflow/.local/lib/python3.7/site-packages/airflow/example_dags/example_local_kubernetes_executor.py
[2023-04-01T02:10:32.397+0000] {processor.py:743} INFO - Processing file /home/airflow/.local/lib/python3.7/site-packages/airflow/example_dags/example_local_kubernetes_executor.py for tasks to queue
[2023-04-01T02:10:32.398+0000] {logging_mixin.py:137} INFO - [2023-04-01T02:10:32.397+0000] {dagbag.py:532} INFO - Filling up the DagBag from /home/airflow/.local/lib/python3.7/site-packages/airflow/example_dags/example_local_kubernetes_executor.py
[2023-04-01T02:10:32.420+0000] {processor.py:753} INFO - DAG(s) dict_keys(['example_local_kubernetes_executor']) retrieved from /home/airflow/.local/lib/python3.7/site-packages/airflow/example_dags/example_local_kubernetes_executor.py
[2023-04-01T02:10:32.559+0000] {logging_mixin.py:137} INFO - [2023-04-01T02:10:32.559+0000] {manager.py:504} INFO - Created Permission View: can edit on DAG:example_local_kubernetes_executor
[2023-04-01T02:10:32.568+0000] {logging_mixin.py:137} INFO - [2023-04-01T02:10:32.568+0000] {manager.py:504} INFO - Created Permission View: can read on DAG:example_local_kubernetes_executor
[2023-04-01T02:10:32.575+0000] {logging_mixin.py:137} INFO - [2023-04-01T02:10:32.575+0000] {manager.py:504} INFO - Created Permission View: can delete on DAG:example_local_kubernetes_executor
[2023-04-01T02:10:32.575+0000] {logging_mixin.py:137} INFO - [2023-04-01T02:10:32.575+0000] {dag.py:2693} INFO - Sync 1 DAGs
[2023-04-01T02:10:32.589+0000] {logging_mixin.py:137} INFO - [2023-04-01T02:10:32.589+0000] {dag.py:2714} INFO - Creating ORM DAG for example_local_kubernetes_executor
[2023-04-01T02:10:32.600+0000] {logging_mixin.py:137} INFO - [2023-04-01T02:10:32.600+0000] {dag.py:3444} INFO - Setting next_dagrun for example_local_kubernetes_executor to None, run_after=None
[2023-04-01T02:10:32.616+0000] {processor.py:175} INFO - Processing /home/airflow/.local/lib/python3.7/site-packages/airflow/example_dags/example_local_kubernetes_executor.py took 0.222 seconds
[2023-04-01T02:11:03.564+0000] {processor.py:153} INFO - Started process (PID=98) to work on /home/airflow/.local/lib/python3.7/site-packages/airflow/example_dags/example_local_kubernetes_executor.py
[2023-04-01T02:11:03.566+0000] {processor.py:743} INFO - Processing file /home/airflow/.local/lib/python3.7/site-packages/airflow/example_dags/example_local_kubernetes_executor.py for tasks to queue
[2023-04-01T02:11:03.566+0000] {logging_mixin.py:137} INFO - [2023-04-01T02:11:03.566+0000] {dagbag.py:532} INFO - Filling up the DagBag from /home/airflow/.local/lib/python3.7/site-packages/airflow/example_dags/example_local_kubernetes_executor.py
[2023-04-01T02:11:03.600+0000] {processor.py:753} INFO - DAG(s) dict_keys(['example_local_kubernetes_executor']) retrieved from /home/airflow/.local/lib/python3.7/site-packages/airflow/example_dags/example_local_kubernetes_executor.py
[2023-04-01T02:11:03.700+0000] {logging_mixin.py:137} INFO - [2023-04-01T02:11:03.699+0000] {dag.py:2693} INFO - Sync 1 DAGs
[2023-04-01T02:11:03.777+0000] {logging_mixin.py:137} INFO - [2023-04-01T02:11:03.776+0000] {dag.py:3444} INFO - Setting next_dagrun for example_local_kubernetes_executor to None, run_after=None
[2023-04-01T02:11:03.829+0000] {processor.py:175} INFO - Processing /home/airflow/.local/lib/python3.7/site-packages/airflow/example_dags/example_local_kubernetes_executor.py took 0.269 seconds
[2023-04-01T02:11:34.240+0000] {processor.py:153} INFO - Started process (PID=147) to work on /home/airflow/.local/lib/python3.7/site-packages/airflow/example_dags/example_local_kubernetes_executor.py
[2023-04-01T02:11:34.241+0000] {processor.py:743} INFO - Processing file /home/airflow/.local/lib/python3.7/site-packages/airflow/example_dags/example_local_kubernetes_executor.py for tasks to queue
[2023-04-01T02:11:34.241+0000] {logging_mixin.py:137} INFO - [2023-04-01T02:11:34.241+0000] {dagbag.py:532} INFO - Filling up the DagBag from /home/airflow/.local/lib/python3.7/site-packages/airflow/example_dags/example_local_kubernetes_executor.py
[2023-04-01T02:11:34.262+0000] {processor.py:753} INFO - DAG(s) dict_keys(['example_local_kubernetes_executor']) retrieved from /home/airflow/.local/lib/python3.7/site-packages/airflow/example_dags/example_local_kubernetes_executor.py
[2023-04-01T02:11:34.289+0000] {logging_mixin.py:137} INFO - [2023-04-01T02:11:34.289+0000] {dag.py:2693} INFO - Sync 1 DAGs
[2023-04-01T02:11:34.313+0000] {logging_mixin.py:137} INFO - [2023-04-01T02:11:34.313+0000] {dag.py:3444} INFO - Setting next_dagrun for example_local_kubernetes_executor to None, run_after=None
[2023-04-01T02:11:34.329+0000] {processor.py:175} INFO - Processing /home/airflow/.local/lib/python3.7/site-packages/airflow/example_dags/example_local_kubernetes_executor.py took 0.091 seconds
[2023-04-01T02:12:04.701+0000] {processor.py:153} INFO - Started process (PID=196) to work on /home/airflow/.local/lib/python3.7/site-packages/airflow/example_dags/example_local_kubernetes_executor.py
[2023-04-01T02:12:04.702+0000] {processor.py:743} INFO - Processing file /home/airflow/.local/lib/python3.7/site-packages/airflow/example_dags/example_local_kubernetes_executor.py for tasks to queue
[2023-04-01T02:12:04.703+0000] {logging_mixin.py:137} INFO - [2023-04-01T02:12:04.703+0000] {dagbag.py:532} INFO - Filling up the DagBag from /home/airflow/.local/lib/python3.7/site-packages/airflow/example_dags/example_local_kubernetes_executor.py
[2023-04-01T02:12:04.724+0000] {processor.py:753} INFO - DAG(s) dict_keys(['example_local_kubernetes_executor']) retrieved from /home/airflow/.local/lib/python3.7/site-packages/airflow/example_dags/example_local_kubernetes_executor.py
[2023-04-01T02:12:04.751+0000] {logging_mixin.py:137} INFO - [2023-04-01T02:12:04.751+0000] {dag.py:2693} INFO - Sync 1 DAGs
[2023-04-01T02:12:04.773+0000] {logging_mixin.py:137} INFO - [2023-04-01T02:12:04.773+0000] {dag.py:3444} INFO - Setting next_dagrun for example_local_kubernetes_executor to None, run_after=None
[2023-04-01T02:12:04.790+0000] {processor.py:175} INFO - Processing /home/airflow/.local/lib/python3.7/site-packages/airflow/example_dags/example_local_kubernetes_executor.py took 0.091 seconds
[2023-04-01T02:12:35.159+0000] {processor.py:153} INFO - Started process (PID=245) to work on /home/airflow/.local/lib/python3.7/site-packages/airflow/example_dags/example_local_kubernetes_executor.py
[2023-04-01T02:12:35.159+0000] {processor.py:743} INFO - Processing file /home/airflow/.local/lib/python3.7/site-packages/airflow/example_dags/example_local_kubernetes_executor.py for tasks to queue
[2023-04-01T02:12:35.160+0000] {logging_mixin.py:137} INFO - [2023-04-01T02:12:35.160+0000] {dagbag.py:532} INFO - Filling up the DagBag from /home/airflow/.local/lib/python3.7/site-packages/airflow/example_dags/example_local_kubernetes_executor.py
[2023-04-01T02:12:35.181+0000] {processor.py:753} INFO - DAG(s) dict_keys(['example_local_kubernetes_executor']) retrieved from /home/airflow/.local/lib/python3.7/site-packages/airflow/example_dags/example_local_kubernetes_executor.py
[2023-04-01T02:12:35.207+0000] {logging_mixin.py:137} INFO - [2023-04-01T02:12:35.207+0000] {dag.py:2693} INFO - Sync 1 DAGs
[2023-04-01T02:12:35.231+0000] {logging_mixin.py:137} INFO - [2023-04-01T02:12:35.231+0000] {dag.py:3444} INFO - Setting next_dagrun for example_local_kubernetes_executor to None, run_after=None
[2023-04-01T02:12:35.251+0000] {processor.py:175} INFO - Processing /home/airflow/.local/lib/python3.7/site-packages/airflow/example_dags/example_local_kubernetes_executor.py took 0.095 seconds
[2023-04-01T02:13:05.758+0000] {processor.py:153} INFO - Started process (PID=294) to work on /home/airflow/.local/lib/python3.7/site-packages/airflow/example_dags/example_local_kubernetes_executor.py
[2023-04-01T02:13:05.759+0000] {processor.py:743} INFO - Processing file /home/airflow/.local/lib/python3.7/site-packages/airflow/example_dags/example_local_kubernetes_executor.py for tasks to queue
[2023-04-01T02:13:05.760+0000] {logging_mixin.py:137} INFO - [2023-04-01T02:13:05.759+0000] {dagbag.py:532} INFO - Filling up the DagBag from /home/airflow/.local/lib/python3.7/site-packages/airflow/example_dags/example_local_kubernetes_executor.py
[2023-04-01T02:13:05.781+0000] {processor.py:753} INFO - DAG(s) dict_keys(['example_local_kubernetes_executor']) retrieved from /home/airflow/.local/lib/python3.7/site-packages/airflow/example_dags/example_local_kubernetes_executor.py
[2023-04-01T02:13:05.809+0000] {logging_mixin.py:137} INFO - [2023-04-01T02:13:05.809+0000] {dag.py:2693} INFO - Sync 1 DAGs
[2023-04-01T02:13:05.832+0000] {logging_mixin.py:137} INFO - [2023-04-01T02:13:05.832+0000] {dag.py:3444} INFO - Setting next_dagrun for example_local_kubernetes_executor to None, run_after=None
[2023-04-01T02:13:05.848+0000] {processor.py:175} INFO - Processing /home/airflow/.local/lib/python3.7/site-packages/airflow/example_dags/example_local_kubernetes_executor.py took 0.093 seconds
