[2023-04-01T02:10:32.635+0000] {processor.py:153} INFO - Started process (PID=51) to work on /home/airflow/.local/lib/python3.7/site-packages/airflow/example_dags/example_python_operator.py
[2023-04-01T02:10:32.635+0000] {processor.py:743} INFO - Processing file /home/airflow/.local/lib/python3.7/site-packages/airflow/example_dags/example_python_operator.py for tasks to queue
[2023-04-01T02:10:32.636+0000] {logging_mixin.py:137} INFO - [2023-04-01T02:10:32.636+0000] {dagbag.py:532} INFO - Filling up the DagBag from /home/airflow/.local/lib/python3.7/site-packages/airflow/example_dags/example_python_operator.py
[2023-04-01T02:10:32.653+0000] {logging_mixin.py:137} INFO - [2023-04-01T02:10:32.653+0000] {taskmixin.py:211} WARNING - Dependency <Task(_PythonDecoratedOperator): print_the_context>, log_sql_query already registered for DAG: example_python_operator
[2023-04-01T02:10:32.653+0000] {logging_mixin.py:137} INFO - [2023-04-01T02:10:32.653+0000] {taskmixin.py:211} WARNING - Dependency <Task(_PythonDecoratedOperator): log_sql_query>, print_the_context already registered for DAG: example_python_operator
[2023-04-01T02:10:32.654+0000] {logging_mixin.py:137} INFO - [2023-04-01T02:10:32.653+0000] {taskmixin.py:211} WARNING - Dependency <Task(_PythonDecoratedOperator): print_the_context>, log_sql_query already registered for DAG: example_python_operator
[2023-04-01T02:10:32.654+0000] {logging_mixin.py:137} INFO - [2023-04-01T02:10:32.654+0000] {taskmixin.py:211} WARNING - Dependency <Task(_PythonDecoratedOperator): log_sql_query>, print_the_context already registered for DAG: example_python_operator
[2023-04-01T02:10:32.654+0000] {logging_mixin.py:137} INFO - [2023-04-01T02:10:32.654+0000] {taskmixin.py:211} WARNING - Dependency <Task(_PythonDecoratedOperator): print_the_context>, log_sql_query already registered for DAG: example_python_operator
[2023-04-01T02:10:32.655+0000] {logging_mixin.py:137} INFO - [2023-04-01T02:10:32.654+0000] {taskmixin.py:211} WARNING - Dependency <Task(_PythonDecoratedOperator): log_sql_query>, print_the_context already registered for DAG: example_python_operator
[2023-04-01T02:10:32.655+0000] {logging_mixin.py:137} INFO - [2023-04-01T02:10:32.655+0000] {taskmixin.py:211} WARNING - Dependency <Task(_PythonDecoratedOperator): print_the_context>, log_sql_query already registered for DAG: example_python_operator
[2023-04-01T02:10:32.655+0000] {logging_mixin.py:137} INFO - [2023-04-01T02:10:32.655+0000] {taskmixin.py:211} WARNING - Dependency <Task(_PythonDecoratedOperator): log_sql_query>, print_the_context already registered for DAG: example_python_operator
[2023-04-01T02:10:32.662+0000] {processor.py:753} INFO - DAG(s) dict_keys(['example_python_operator']) retrieved from /home/airflow/.local/lib/python3.7/site-packages/airflow/example_dags/example_python_operator.py
[2023-04-01T02:10:32.790+0000] {logging_mixin.py:137} INFO - [2023-04-01T02:10:32.790+0000] {manager.py:504} INFO - Created Permission View: can edit on DAG:example_python_operator
[2023-04-01T02:10:32.799+0000] {logging_mixin.py:137} INFO - [2023-04-01T02:10:32.799+0000] {manager.py:504} INFO - Created Permission View: can read on DAG:example_python_operator
[2023-04-01T02:10:32.805+0000] {logging_mixin.py:137} INFO - [2023-04-01T02:10:32.805+0000] {manager.py:504} INFO - Created Permission View: can delete on DAG:example_python_operator
[2023-04-01T02:10:32.805+0000] {logging_mixin.py:137} INFO - [2023-04-01T02:10:32.805+0000] {dag.py:2693} INFO - Sync 1 DAGs
[2023-04-01T02:10:32.819+0000] {logging_mixin.py:137} INFO - [2023-04-01T02:10:32.818+0000] {dag.py:2714} INFO - Creating ORM DAG for example_python_operator
[2023-04-01T02:10:32.829+0000] {logging_mixin.py:137} INFO - [2023-04-01T02:10:32.829+0000] {dag.py:3444} INFO - Setting next_dagrun for example_python_operator to None, run_after=None
[2023-04-01T02:10:32.845+0000] {processor.py:175} INFO - Processing /home/airflow/.local/lib/python3.7/site-packages/airflow/example_dags/example_python_operator.py took 0.213 seconds
[2023-04-01T02:11:03.891+0000] {processor.py:153} INFO - Started process (PID=100) to work on /home/airflow/.local/lib/python3.7/site-packages/airflow/example_dags/example_python_operator.py
[2023-04-01T02:11:03.894+0000] {processor.py:743} INFO - Processing file /home/airflow/.local/lib/python3.7/site-packages/airflow/example_dags/example_python_operator.py for tasks to queue
[2023-04-01T02:11:03.896+0000] {logging_mixin.py:137} INFO - [2023-04-01T02:11:03.896+0000] {dagbag.py:532} INFO - Filling up the DagBag from /home/airflow/.local/lib/python3.7/site-packages/airflow/example_dags/example_python_operator.py
[2023-04-01T02:11:03.947+0000] {logging_mixin.py:137} INFO - [2023-04-01T02:11:03.946+0000] {taskmixin.py:211} WARNING - Dependency <Task(_PythonDecoratedOperator): print_the_context>, log_sql_query already registered for DAG: example_python_operator
[2023-04-01T02:11:03.947+0000] {logging_mixin.py:137} INFO - [2023-04-01T02:11:03.947+0000] {taskmixin.py:211} WARNING - Dependency <Task(_PythonDecoratedOperator): log_sql_query>, print_the_context already registered for DAG: example_python_operator
[2023-04-01T02:11:03.950+0000] {logging_mixin.py:137} INFO - [2023-04-01T02:11:03.949+0000] {taskmixin.py:211} WARNING - Dependency <Task(_PythonDecoratedOperator): print_the_context>, log_sql_query already registered for DAG: example_python_operator
[2023-04-01T02:11:03.951+0000] {logging_mixin.py:137} INFO - [2023-04-01T02:11:03.950+0000] {taskmixin.py:211} WARNING - Dependency <Task(_PythonDecoratedOperator): log_sql_query>, print_the_context already registered for DAG: example_python_operator
[2023-04-01T02:11:03.953+0000] {logging_mixin.py:137} INFO - [2023-04-01T02:11:03.952+0000] {taskmixin.py:211} WARNING - Dependency <Task(_PythonDecoratedOperator): print_the_context>, log_sql_query already registered for DAG: example_python_operator
[2023-04-01T02:11:03.953+0000] {logging_mixin.py:137} INFO - [2023-04-01T02:11:03.953+0000] {taskmixin.py:211} WARNING - Dependency <Task(_PythonDecoratedOperator): log_sql_query>, print_the_context already registered for DAG: example_python_operator
[2023-04-01T02:11:03.956+0000] {logging_mixin.py:137} INFO - [2023-04-01T02:11:03.955+0000] {taskmixin.py:211} WARNING - Dependency <Task(_PythonDecoratedOperator): print_the_context>, log_sql_query already registered for DAG: example_python_operator
[2023-04-01T02:11:03.957+0000] {logging_mixin.py:137} INFO - [2023-04-01T02:11:03.956+0000] {taskmixin.py:211} WARNING - Dependency <Task(_PythonDecoratedOperator): log_sql_query>, print_the_context already registered for DAG: example_python_operator
[2023-04-01T02:11:03.977+0000] {processor.py:753} INFO - DAG(s) dict_keys(['example_python_operator']) retrieved from /home/airflow/.local/lib/python3.7/site-packages/airflow/example_dags/example_python_operator.py
[2023-04-01T02:11:04.048+0000] {logging_mixin.py:137} INFO - [2023-04-01T02:11:04.048+0000] {dag.py:2693} INFO - Sync 1 DAGs
[2023-04-01T02:11:04.101+0000] {logging_mixin.py:137} INFO - [2023-04-01T02:11:04.101+0000] {dag.py:3444} INFO - Setting next_dagrun for example_python_operator to None, run_after=None
[2023-04-01T02:11:04.137+0000] {processor.py:175} INFO - Processing /home/airflow/.local/lib/python3.7/site-packages/airflow/example_dags/example_python_operator.py took 0.255 seconds
[2023-04-01T02:11:34.345+0000] {processor.py:153} INFO - Started process (PID=149) to work on /home/airflow/.local/lib/python3.7/site-packages/airflow/example_dags/example_python_operator.py
[2023-04-01T02:11:34.346+0000] {processor.py:743} INFO - Processing file /home/airflow/.local/lib/python3.7/site-packages/airflow/example_dags/example_python_operator.py for tasks to queue
[2023-04-01T02:11:34.346+0000] {logging_mixin.py:137} INFO - [2023-04-01T02:11:34.346+0000] {dagbag.py:532} INFO - Filling up the DagBag from /home/airflow/.local/lib/python3.7/site-packages/airflow/example_dags/example_python_operator.py
[2023-04-01T02:11:34.363+0000] {logging_mixin.py:137} INFO - [2023-04-01T02:11:34.362+0000] {taskmixin.py:211} WARNING - Dependency <Task(_PythonDecoratedOperator): print_the_context>, log_sql_query already registered for DAG: example_python_operator
[2023-04-01T02:11:34.363+0000] {logging_mixin.py:137} INFO - [2023-04-01T02:11:34.363+0000] {taskmixin.py:211} WARNING - Dependency <Task(_PythonDecoratedOperator): log_sql_query>, print_the_context already registered for DAG: example_python_operator
[2023-04-01T02:11:34.363+0000] {logging_mixin.py:137} INFO - [2023-04-01T02:11:34.363+0000] {taskmixin.py:211} WARNING - Dependency <Task(_PythonDecoratedOperator): print_the_context>, log_sql_query already registered for DAG: example_python_operator
[2023-04-01T02:11:34.364+0000] {logging_mixin.py:137} INFO - [2023-04-01T02:11:34.363+0000] {taskmixin.py:211} WARNING - Dependency <Task(_PythonDecoratedOperator): log_sql_query>, print_the_context already registered for DAG: example_python_operator
[2023-04-01T02:11:34.364+0000] {logging_mixin.py:137} INFO - [2023-04-01T02:11:34.364+0000] {taskmixin.py:211} WARNING - Dependency <Task(_PythonDecoratedOperator): print_the_context>, log_sql_query already registered for DAG: example_python_operator
[2023-04-01T02:11:34.364+0000] {logging_mixin.py:137} INFO - [2023-04-01T02:11:34.364+0000] {taskmixin.py:211} WARNING - Dependency <Task(_PythonDecoratedOperator): log_sql_query>, print_the_context already registered for DAG: example_python_operator
[2023-04-01T02:11:34.365+0000] {logging_mixin.py:137} INFO - [2023-04-01T02:11:34.365+0000] {taskmixin.py:211} WARNING - Dependency <Task(_PythonDecoratedOperator): print_the_context>, log_sql_query already registered for DAG: example_python_operator
[2023-04-01T02:11:34.365+0000] {logging_mixin.py:137} INFO - [2023-04-01T02:11:34.365+0000] {taskmixin.py:211} WARNING - Dependency <Task(_PythonDecoratedOperator): log_sql_query>, print_the_context already registered for DAG: example_python_operator
[2023-04-01T02:11:34.371+0000] {processor.py:753} INFO - DAG(s) dict_keys(['example_python_operator']) retrieved from /home/airflow/.local/lib/python3.7/site-packages/airflow/example_dags/example_python_operator.py
[2023-04-01T02:11:34.399+0000] {logging_mixin.py:137} INFO - [2023-04-01T02:11:34.399+0000] {dag.py:2693} INFO - Sync 1 DAGs
[2023-04-01T02:11:34.422+0000] {logging_mixin.py:137} INFO - [2023-04-01T02:11:34.422+0000] {dag.py:3444} INFO - Setting next_dagrun for example_python_operator to None, run_after=None
[2023-04-01T02:11:34.439+0000] {processor.py:175} INFO - Processing /home/airflow/.local/lib/python3.7/site-packages/airflow/example_dags/example_python_operator.py took 0.097 seconds
[2023-04-01T02:12:04.807+0000] {processor.py:153} INFO - Started process (PID=198) to work on /home/airflow/.local/lib/python3.7/site-packages/airflow/example_dags/example_python_operator.py
[2023-04-01T02:12:04.808+0000] {processor.py:743} INFO - Processing file /home/airflow/.local/lib/python3.7/site-packages/airflow/example_dags/example_python_operator.py for tasks to queue
[2023-04-01T02:12:04.808+0000] {logging_mixin.py:137} INFO - [2023-04-01T02:12:04.808+0000] {dagbag.py:532} INFO - Filling up the DagBag from /home/airflow/.local/lib/python3.7/site-packages/airflow/example_dags/example_python_operator.py
[2023-04-01T02:12:04.825+0000] {logging_mixin.py:137} INFO - [2023-04-01T02:12:04.825+0000] {taskmixin.py:211} WARNING - Dependency <Task(_PythonDecoratedOperator): print_the_context>, log_sql_query already registered for DAG: example_python_operator
[2023-04-01T02:12:04.825+0000] {logging_mixin.py:137} INFO - [2023-04-01T02:12:04.825+0000] {taskmixin.py:211} WARNING - Dependency <Task(_PythonDecoratedOperator): log_sql_query>, print_the_context already registered for DAG: example_python_operator
[2023-04-01T02:12:04.826+0000] {logging_mixin.py:137} INFO - [2023-04-01T02:12:04.826+0000] {taskmixin.py:211} WARNING - Dependency <Task(_PythonDecoratedOperator): print_the_context>, log_sql_query already registered for DAG: example_python_operator
[2023-04-01T02:12:04.826+0000] {logging_mixin.py:137} INFO - [2023-04-01T02:12:04.826+0000] {taskmixin.py:211} WARNING - Dependency <Task(_PythonDecoratedOperator): log_sql_query>, print_the_context already registered for DAG: example_python_operator
[2023-04-01T02:12:04.827+0000] {logging_mixin.py:137} INFO - [2023-04-01T02:12:04.827+0000] {taskmixin.py:211} WARNING - Dependency <Task(_PythonDecoratedOperator): print_the_context>, log_sql_query already registered for DAG: example_python_operator
[2023-04-01T02:12:04.827+0000] {logging_mixin.py:137} INFO - [2023-04-01T02:12:04.827+0000] {taskmixin.py:211} WARNING - Dependency <Task(_PythonDecoratedOperator): log_sql_query>, print_the_context already registered for DAG: example_python_operator
[2023-04-01T02:12:04.827+0000] {logging_mixin.py:137} INFO - [2023-04-01T02:12:04.827+0000] {taskmixin.py:211} WARNING - Dependency <Task(_PythonDecoratedOperator): print_the_context>, log_sql_query already registered for DAG: example_python_operator
[2023-04-01T02:12:04.828+0000] {logging_mixin.py:137} INFO - [2023-04-01T02:12:04.828+0000] {taskmixin.py:211} WARNING - Dependency <Task(_PythonDecoratedOperator): log_sql_query>, print_the_context already registered for DAG: example_python_operator
[2023-04-01T02:12:04.834+0000] {processor.py:753} INFO - DAG(s) dict_keys(['example_python_operator']) retrieved from /home/airflow/.local/lib/python3.7/site-packages/airflow/example_dags/example_python_operator.py
[2023-04-01T02:12:04.863+0000] {logging_mixin.py:137} INFO - [2023-04-01T02:12:04.863+0000] {dag.py:2693} INFO - Sync 1 DAGs
[2023-04-01T02:12:04.886+0000] {logging_mixin.py:137} INFO - [2023-04-01T02:12:04.886+0000] {dag.py:3444} INFO - Setting next_dagrun for example_python_operator to None, run_after=None
[2023-04-01T02:12:04.902+0000] {processor.py:175} INFO - Processing /home/airflow/.local/lib/python3.7/site-packages/airflow/example_dags/example_python_operator.py took 0.098 seconds
[2023-04-01T02:12:35.268+0000] {processor.py:153} INFO - Started process (PID=247) to work on /home/airflow/.local/lib/python3.7/site-packages/airflow/example_dags/example_python_operator.py
[2023-04-01T02:12:35.269+0000] {processor.py:743} INFO - Processing file /home/airflow/.local/lib/python3.7/site-packages/airflow/example_dags/example_python_operator.py for tasks to queue
[2023-04-01T02:12:35.269+0000] {logging_mixin.py:137} INFO - [2023-04-01T02:12:35.269+0000] {dagbag.py:532} INFO - Filling up the DagBag from /home/airflow/.local/lib/python3.7/site-packages/airflow/example_dags/example_python_operator.py
[2023-04-01T02:12:35.285+0000] {logging_mixin.py:137} INFO - [2023-04-01T02:12:35.285+0000] {taskmixin.py:211} WARNING - Dependency <Task(_PythonDecoratedOperator): print_the_context>, log_sql_query already registered for DAG: example_python_operator
[2023-04-01T02:12:35.285+0000] {logging_mixin.py:137} INFO - [2023-04-01T02:12:35.285+0000] {taskmixin.py:211} WARNING - Dependency <Task(_PythonDecoratedOperator): log_sql_query>, print_the_context already registered for DAG: example_python_operator
[2023-04-01T02:12:35.286+0000] {logging_mixin.py:137} INFO - [2023-04-01T02:12:35.285+0000] {taskmixin.py:211} WARNING - Dependency <Task(_PythonDecoratedOperator): print_the_context>, log_sql_query already registered for DAG: example_python_operator
[2023-04-01T02:12:35.286+0000] {logging_mixin.py:137} INFO - [2023-04-01T02:12:35.286+0000] {taskmixin.py:211} WARNING - Dependency <Task(_PythonDecoratedOperator): log_sql_query>, print_the_context already registered for DAG: example_python_operator
[2023-04-01T02:12:35.286+0000] {logging_mixin.py:137} INFO - [2023-04-01T02:12:35.286+0000] {taskmixin.py:211} WARNING - Dependency <Task(_PythonDecoratedOperator): print_the_context>, log_sql_query already registered for DAG: example_python_operator
[2023-04-01T02:12:35.286+0000] {logging_mixin.py:137} INFO - [2023-04-01T02:12:35.286+0000] {taskmixin.py:211} WARNING - Dependency <Task(_PythonDecoratedOperator): log_sql_query>, print_the_context already registered for DAG: example_python_operator
[2023-04-01T02:12:35.287+0000] {logging_mixin.py:137} INFO - [2023-04-01T02:12:35.287+0000] {taskmixin.py:211} WARNING - Dependency <Task(_PythonDecoratedOperator): print_the_context>, log_sql_query already registered for DAG: example_python_operator
[2023-04-01T02:12:35.287+0000] {logging_mixin.py:137} INFO - [2023-04-01T02:12:35.287+0000] {taskmixin.py:211} WARNING - Dependency <Task(_PythonDecoratedOperator): log_sql_query>, print_the_context already registered for DAG: example_python_operator
[2023-04-01T02:12:35.293+0000] {processor.py:753} INFO - DAG(s) dict_keys(['example_python_operator']) retrieved from /home/airflow/.local/lib/python3.7/site-packages/airflow/example_dags/example_python_operator.py
[2023-04-01T02:12:35.324+0000] {logging_mixin.py:137} INFO - [2023-04-01T02:12:35.324+0000] {dag.py:2693} INFO - Sync 1 DAGs
[2023-04-01T02:12:35.351+0000] {logging_mixin.py:137} INFO - [2023-04-01T02:12:35.351+0000] {dag.py:3444} INFO - Setting next_dagrun for example_python_operator to None, run_after=None
[2023-04-01T02:12:35.368+0000] {processor.py:175} INFO - Processing /home/airflow/.local/lib/python3.7/site-packages/airflow/example_dags/example_python_operator.py took 0.103 seconds
[2023-04-01T02:13:05.866+0000] {processor.py:153} INFO - Started process (PID=296) to work on /home/airflow/.local/lib/python3.7/site-packages/airflow/example_dags/example_python_operator.py
[2023-04-01T02:13:05.867+0000] {processor.py:743} INFO - Processing file /home/airflow/.local/lib/python3.7/site-packages/airflow/example_dags/example_python_operator.py for tasks to queue
[2023-04-01T02:13:05.868+0000] {logging_mixin.py:137} INFO - [2023-04-01T02:13:05.868+0000] {dagbag.py:532} INFO - Filling up the DagBag from /home/airflow/.local/lib/python3.7/site-packages/airflow/example_dags/example_python_operator.py
[2023-04-01T02:13:05.885+0000] {logging_mixin.py:137} INFO - [2023-04-01T02:13:05.885+0000] {taskmixin.py:211} WARNING - Dependency <Task(_PythonDecoratedOperator): print_the_context>, log_sql_query already registered for DAG: example_python_operator
[2023-04-01T02:13:05.885+0000] {logging_mixin.py:137} INFO - [2023-04-01T02:13:05.885+0000] {taskmixin.py:211} WARNING - Dependency <Task(_PythonDecoratedOperator): log_sql_query>, print_the_context already registered for DAG: example_python_operator
[2023-04-01T02:13:05.886+0000] {logging_mixin.py:137} INFO - [2023-04-01T02:13:05.886+0000] {taskmixin.py:211} WARNING - Dependency <Task(_PythonDecoratedOperator): print_the_context>, log_sql_query already registered for DAG: example_python_operator
[2023-04-01T02:13:05.886+0000] {logging_mixin.py:137} INFO - [2023-04-01T02:13:05.886+0000] {taskmixin.py:211} WARNING - Dependency <Task(_PythonDecoratedOperator): log_sql_query>, print_the_context already registered for DAG: example_python_operator
[2023-04-01T02:13:05.886+0000] {logging_mixin.py:137} INFO - [2023-04-01T02:13:05.886+0000] {taskmixin.py:211} WARNING - Dependency <Task(_PythonDecoratedOperator): print_the_context>, log_sql_query already registered for DAG: example_python_operator
[2023-04-01T02:13:05.887+0000] {logging_mixin.py:137} INFO - [2023-04-01T02:13:05.887+0000] {taskmixin.py:211} WARNING - Dependency <Task(_PythonDecoratedOperator): log_sql_query>, print_the_context already registered for DAG: example_python_operator
[2023-04-01T02:13:05.887+0000] {logging_mixin.py:137} INFO - [2023-04-01T02:13:05.887+0000] {taskmixin.py:211} WARNING - Dependency <Task(_PythonDecoratedOperator): print_the_context>, log_sql_query already registered for DAG: example_python_operator
[2023-04-01T02:13:05.887+0000] {logging_mixin.py:137} INFO - [2023-04-01T02:13:05.887+0000] {taskmixin.py:211} WARNING - Dependency <Task(_PythonDecoratedOperator): log_sql_query>, print_the_context already registered for DAG: example_python_operator
[2023-04-01T02:13:05.895+0000] {processor.py:753} INFO - DAG(s) dict_keys(['example_python_operator']) retrieved from /home/airflow/.local/lib/python3.7/site-packages/airflow/example_dags/example_python_operator.py
[2023-04-01T02:13:05.928+0000] {logging_mixin.py:137} INFO - [2023-04-01T02:13:05.928+0000] {dag.py:2693} INFO - Sync 1 DAGs
[2023-04-01T02:13:05.957+0000] {logging_mixin.py:137} INFO - [2023-04-01T02:13:05.956+0000] {dag.py:3444} INFO - Setting next_dagrun for example_python_operator to None, run_after=None
[2023-04-01T02:13:05.974+0000] {processor.py:175} INFO - Processing /home/airflow/.local/lib/python3.7/site-packages/airflow/example_dags/example_python_operator.py took 0.110 seconds
