[2023-04-01T02:10:36.023+0000] {processor.py:153} INFO - Started process (PID=73) to work on /home/airflow/.local/lib/python3.7/site-packages/airflow/example_dags/example_trigger_controller_dag.py
[2023-04-01T02:10:36.024+0000] {processor.py:743} INFO - Processing file /home/airflow/.local/lib/python3.7/site-packages/airflow/example_dags/example_trigger_controller_dag.py for tasks to queue
[2023-04-01T02:10:36.024+0000] {logging_mixin.py:137} INFO - [2023-04-01T02:10:36.024+0000] {dagbag.py:532} INFO - Filling up the DagBag from /home/airflow/.local/lib/python3.7/site-packages/airflow/example_dags/example_trigger_controller_dag.py
[2023-04-01T02:10:36.034+0000] {processor.py:753} INFO - DAG(s) dict_keys(['example_trigger_controller_dag']) retrieved from /home/airflow/.local/lib/python3.7/site-packages/airflow/example_dags/example_trigger_controller_dag.py
[2023-04-01T02:10:36.157+0000] {logging_mixin.py:137} INFO - [2023-04-01T02:10:36.157+0000] {manager.py:504} INFO - Created Permission View: can edit on DAG:example_trigger_controller_dag
[2023-04-01T02:10:36.166+0000] {logging_mixin.py:137} INFO - [2023-04-01T02:10:36.166+0000] {manager.py:504} INFO - Created Permission View: can read on DAG:example_trigger_controller_dag
[2023-04-01T02:10:36.172+0000] {logging_mixin.py:137} INFO - [2023-04-01T02:10:36.172+0000] {manager.py:504} INFO - Created Permission View: can delete on DAG:example_trigger_controller_dag
[2023-04-01T02:10:36.173+0000] {logging_mixin.py:137} INFO - [2023-04-01T02:10:36.172+0000] {dag.py:2693} INFO - Sync 1 DAGs
[2023-04-01T02:10:36.185+0000] {logging_mixin.py:137} INFO - [2023-04-01T02:10:36.185+0000] {dag.py:2714} INFO - Creating ORM DAG for example_trigger_controller_dag
[2023-04-01T02:10:36.197+0000] {logging_mixin.py:137} INFO - [2023-04-01T02:10:36.196+0000] {dag.py:3444} INFO - Setting next_dagrun for example_trigger_controller_dag to 2021-01-01T00:00:00+00:00, run_after=2021-01-01T00:00:00+00:00
[2023-04-01T02:10:36.213+0000] {processor.py:175} INFO - Processing /home/airflow/.local/lib/python3.7/site-packages/airflow/example_dags/example_trigger_controller_dag.py took 0.192 seconds
[2023-04-01T02:11:06.667+0000] {processor.py:153} INFO - Started process (PID=122) to work on /home/airflow/.local/lib/python3.7/site-packages/airflow/example_dags/example_trigger_controller_dag.py
[2023-04-01T02:11:06.669+0000] {processor.py:743} INFO - Processing file /home/airflow/.local/lib/python3.7/site-packages/airflow/example_dags/example_trigger_controller_dag.py for tasks to queue
[2023-04-01T02:11:06.671+0000] {logging_mixin.py:137} INFO - [2023-04-01T02:11:06.671+0000] {dagbag.py:532} INFO - Filling up the DagBag from /home/airflow/.local/lib/python3.7/site-packages/airflow/example_dags/example_trigger_controller_dag.py
[2023-04-01T02:11:06.694+0000] {processor.py:753} INFO - DAG(s) dict_keys(['example_trigger_controller_dag']) retrieved from /home/airflow/.local/lib/python3.7/site-packages/airflow/example_dags/example_trigger_controller_dag.py
[2023-04-01T02:11:06.760+0000] {logging_mixin.py:137} INFO - [2023-04-01T02:11:06.759+0000] {dag.py:2693} INFO - Sync 1 DAGs
[2023-04-01T02:11:06.843+0000] {logging_mixin.py:137} INFO - [2023-04-01T02:11:06.842+0000] {dag.py:3444} INFO - Setting next_dagrun for example_trigger_controller_dag to 2021-01-01T00:00:00+00:00, run_after=2021-01-01T00:00:00+00:00
[2023-04-01T02:11:06.892+0000] {processor.py:175} INFO - Processing /home/airflow/.local/lib/python3.7/site-packages/airflow/example_dags/example_trigger_controller_dag.py took 0.232 seconds
[2023-04-01T02:11:37.524+0000] {processor.py:153} INFO - Started process (PID=171) to work on /home/airflow/.local/lib/python3.7/site-packages/airflow/example_dags/example_trigger_controller_dag.py
[2023-04-01T02:11:37.525+0000] {processor.py:743} INFO - Processing file /home/airflow/.local/lib/python3.7/site-packages/airflow/example_dags/example_trigger_controller_dag.py for tasks to queue
[2023-04-01T02:11:37.525+0000] {logging_mixin.py:137} INFO - [2023-04-01T02:11:37.525+0000] {dagbag.py:532} INFO - Filling up the DagBag from /home/airflow/.local/lib/python3.7/site-packages/airflow/example_dags/example_trigger_controller_dag.py
[2023-04-01T02:11:37.535+0000] {processor.py:753} INFO - DAG(s) dict_keys(['example_trigger_controller_dag']) retrieved from /home/airflow/.local/lib/python3.7/site-packages/airflow/example_dags/example_trigger_controller_dag.py
[2023-04-01T02:11:37.561+0000] {logging_mixin.py:137} INFO - [2023-04-01T02:11:37.561+0000] {dag.py:2693} INFO - Sync 1 DAGs
[2023-04-01T02:11:37.585+0000] {logging_mixin.py:137} INFO - [2023-04-01T02:11:37.584+0000] {dag.py:3444} INFO - Setting next_dagrun for example_trigger_controller_dag to 2021-01-01T00:00:00+00:00, run_after=2021-01-01T00:00:00+00:00
[2023-04-01T02:11:37.601+0000] {processor.py:175} INFO - Processing /home/airflow/.local/lib/python3.7/site-packages/airflow/example_dags/example_trigger_controller_dag.py took 0.079 seconds
[2023-04-01T02:12:08.001+0000] {processor.py:153} INFO - Started process (PID=220) to work on /home/airflow/.local/lib/python3.7/site-packages/airflow/example_dags/example_trigger_controller_dag.py
[2023-04-01T02:12:08.002+0000] {processor.py:743} INFO - Processing file /home/airflow/.local/lib/python3.7/site-packages/airflow/example_dags/example_trigger_controller_dag.py for tasks to queue
[2023-04-01T02:12:08.003+0000] {logging_mixin.py:137} INFO - [2023-04-01T02:12:08.003+0000] {dagbag.py:532} INFO - Filling up the DagBag from /home/airflow/.local/lib/python3.7/site-packages/airflow/example_dags/example_trigger_controller_dag.py
[2023-04-01T02:12:08.012+0000] {processor.py:753} INFO - DAG(s) dict_keys(['example_trigger_controller_dag']) retrieved from /home/airflow/.local/lib/python3.7/site-packages/airflow/example_dags/example_trigger_controller_dag.py
[2023-04-01T02:12:08.045+0000] {logging_mixin.py:137} INFO - [2023-04-01T02:12:08.045+0000] {dag.py:2693} INFO - Sync 1 DAGs
[2023-04-01T02:12:08.069+0000] {logging_mixin.py:137} INFO - [2023-04-01T02:12:08.069+0000] {dag.py:3444} INFO - Setting next_dagrun for example_trigger_controller_dag to 2021-01-01T00:00:00+00:00, run_after=2021-01-01T00:00:00+00:00
[2023-04-01T02:12:08.086+0000] {processor.py:175} INFO - Processing /home/airflow/.local/lib/python3.7/site-packages/airflow/example_dags/example_trigger_controller_dag.py took 0.088 seconds
[2023-04-01T02:12:38.492+0000] {processor.py:153} INFO - Started process (PID=269) to work on /home/airflow/.local/lib/python3.7/site-packages/airflow/example_dags/example_trigger_controller_dag.py
[2023-04-01T02:12:38.492+0000] {processor.py:743} INFO - Processing file /home/airflow/.local/lib/python3.7/site-packages/airflow/example_dags/example_trigger_controller_dag.py for tasks to queue
[2023-04-01T02:12:38.493+0000] {logging_mixin.py:137} INFO - [2023-04-01T02:12:38.493+0000] {dagbag.py:532} INFO - Filling up the DagBag from /home/airflow/.local/lib/python3.7/site-packages/airflow/example_dags/example_trigger_controller_dag.py
[2023-04-01T02:12:38.502+0000] {processor.py:753} INFO - DAG(s) dict_keys(['example_trigger_controller_dag']) retrieved from /home/airflow/.local/lib/python3.7/site-packages/airflow/example_dags/example_trigger_controller_dag.py
[2023-04-01T02:12:38.529+0000] {logging_mixin.py:137} INFO - [2023-04-01T02:12:38.529+0000] {dag.py:2693} INFO - Sync 1 DAGs
[2023-04-01T02:12:38.553+0000] {logging_mixin.py:137} INFO - [2023-04-01T02:12:38.553+0000] {dag.py:3444} INFO - Setting next_dagrun for example_trigger_controller_dag to 2021-01-01T00:00:00+00:00, run_after=2021-01-01T00:00:00+00:00
[2023-04-01T02:12:38.570+0000] {processor.py:175} INFO - Processing /home/airflow/.local/lib/python3.7/site-packages/airflow/example_dags/example_trigger_controller_dag.py took 0.081 seconds
[2023-04-01T02:13:09.345+0000] {processor.py:153} INFO - Started process (PID=318) to work on /home/airflow/.local/lib/python3.7/site-packages/airflow/example_dags/example_trigger_controller_dag.py
[2023-04-01T02:13:09.346+0000] {processor.py:743} INFO - Processing file /home/airflow/.local/lib/python3.7/site-packages/airflow/example_dags/example_trigger_controller_dag.py for tasks to queue
[2023-04-01T02:13:09.347+0000] {logging_mixin.py:137} INFO - [2023-04-01T02:13:09.346+0000] {dagbag.py:532} INFO - Filling up the DagBag from /home/airflow/.local/lib/python3.7/site-packages/airflow/example_dags/example_trigger_controller_dag.py
[2023-04-01T02:13:09.361+0000] {processor.py:753} INFO - DAG(s) dict_keys(['example_trigger_controller_dag']) retrieved from /home/airflow/.local/lib/python3.7/site-packages/airflow/example_dags/example_trigger_controller_dag.py
[2023-04-01T02:13:09.394+0000] {logging_mixin.py:137} INFO - [2023-04-01T02:13:09.394+0000] {dag.py:2693} INFO - Sync 1 DAGs
[2023-04-01T02:13:09.423+0000] {logging_mixin.py:137} INFO - [2023-04-01T02:13:09.423+0000] {dag.py:3444} INFO - Setting next_dagrun for example_trigger_controller_dag to 2021-01-01T00:00:00+00:00, run_after=2021-01-01T00:00:00+00:00
[2023-04-01T02:13:09.451+0000] {processor.py:175} INFO - Processing /home/airflow/.local/lib/python3.7/site-packages/airflow/example_dags/example_trigger_controller_dag.py took 0.109 seconds
