[2023-04-01T02:10:32.092+0000] {processor.py:153} INFO - Started process (PID=47) to work on /home/airflow/.local/lib/python3.7/site-packages/airflow/example_dags/example_bash_operator.py
[2023-04-01T02:10:32.094+0000] {processor.py:743} INFO - Processing file /home/airflow/.local/lib/python3.7/site-packages/airflow/example_dags/example_bash_operator.py for tasks to queue
[2023-04-01T02:10:32.095+0000] {logging_mixin.py:137} INFO - [2023-04-01T02:10:32.095+0000] {dagbag.py:532} INFO - Filling up the DagBag from /home/airflow/.local/lib/python3.7/site-packages/airflow/example_dags/example_bash_operator.py
[2023-04-01T02:10:32.116+0000] {processor.py:753} INFO - DAG(s) dict_keys(['example_bash_operator']) retrieved from /home/airflow/.local/lib/python3.7/site-packages/airflow/example_dags/example_bash_operator.py
[2023-04-01T02:10:32.253+0000] {logging_mixin.py:137} INFO - [2023-04-01T02:10:32.253+0000] {manager.py:504} INFO - Created Permission View: can edit on DAG:example_bash_operator
[2023-04-01T02:10:32.261+0000] {logging_mixin.py:137} INFO - [2023-04-01T02:10:32.261+0000] {manager.py:504} INFO - Created Permission View: can read on DAG:example_bash_operator
[2023-04-01T02:10:32.268+0000] {logging_mixin.py:137} INFO - [2023-04-01T02:10:32.268+0000] {manager.py:504} INFO - Created Permission View: can delete on DAG:example_bash_operator
[2023-04-01T02:10:32.268+0000] {logging_mixin.py:137} INFO - [2023-04-01T02:10:32.268+0000] {dag.py:2693} INFO - Sync 1 DAGs
[2023-04-01T02:10:32.284+0000] {logging_mixin.py:137} INFO - [2023-04-01T02:10:32.284+0000] {dag.py:2714} INFO - Creating ORM DAG for example_bash_operator
[2023-04-01T02:10:32.303+0000] {logging_mixin.py:137} INFO - [2023-04-01T02:10:32.303+0000] {dag.py:3444} INFO - Setting next_dagrun for example_bash_operator to 2023-03-31T00:00:00+00:00, run_after=2023-04-01T00:00:00+00:00
[2023-04-01T02:10:32.321+0000] {processor.py:175} INFO - Processing /home/airflow/.local/lib/python3.7/site-packages/airflow/example_dags/example_bash_operator.py took 0.234 seconds
[2023-04-01T02:11:03.395+0000] {processor.py:153} INFO - Started process (PID=96) to work on /home/airflow/.local/lib/python3.7/site-packages/airflow/example_dags/example_bash_operator.py
[2023-04-01T02:11:03.396+0000] {processor.py:743} INFO - Processing file /home/airflow/.local/lib/python3.7/site-packages/airflow/example_dags/example_bash_operator.py for tasks to queue
[2023-04-01T02:11:03.396+0000] {logging_mixin.py:137} INFO - [2023-04-01T02:11:03.396+0000] {dagbag.py:532} INFO - Filling up the DagBag from /home/airflow/.local/lib/python3.7/site-packages/airflow/example_dags/example_bash_operator.py
[2023-04-01T02:11:03.420+0000] {processor.py:753} INFO - DAG(s) dict_keys(['example_bash_operator']) retrieved from /home/airflow/.local/lib/python3.7/site-packages/airflow/example_dags/example_bash_operator.py
[2023-04-01T02:11:03.468+0000] {logging_mixin.py:137} INFO - [2023-04-01T02:11:03.467+0000] {dag.py:2693} INFO - Sync 1 DAGs
[2023-04-01T02:11:03.536+0000] {logging_mixin.py:137} INFO - [2023-04-01T02:11:03.535+0000] {dag.py:3444} INFO - Setting next_dagrun for example_bash_operator to 2023-03-31T00:00:00+00:00, run_after=2023-04-01T00:00:00+00:00
[2023-04-01T02:11:03.576+0000] {processor.py:175} INFO - Processing /home/airflow/.local/lib/python3.7/site-packages/airflow/example_dags/example_bash_operator.py took 0.183 seconds
[2023-04-01T02:11:34.145+0000] {processor.py:153} INFO - Started process (PID=145) to work on /home/airflow/.local/lib/python3.7/site-packages/airflow/example_dags/example_bash_operator.py
[2023-04-01T02:11:34.145+0000] {processor.py:743} INFO - Processing file /home/airflow/.local/lib/python3.7/site-packages/airflow/example_dags/example_bash_operator.py for tasks to queue
[2023-04-01T02:11:34.146+0000] {logging_mixin.py:137} INFO - [2023-04-01T02:11:34.146+0000] {dagbag.py:532} INFO - Filling up the DagBag from /home/airflow/.local/lib/python3.7/site-packages/airflow/example_dags/example_bash_operator.py
[2023-04-01T02:11:34.165+0000] {processor.py:753} INFO - DAG(s) dict_keys(['example_bash_operator']) retrieved from /home/airflow/.local/lib/python3.7/site-packages/airflow/example_dags/example_bash_operator.py
[2023-04-01T02:11:34.217+0000] {logging_mixin.py:137} INFO - [2023-04-01T02:11:34.217+0000] {dag.py:2693} INFO - Sync 1 DAGs
[2023-04-01T02:11:34.242+0000] {logging_mixin.py:137} INFO - [2023-04-01T02:11:34.242+0000] {dag.py:3444} INFO - Setting next_dagrun for example_bash_operator to 2023-03-31T00:00:00+00:00, run_after=2023-04-01T00:00:00+00:00
[2023-04-01T02:11:34.258+0000] {processor.py:175} INFO - Processing /home/airflow/.local/lib/python3.7/site-packages/airflow/example_dags/example_bash_operator.py took 0.116 seconds
[2023-04-01T02:12:04.602+0000] {processor.py:153} INFO - Started process (PID=194) to work on /home/airflow/.local/lib/python3.7/site-packages/airflow/example_dags/example_bash_operator.py
[2023-04-01T02:12:04.603+0000] {processor.py:743} INFO - Processing file /home/airflow/.local/lib/python3.7/site-packages/airflow/example_dags/example_bash_operator.py for tasks to queue
[2023-04-01T02:12:04.603+0000] {logging_mixin.py:137} INFO - [2023-04-01T02:12:04.603+0000] {dagbag.py:532} INFO - Filling up the DagBag from /home/airflow/.local/lib/python3.7/site-packages/airflow/example_dags/example_bash_operator.py
[2023-04-01T02:12:04.623+0000] {processor.py:753} INFO - DAG(s) dict_keys(['example_bash_operator']) retrieved from /home/airflow/.local/lib/python3.7/site-packages/airflow/example_dags/example_bash_operator.py
[2023-04-01T02:12:04.663+0000] {logging_mixin.py:137} INFO - [2023-04-01T02:12:04.662+0000] {dag.py:2693} INFO - Sync 1 DAGs
[2023-04-01T02:12:04.688+0000] {logging_mixin.py:137} INFO - [2023-04-01T02:12:04.688+0000] {dag.py:3444} INFO - Setting next_dagrun for example_bash_operator to 2023-03-31T00:00:00+00:00, run_after=2023-04-01T00:00:00+00:00
[2023-04-01T02:12:04.705+0000] {processor.py:175} INFO - Processing /home/airflow/.local/lib/python3.7/site-packages/airflow/example_dags/example_bash_operator.py took 0.106 seconds
[2023-04-01T02:12:35.062+0000] {processor.py:153} INFO - Started process (PID=243) to work on /home/airflow/.local/lib/python3.7/site-packages/airflow/example_dags/example_bash_operator.py
[2023-04-01T02:12:35.062+0000] {processor.py:743} INFO - Processing file /home/airflow/.local/lib/python3.7/site-packages/airflow/example_dags/example_bash_operator.py for tasks to queue
[2023-04-01T02:12:35.063+0000] {logging_mixin.py:137} INFO - [2023-04-01T02:12:35.063+0000] {dagbag.py:532} INFO - Filling up the DagBag from /home/airflow/.local/lib/python3.7/site-packages/airflow/example_dags/example_bash_operator.py
[2023-04-01T02:12:35.082+0000] {processor.py:753} INFO - DAG(s) dict_keys(['example_bash_operator']) retrieved from /home/airflow/.local/lib/python3.7/site-packages/airflow/example_dags/example_bash_operator.py
[2023-04-01T02:12:35.122+0000] {logging_mixin.py:137} INFO - [2023-04-01T02:12:35.122+0000] {dag.py:2693} INFO - Sync 1 DAGs
[2023-04-01T02:12:35.148+0000] {logging_mixin.py:137} INFO - [2023-04-01T02:12:35.148+0000] {dag.py:3444} INFO - Setting next_dagrun for example_bash_operator to 2023-03-31T00:00:00+00:00, run_after=2023-04-01T00:00:00+00:00
[2023-04-01T02:12:35.165+0000] {processor.py:175} INFO - Processing /home/airflow/.local/lib/python3.7/site-packages/airflow/example_dags/example_bash_operator.py took 0.106 seconds
[2023-04-01T02:13:05.660+0000] {processor.py:153} INFO - Started process (PID=292) to work on /home/airflow/.local/lib/python3.7/site-packages/airflow/example_dags/example_bash_operator.py
[2023-04-01T02:13:05.660+0000] {processor.py:743} INFO - Processing file /home/airflow/.local/lib/python3.7/site-packages/airflow/example_dags/example_bash_operator.py for tasks to queue
[2023-04-01T02:13:05.661+0000] {logging_mixin.py:137} INFO - [2023-04-01T02:13:05.661+0000] {dagbag.py:532} INFO - Filling up the DagBag from /home/airflow/.local/lib/python3.7/site-packages/airflow/example_dags/example_bash_operator.py
[2023-04-01T02:13:05.680+0000] {processor.py:753} INFO - DAG(s) dict_keys(['example_bash_operator']) retrieved from /home/airflow/.local/lib/python3.7/site-packages/airflow/example_dags/example_bash_operator.py
[2023-04-01T02:13:05.721+0000] {logging_mixin.py:137} INFO - [2023-04-01T02:13:05.721+0000] {dag.py:2693} INFO - Sync 1 DAGs
[2023-04-01T02:13:05.746+0000] {logging_mixin.py:137} INFO - [2023-04-01T02:13:05.746+0000] {dag.py:3444} INFO - Setting next_dagrun for example_bash_operator to 2023-03-31T00:00:00+00:00, run_after=2023-04-01T00:00:00+00:00
[2023-04-01T02:13:05.764+0000] {processor.py:175} INFO - Processing /home/airflow/.local/lib/python3.7/site-packages/airflow/example_dags/example_bash_operator.py took 0.107 seconds
