[2023-04-01T02:10:36.230+0000] {processor.py:153} INFO - Started process (PID=75) to work on /home/airflow/.local/lib/python3.7/site-packages/airflow/example_dags/example_kubernetes_executor.py
[2023-04-01T02:10:36.231+0000] {processor.py:743} INFO - Processing file /home/airflow/.local/lib/python3.7/site-packages/airflow/example_dags/example_kubernetes_executor.py for tasks to queue
[2023-04-01T02:10:36.231+0000] {logging_mixin.py:137} INFO - [2023-04-01T02:10:36.231+0000] {dagbag.py:532} INFO - Filling up the DagBag from /home/airflow/.local/lib/python3.7/site-packages/airflow/example_dags/example_kubernetes_executor.py
[2023-04-01T02:10:36.260+0000] {processor.py:753} INFO - DAG(s) dict_keys(['example_kubernetes_executor']) retrieved from /home/airflow/.local/lib/python3.7/site-packages/airflow/example_dags/example_kubernetes_executor.py
[2023-04-01T02:10:36.386+0000] {logging_mixin.py:137} INFO - [2023-04-01T02:10:36.386+0000] {manager.py:504} INFO - Created Permission View: can edit on DAG:example_kubernetes_executor
[2023-04-01T02:10:36.397+0000] {logging_mixin.py:137} INFO - [2023-04-01T02:10:36.397+0000] {manager.py:504} INFO - Created Permission View: can read on DAG:example_kubernetes_executor
[2023-04-01T02:10:36.403+0000] {logging_mixin.py:137} INFO - [2023-04-01T02:10:36.403+0000] {manager.py:504} INFO - Created Permission View: can delete on DAG:example_kubernetes_executor
[2023-04-01T02:10:36.403+0000] {logging_mixin.py:137} INFO - [2023-04-01T02:10:36.403+0000] {dag.py:2693} INFO - Sync 1 DAGs
[2023-04-01T02:10:36.415+0000] {logging_mixin.py:137} INFO - [2023-04-01T02:10:36.415+0000] {dag.py:2714} INFO - Creating ORM DAG for example_kubernetes_executor
[2023-04-01T02:10:36.424+0000] {logging_mixin.py:137} INFO - [2023-04-01T02:10:36.424+0000] {dag.py:3444} INFO - Setting next_dagrun for example_kubernetes_executor to None, run_after=None
[2023-04-01T02:10:36.439+0000] {processor.py:175} INFO - Processing /home/airflow/.local/lib/python3.7/site-packages/airflow/example_dags/example_kubernetes_executor.py took 0.212 seconds
[2023-04-01T02:11:06.934+0000] {processor.py:153} INFO - Started process (PID=124) to work on /home/airflow/.local/lib/python3.7/site-packages/airflow/example_dags/example_kubernetes_executor.py
[2023-04-01T02:11:06.935+0000] {processor.py:743} INFO - Processing file /home/airflow/.local/lib/python3.7/site-packages/airflow/example_dags/example_kubernetes_executor.py for tasks to queue
[2023-04-01T02:11:06.937+0000] {logging_mixin.py:137} INFO - [2023-04-01T02:11:06.937+0000] {dagbag.py:532} INFO - Filling up the DagBag from /home/airflow/.local/lib/python3.7/site-packages/airflow/example_dags/example_kubernetes_executor.py
[2023-04-01T02:11:07.005+0000] {processor.py:753} INFO - DAG(s) dict_keys(['example_kubernetes_executor']) retrieved from /home/airflow/.local/lib/python3.7/site-packages/airflow/example_dags/example_kubernetes_executor.py
[2023-04-01T02:11:07.086+0000] {logging_mixin.py:137} INFO - [2023-04-01T02:11:07.085+0000] {dag.py:2693} INFO - Sync 1 DAGs
[2023-04-01T02:11:07.130+0000] {logging_mixin.py:137} INFO - [2023-04-01T02:11:07.130+0000] {dag.py:3444} INFO - Setting next_dagrun for example_kubernetes_executor to None, run_after=None
[2023-04-01T02:11:07.177+0000] {processor.py:175} INFO - Processing /home/airflow/.local/lib/python3.7/site-packages/airflow/example_dags/example_kubernetes_executor.py took 0.248 seconds
[2023-04-01T02:11:37.617+0000] {processor.py:153} INFO - Started process (PID=173) to work on /home/airflow/.local/lib/python3.7/site-packages/airflow/example_dags/example_kubernetes_executor.py
[2023-04-01T02:11:37.618+0000] {processor.py:743} INFO - Processing file /home/airflow/.local/lib/python3.7/site-packages/airflow/example_dags/example_kubernetes_executor.py for tasks to queue
[2023-04-01T02:11:37.618+0000] {logging_mixin.py:137} INFO - [2023-04-01T02:11:37.618+0000] {dagbag.py:532} INFO - Filling up the DagBag from /home/airflow/.local/lib/python3.7/site-packages/airflow/example_dags/example_kubernetes_executor.py
[2023-04-01T02:11:37.653+0000] {processor.py:753} INFO - DAG(s) dict_keys(['example_kubernetes_executor']) retrieved from /home/airflow/.local/lib/python3.7/site-packages/airflow/example_dags/example_kubernetes_executor.py
[2023-04-01T02:11:37.683+0000] {logging_mixin.py:137} INFO - [2023-04-01T02:11:37.683+0000] {dag.py:2693} INFO - Sync 1 DAGs
[2023-04-01T02:11:37.707+0000] {logging_mixin.py:137} INFO - [2023-04-01T02:11:37.707+0000] {dag.py:3444} INFO - Setting next_dagrun for example_kubernetes_executor to None, run_after=None
[2023-04-01T02:11:37.723+0000] {processor.py:175} INFO - Processing /home/airflow/.local/lib/python3.7/site-packages/airflow/example_dags/example_kubernetes_executor.py took 0.109 seconds
[2023-04-01T02:12:08.102+0000] {processor.py:153} INFO - Started process (PID=222) to work on /home/airflow/.local/lib/python3.7/site-packages/airflow/example_dags/example_kubernetes_executor.py
[2023-04-01T02:12:08.103+0000] {processor.py:743} INFO - Processing file /home/airflow/.local/lib/python3.7/site-packages/airflow/example_dags/example_kubernetes_executor.py for tasks to queue
[2023-04-01T02:12:08.104+0000] {logging_mixin.py:137} INFO - [2023-04-01T02:12:08.103+0000] {dagbag.py:532} INFO - Filling up the DagBag from /home/airflow/.local/lib/python3.7/site-packages/airflow/example_dags/example_kubernetes_executor.py
[2023-04-01T02:12:08.128+0000] {processor.py:753} INFO - DAG(s) dict_keys(['example_kubernetes_executor']) retrieved from /home/airflow/.local/lib/python3.7/site-packages/airflow/example_dags/example_kubernetes_executor.py
[2023-04-01T02:12:08.159+0000] {logging_mixin.py:137} INFO - [2023-04-01T02:12:08.159+0000] {dag.py:2693} INFO - Sync 1 DAGs
[2023-04-01T02:12:08.184+0000] {logging_mixin.py:137} INFO - [2023-04-01T02:12:08.183+0000] {dag.py:3444} INFO - Setting next_dagrun for example_kubernetes_executor to None, run_after=None
[2023-04-01T02:12:08.201+0000] {processor.py:175} INFO - Processing /home/airflow/.local/lib/python3.7/site-packages/airflow/example_dags/example_kubernetes_executor.py took 0.101 seconds
[2023-04-01T02:12:38.585+0000] {processor.py:153} INFO - Started process (PID=271) to work on /home/airflow/.local/lib/python3.7/site-packages/airflow/example_dags/example_kubernetes_executor.py
[2023-04-01T02:12:38.585+0000] {processor.py:743} INFO - Processing file /home/airflow/.local/lib/python3.7/site-packages/airflow/example_dags/example_kubernetes_executor.py for tasks to queue
[2023-04-01T02:12:38.586+0000] {logging_mixin.py:137} INFO - [2023-04-01T02:12:38.586+0000] {dagbag.py:532} INFO - Filling up the DagBag from /home/airflow/.local/lib/python3.7/site-packages/airflow/example_dags/example_kubernetes_executor.py
[2023-04-01T02:12:38.612+0000] {processor.py:753} INFO - DAG(s) dict_keys(['example_kubernetes_executor']) retrieved from /home/airflow/.local/lib/python3.7/site-packages/airflow/example_dags/example_kubernetes_executor.py
[2023-04-01T02:12:38.647+0000] {logging_mixin.py:137} INFO - [2023-04-01T02:12:38.647+0000] {dag.py:2693} INFO - Sync 1 DAGs
[2023-04-01T02:12:38.671+0000] {logging_mixin.py:137} INFO - [2023-04-01T02:12:38.671+0000] {dag.py:3444} INFO - Setting next_dagrun for example_kubernetes_executor to None, run_after=None
[2023-04-01T02:12:38.687+0000] {processor.py:175} INFO - Processing /home/airflow/.local/lib/python3.7/site-packages/airflow/example_dags/example_kubernetes_executor.py took 0.105 seconds
[2023-04-01T02:13:09.467+0000] {processor.py:153} INFO - Started process (PID=320) to work on /home/airflow/.local/lib/python3.7/site-packages/airflow/example_dags/example_kubernetes_executor.py
[2023-04-01T02:13:09.468+0000] {processor.py:743} INFO - Processing file /home/airflow/.local/lib/python3.7/site-packages/airflow/example_dags/example_kubernetes_executor.py for tasks to queue
[2023-04-01T02:13:09.469+0000] {logging_mixin.py:137} INFO - [2023-04-01T02:13:09.469+0000] {dagbag.py:532} INFO - Filling up the DagBag from /home/airflow/.local/lib/python3.7/site-packages/airflow/example_dags/example_kubernetes_executor.py
[2023-04-01T02:13:09.495+0000] {processor.py:753} INFO - DAG(s) dict_keys(['example_kubernetes_executor']) retrieved from /home/airflow/.local/lib/python3.7/site-packages/airflow/example_dags/example_kubernetes_executor.py
[2023-04-01T02:13:09.527+0000] {logging_mixin.py:137} INFO - [2023-04-01T02:13:09.527+0000] {dag.py:2693} INFO - Sync 1 DAGs
[2023-04-01T02:13:09.552+0000] {logging_mixin.py:137} INFO - [2023-04-01T02:13:09.552+0000] {dag.py:3444} INFO - Setting next_dagrun for example_kubernetes_executor to None, run_after=None
[2023-04-01T02:13:09.572+0000] {processor.py:175} INFO - Processing /home/airflow/.local/lib/python3.7/site-packages/airflow/example_dags/example_kubernetes_executor.py took 0.107 seconds
