[2023-04-01T02:10:33.951+0000] {processor.py:153} INFO - Started process (PID=61) to work on /home/airflow/.local/lib/python3.7/site-packages/airflow/example_dags/example_complex.py
[2023-04-01T02:10:33.952+0000] {processor.py:743} INFO - Processing file /home/airflow/.local/lib/python3.7/site-packages/airflow/example_dags/example_complex.py for tasks to queue
[2023-04-01T02:10:33.953+0000] {logging_mixin.py:137} INFO - [2023-04-01T02:10:33.953+0000] {dagbag.py:532} INFO - Filling up the DagBag from /home/airflow/.local/lib/python3.7/site-packages/airflow/example_dags/example_complex.py
[2023-04-01T02:10:33.977+0000] {logging_mixin.py:137} INFO - [2023-04-01T02:10:33.976+0000] {taskmixin.py:211} WARNING - Dependency <Task(BashOperator): create_entry_group>, delete_entry_group already registered for DAG: example_complex
[2023-04-01T02:10:33.977+0000] {logging_mixin.py:137} INFO - [2023-04-01T02:10:33.977+0000] {taskmixin.py:211} WARNING - Dependency <Task(BashOperator): delete_entry_group>, create_entry_group already registered for DAG: example_complex
[2023-04-01T02:10:33.978+0000] {logging_mixin.py:137} INFO - [2023-04-01T02:10:33.978+0000] {taskmixin.py:211} WARNING - Dependency <Task(BashOperator): create_entry_gcs>, delete_entry already registered for DAG: example_complex
[2023-04-01T02:10:33.978+0000] {logging_mixin.py:137} INFO - [2023-04-01T02:10:33.978+0000] {taskmixin.py:211} WARNING - Dependency <Task(BashOperator): delete_entry>, create_entry_gcs already registered for DAG: example_complex
[2023-04-01T02:10:33.978+0000] {logging_mixin.py:137} INFO - [2023-04-01T02:10:33.978+0000] {taskmixin.py:211} WARNING - Dependency <Task(BashOperator): create_tag>, delete_tag already registered for DAG: example_complex
[2023-04-01T02:10:33.979+0000] {logging_mixin.py:137} INFO - [2023-04-01T02:10:33.978+0000] {taskmixin.py:211} WARNING - Dependency <Task(BashOperator): delete_tag>, create_tag already registered for DAG: example_complex
[2023-04-01T02:10:33.989+0000] {processor.py:753} INFO - DAG(s) dict_keys(['example_complex']) retrieved from /home/airflow/.local/lib/python3.7/site-packages/airflow/example_dags/example_complex.py
[2023-04-01T02:10:34.122+0000] {logging_mixin.py:137} INFO - [2023-04-01T02:10:34.122+0000] {manager.py:504} INFO - Created Permission View: can edit on DAG:example_complex
[2023-04-01T02:10:34.131+0000] {logging_mixin.py:137} INFO - [2023-04-01T02:10:34.131+0000] {manager.py:504} INFO - Created Permission View: can read on DAG:example_complex
[2023-04-01T02:10:34.139+0000] {logging_mixin.py:137} INFO - [2023-04-01T02:10:34.138+0000] {manager.py:504} INFO - Created Permission View: can delete on DAG:example_complex
[2023-04-01T02:10:34.139+0000] {logging_mixin.py:137} INFO - [2023-04-01T02:10:34.139+0000] {dag.py:2693} INFO - Sync 1 DAGs
[2023-04-01T02:10:34.161+0000] {logging_mixin.py:137} INFO - [2023-04-01T02:10:34.161+0000] {dag.py:2714} INFO - Creating ORM DAG for example_complex
[2023-04-01T02:10:34.183+0000] {logging_mixin.py:137} INFO - [2023-04-01T02:10:34.183+0000] {dag.py:3444} INFO - Setting next_dagrun for example_complex to None, run_after=None
[2023-04-01T02:10:34.219+0000] {processor.py:175} INFO - Processing /home/airflow/.local/lib/python3.7/site-packages/airflow/example_dags/example_complex.py took 0.272 seconds
[2023-04-01T02:11:05.106+0000] {processor.py:153} INFO - Started process (PID=110) to work on /home/airflow/.local/lib/python3.7/site-packages/airflow/example_dags/example_complex.py
[2023-04-01T02:11:05.107+0000] {processor.py:743} INFO - Processing file /home/airflow/.local/lib/python3.7/site-packages/airflow/example_dags/example_complex.py for tasks to queue
[2023-04-01T02:11:05.109+0000] {logging_mixin.py:137} INFO - [2023-04-01T02:11:05.108+0000] {dagbag.py:532} INFO - Filling up the DagBag from /home/airflow/.local/lib/python3.7/site-packages/airflow/example_dags/example_complex.py
[2023-04-01T02:11:05.125+0000] {logging_mixin.py:137} INFO - [2023-04-01T02:11:05.125+0000] {taskmixin.py:211} WARNING - Dependency <Task(BashOperator): create_entry_group>, delete_entry_group already registered for DAG: example_complex
[2023-04-01T02:11:05.126+0000] {logging_mixin.py:137} INFO - [2023-04-01T02:11:05.125+0000] {taskmixin.py:211} WARNING - Dependency <Task(BashOperator): delete_entry_group>, create_entry_group already registered for DAG: example_complex
[2023-04-01T02:11:05.126+0000] {logging_mixin.py:137} INFO - [2023-04-01T02:11:05.126+0000] {taskmixin.py:211} WARNING - Dependency <Task(BashOperator): create_entry_gcs>, delete_entry already registered for DAG: example_complex
[2023-04-01T02:11:05.126+0000] {logging_mixin.py:137} INFO - [2023-04-01T02:11:05.126+0000] {taskmixin.py:211} WARNING - Dependency <Task(BashOperator): delete_entry>, create_entry_gcs already registered for DAG: example_complex
[2023-04-01T02:11:05.127+0000] {logging_mixin.py:137} INFO - [2023-04-01T02:11:05.126+0000] {taskmixin.py:211} WARNING - Dependency <Task(BashOperator): create_tag>, delete_tag already registered for DAG: example_complex
[2023-04-01T02:11:05.127+0000] {logging_mixin.py:137} INFO - [2023-04-01T02:11:05.127+0000] {taskmixin.py:211} WARNING - Dependency <Task(BashOperator): delete_tag>, create_tag already registered for DAG: example_complex
[2023-04-01T02:11:05.138+0000] {processor.py:753} INFO - DAG(s) dict_keys(['example_complex']) retrieved from /home/airflow/.local/lib/python3.7/site-packages/airflow/example_dags/example_complex.py
[2023-04-01T02:11:05.199+0000] {logging_mixin.py:137} INFO - [2023-04-01T02:11:05.198+0000] {dag.py:2693} INFO - Sync 1 DAGs
[2023-04-01T02:11:05.241+0000] {logging_mixin.py:137} INFO - [2023-04-01T02:11:05.241+0000] {dag.py:3444} INFO - Setting next_dagrun for example_complex to None, run_after=None
[2023-04-01T02:11:05.272+0000] {processor.py:175} INFO - Processing /home/airflow/.local/lib/python3.7/site-packages/airflow/example_dags/example_complex.py took 0.173 seconds
[2023-04-01T02:11:35.884+0000] {processor.py:153} INFO - Started process (PID=159) to work on /home/airflow/.local/lib/python3.7/site-packages/airflow/example_dags/example_complex.py
[2023-04-01T02:11:35.885+0000] {processor.py:743} INFO - Processing file /home/airflow/.local/lib/python3.7/site-packages/airflow/example_dags/example_complex.py for tasks to queue
[2023-04-01T02:11:35.885+0000] {logging_mixin.py:137} INFO - [2023-04-01T02:11:35.885+0000] {dagbag.py:532} INFO - Filling up the DagBag from /home/airflow/.local/lib/python3.7/site-packages/airflow/example_dags/example_complex.py
[2023-04-01T02:11:35.895+0000] {logging_mixin.py:137} INFO - [2023-04-01T02:11:35.895+0000] {taskmixin.py:211} WARNING - Dependency <Task(BashOperator): create_entry_group>, delete_entry_group already registered for DAG: example_complex
[2023-04-01T02:11:35.896+0000] {logging_mixin.py:137} INFO - [2023-04-01T02:11:35.895+0000] {taskmixin.py:211} WARNING - Dependency <Task(BashOperator): delete_entry_group>, create_entry_group already registered for DAG: example_complex
[2023-04-01T02:11:35.896+0000] {logging_mixin.py:137} INFO - [2023-04-01T02:11:35.896+0000] {taskmixin.py:211} WARNING - Dependency <Task(BashOperator): create_entry_gcs>, delete_entry already registered for DAG: example_complex
[2023-04-01T02:11:35.896+0000] {logging_mixin.py:137} INFO - [2023-04-01T02:11:35.896+0000] {taskmixin.py:211} WARNING - Dependency <Task(BashOperator): delete_entry>, create_entry_gcs already registered for DAG: example_complex
[2023-04-01T02:11:35.896+0000] {logging_mixin.py:137} INFO - [2023-04-01T02:11:35.896+0000] {taskmixin.py:211} WARNING - Dependency <Task(BashOperator): create_tag>, delete_tag already registered for DAG: example_complex
[2023-04-01T02:11:35.896+0000] {logging_mixin.py:137} INFO - [2023-04-01T02:11:35.896+0000] {taskmixin.py:211} WARNING - Dependency <Task(BashOperator): delete_tag>, create_tag already registered for DAG: example_complex
[2023-04-01T02:11:35.902+0000] {processor.py:753} INFO - DAG(s) dict_keys(['example_complex']) retrieved from /home/airflow/.local/lib/python3.7/site-packages/airflow/example_dags/example_complex.py
[2023-04-01T02:11:35.939+0000] {logging_mixin.py:137} INFO - [2023-04-01T02:11:35.938+0000] {dag.py:2693} INFO - Sync 1 DAGs
[2023-04-01T02:11:35.961+0000] {logging_mixin.py:137} INFO - [2023-04-01T02:11:35.961+0000] {dag.py:3444} INFO - Setting next_dagrun for example_complex to None, run_after=None
[2023-04-01T02:11:35.978+0000] {processor.py:175} INFO - Processing /home/airflow/.local/lib/python3.7/site-packages/airflow/example_dags/example_complex.py took 0.097 seconds
[2023-04-01T02:12:06.343+0000] {processor.py:153} INFO - Started process (PID=208) to work on /home/airflow/.local/lib/python3.7/site-packages/airflow/example_dags/example_complex.py
[2023-04-01T02:12:06.344+0000] {processor.py:743} INFO - Processing file /home/airflow/.local/lib/python3.7/site-packages/airflow/example_dags/example_complex.py for tasks to queue
[2023-04-01T02:12:06.344+0000] {logging_mixin.py:137} INFO - [2023-04-01T02:12:06.344+0000] {dagbag.py:532} INFO - Filling up the DagBag from /home/airflow/.local/lib/python3.7/site-packages/airflow/example_dags/example_complex.py
[2023-04-01T02:12:06.355+0000] {logging_mixin.py:137} INFO - [2023-04-01T02:12:06.354+0000] {taskmixin.py:211} WARNING - Dependency <Task(BashOperator): create_entry_group>, delete_entry_group already registered for DAG: example_complex
[2023-04-01T02:12:06.355+0000] {logging_mixin.py:137} INFO - [2023-04-01T02:12:06.355+0000] {taskmixin.py:211} WARNING - Dependency <Task(BashOperator): delete_entry_group>, create_entry_group already registered for DAG: example_complex
[2023-04-01T02:12:06.355+0000] {logging_mixin.py:137} INFO - [2023-04-01T02:12:06.355+0000] {taskmixin.py:211} WARNING - Dependency <Task(BashOperator): create_entry_gcs>, delete_entry already registered for DAG: example_complex
[2023-04-01T02:12:06.355+0000] {logging_mixin.py:137} INFO - [2023-04-01T02:12:06.355+0000] {taskmixin.py:211} WARNING - Dependency <Task(BashOperator): delete_entry>, create_entry_gcs already registered for DAG: example_complex
[2023-04-01T02:12:06.355+0000] {logging_mixin.py:137} INFO - [2023-04-01T02:12:06.355+0000] {taskmixin.py:211} WARNING - Dependency <Task(BashOperator): create_tag>, delete_tag already registered for DAG: example_complex
[2023-04-01T02:12:06.356+0000] {logging_mixin.py:137} INFO - [2023-04-01T02:12:06.356+0000] {taskmixin.py:211} WARNING - Dependency <Task(BashOperator): delete_tag>, create_tag already registered for DAG: example_complex
[2023-04-01T02:12:06.362+0000] {processor.py:753} INFO - DAG(s) dict_keys(['example_complex']) retrieved from /home/airflow/.local/lib/python3.7/site-packages/airflow/example_dags/example_complex.py
[2023-04-01T02:12:06.403+0000] {logging_mixin.py:137} INFO - [2023-04-01T02:12:06.403+0000] {dag.py:2693} INFO - Sync 1 DAGs
[2023-04-01T02:12:06.425+0000] {logging_mixin.py:137} INFO - [2023-04-01T02:12:06.425+0000] {dag.py:3444} INFO - Setting next_dagrun for example_complex to None, run_after=None
[2023-04-01T02:12:06.452+0000] {processor.py:175} INFO - Processing /home/airflow/.local/lib/python3.7/site-packages/airflow/example_dags/example_complex.py took 0.112 seconds
[2023-04-01T02:12:36.826+0000] {processor.py:153} INFO - Started process (PID=257) to work on /home/airflow/.local/lib/python3.7/site-packages/airflow/example_dags/example_complex.py
[2023-04-01T02:12:36.827+0000] {processor.py:743} INFO - Processing file /home/airflow/.local/lib/python3.7/site-packages/airflow/example_dags/example_complex.py for tasks to queue
[2023-04-01T02:12:36.827+0000] {logging_mixin.py:137} INFO - [2023-04-01T02:12:36.827+0000] {dagbag.py:532} INFO - Filling up the DagBag from /home/airflow/.local/lib/python3.7/site-packages/airflow/example_dags/example_complex.py
[2023-04-01T02:12:36.838+0000] {logging_mixin.py:137} INFO - [2023-04-01T02:12:36.838+0000] {taskmixin.py:211} WARNING - Dependency <Task(BashOperator): create_entry_group>, delete_entry_group already registered for DAG: example_complex
[2023-04-01T02:12:36.838+0000] {logging_mixin.py:137} INFO - [2023-04-01T02:12:36.838+0000] {taskmixin.py:211} WARNING - Dependency <Task(BashOperator): delete_entry_group>, create_entry_group already registered for DAG: example_complex
[2023-04-01T02:12:36.839+0000] {logging_mixin.py:137} INFO - [2023-04-01T02:12:36.838+0000] {taskmixin.py:211} WARNING - Dependency <Task(BashOperator): create_entry_gcs>, delete_entry already registered for DAG: example_complex
[2023-04-01T02:12:36.839+0000] {logging_mixin.py:137} INFO - [2023-04-01T02:12:36.839+0000] {taskmixin.py:211} WARNING - Dependency <Task(BashOperator): delete_entry>, create_entry_gcs already registered for DAG: example_complex
[2023-04-01T02:12:36.839+0000] {logging_mixin.py:137} INFO - [2023-04-01T02:12:36.839+0000] {taskmixin.py:211} WARNING - Dependency <Task(BashOperator): create_tag>, delete_tag already registered for DAG: example_complex
[2023-04-01T02:12:36.839+0000] {logging_mixin.py:137} INFO - [2023-04-01T02:12:36.839+0000] {taskmixin.py:211} WARNING - Dependency <Task(BashOperator): delete_tag>, create_tag already registered for DAG: example_complex
[2023-04-01T02:12:36.845+0000] {processor.py:753} INFO - DAG(s) dict_keys(['example_complex']) retrieved from /home/airflow/.local/lib/python3.7/site-packages/airflow/example_dags/example_complex.py
[2023-04-01T02:12:36.882+0000] {logging_mixin.py:137} INFO - [2023-04-01T02:12:36.882+0000] {dag.py:2693} INFO - Sync 1 DAGs
[2023-04-01T02:12:36.905+0000] {logging_mixin.py:137} INFO - [2023-04-01T02:12:36.905+0000] {dag.py:3444} INFO - Setting next_dagrun for example_complex to None, run_after=None
[2023-04-01T02:12:36.922+0000] {processor.py:175} INFO - Processing /home/airflow/.local/lib/python3.7/site-packages/airflow/example_dags/example_complex.py took 0.099 seconds
[2023-04-01T02:13:07.579+0000] {processor.py:153} INFO - Started process (PID=306) to work on /home/airflow/.local/lib/python3.7/site-packages/airflow/example_dags/example_complex.py
[2023-04-01T02:13:07.580+0000] {processor.py:743} INFO - Processing file /home/airflow/.local/lib/python3.7/site-packages/airflow/example_dags/example_complex.py for tasks to queue
[2023-04-01T02:13:07.580+0000] {logging_mixin.py:137} INFO - [2023-04-01T02:13:07.580+0000] {dagbag.py:532} INFO - Filling up the DagBag from /home/airflow/.local/lib/python3.7/site-packages/airflow/example_dags/example_complex.py
[2023-04-01T02:13:07.591+0000] {logging_mixin.py:137} INFO - [2023-04-01T02:13:07.591+0000] {taskmixin.py:211} WARNING - Dependency <Task(BashOperator): create_entry_group>, delete_entry_group already registered for DAG: example_complex
[2023-04-01T02:13:07.591+0000] {logging_mixin.py:137} INFO - [2023-04-01T02:13:07.591+0000] {taskmixin.py:211} WARNING - Dependency <Task(BashOperator): delete_entry_group>, create_entry_group already registered for DAG: example_complex
[2023-04-01T02:13:07.592+0000] {logging_mixin.py:137} INFO - [2023-04-01T02:13:07.592+0000] {taskmixin.py:211} WARNING - Dependency <Task(BashOperator): create_entry_gcs>, delete_entry already registered for DAG: example_complex
[2023-04-01T02:13:07.592+0000] {logging_mixin.py:137} INFO - [2023-04-01T02:13:07.592+0000] {taskmixin.py:211} WARNING - Dependency <Task(BashOperator): delete_entry>, create_entry_gcs already registered for DAG: example_complex
[2023-04-01T02:13:07.593+0000] {logging_mixin.py:137} INFO - [2023-04-01T02:13:07.593+0000] {taskmixin.py:211} WARNING - Dependency <Task(BashOperator): create_tag>, delete_tag already registered for DAG: example_complex
[2023-04-01T02:13:07.593+0000] {logging_mixin.py:137} INFO - [2023-04-01T02:13:07.593+0000] {taskmixin.py:211} WARNING - Dependency <Task(BashOperator): delete_tag>, create_tag already registered for DAG: example_complex
[2023-04-01T02:13:07.602+0000] {processor.py:753} INFO - DAG(s) dict_keys(['example_complex']) retrieved from /home/airflow/.local/lib/python3.7/site-packages/airflow/example_dags/example_complex.py
[2023-04-01T02:13:07.644+0000] {logging_mixin.py:137} INFO - [2023-04-01T02:13:07.644+0000] {dag.py:2693} INFO - Sync 1 DAGs
[2023-04-01T02:13:07.668+0000] {logging_mixin.py:137} INFO - [2023-04-01T02:13:07.667+0000] {dag.py:3444} INFO - Setting next_dagrun for example_complex to None, run_after=None
[2023-04-01T02:13:07.686+0000] {processor.py:175} INFO - Processing /home/airflow/.local/lib/python3.7/site-packages/airflow/example_dags/example_complex.py took 0.110 seconds
