[2023-04-01T02:10:32.040+0000] {processor.py:153} INFO - Started process (PID=46) to work on /home/airflow/.local/lib/python3.7/site-packages/airflow/example_dags/example_params_ui_tutorial.py
[2023-04-01T02:10:32.041+0000] {processor.py:743} INFO - Processing file /home/airflow/.local/lib/python3.7/site-packages/airflow/example_dags/example_params_ui_tutorial.py for tasks to queue
[2023-04-01T02:10:32.041+0000] {logging_mixin.py:137} INFO - [2023-04-01T02:10:32.041+0000] {dagbag.py:532} INFO - Filling up the DagBag from /home/airflow/.local/lib/python3.7/site-packages/airflow/example_dags/example_params_ui_tutorial.py
[2023-04-01T02:10:32.129+0000] {processor.py:753} INFO - DAG(s) dict_keys(['example_params_ui_tutorial']) retrieved from /home/airflow/.local/lib/python3.7/site-packages/airflow/example_dags/example_params_ui_tutorial.py
[2023-04-01T02:10:32.321+0000] {logging_mixin.py:137} INFO - [2023-04-01T02:10:32.321+0000] {manager.py:504} INFO - Created Permission View: can edit on DAG:example_params_ui_tutorial
[2023-04-01T02:10:32.330+0000] {logging_mixin.py:137} INFO - [2023-04-01T02:10:32.330+0000] {manager.py:504} INFO - Created Permission View: can read on DAG:example_params_ui_tutorial
[2023-04-01T02:10:32.337+0000] {logging_mixin.py:137} INFO - [2023-04-01T02:10:32.337+0000] {manager.py:504} INFO - Created Permission View: can delete on DAG:example_params_ui_tutorial
[2023-04-01T02:10:32.337+0000] {logging_mixin.py:137} INFO - [2023-04-01T02:10:32.337+0000] {dag.py:2693} INFO - Sync 1 DAGs
[2023-04-01T02:10:32.350+0000] {logging_mixin.py:137} INFO - [2023-04-01T02:10:32.350+0000] {dag.py:2714} INFO - Creating ORM DAG for example_params_ui_tutorial
[2023-04-01T02:10:32.362+0000] {logging_mixin.py:137} INFO - [2023-04-01T02:10:32.361+0000] {dag.py:3444} INFO - Setting next_dagrun for example_params_ui_tutorial to None, run_after=None
[2023-04-01T02:10:32.379+0000] {processor.py:175} INFO - Processing /home/airflow/.local/lib/python3.7/site-packages/airflow/example_dags/example_params_ui_tutorial.py took 0.343 seconds
[2023-04-01T02:11:03.169+0000] {processor.py:153} INFO - Started process (PID=95) to work on /home/airflow/.local/lib/python3.7/site-packages/airflow/example_dags/example_params_ui_tutorial.py
[2023-04-01T02:11:03.170+0000] {processor.py:743} INFO - Processing file /home/airflow/.local/lib/python3.7/site-packages/airflow/example_dags/example_params_ui_tutorial.py for tasks to queue
[2023-04-01T02:11:03.171+0000] {logging_mixin.py:137} INFO - [2023-04-01T02:11:03.171+0000] {dagbag.py:532} INFO - Filling up the DagBag from /home/airflow/.local/lib/python3.7/site-packages/airflow/example_dags/example_params_ui_tutorial.py
[2023-04-01T02:11:03.236+0000] {processor.py:753} INFO - DAG(s) dict_keys(['example_params_ui_tutorial']) retrieved from /home/airflow/.local/lib/python3.7/site-packages/airflow/example_dags/example_params_ui_tutorial.py
[2023-04-01T02:11:03.324+0000] {logging_mixin.py:137} INFO - [2023-04-01T02:11:03.324+0000] {dag.py:2693} INFO - Sync 1 DAGs
[2023-04-01T02:11:03.356+0000] {logging_mixin.py:137} INFO - [2023-04-01T02:11:03.356+0000] {dag.py:3444} INFO - Setting next_dagrun for example_params_ui_tutorial to None, run_after=None
[2023-04-01T02:11:03.373+0000] {processor.py:175} INFO - Processing /home/airflow/.local/lib/python3.7/site-packages/airflow/example_dags/example_params_ui_tutorial.py took 0.209 seconds
[2023-04-01T02:11:33.973+0000] {processor.py:153} INFO - Started process (PID=144) to work on /home/airflow/.local/lib/python3.7/site-packages/airflow/example_dags/example_params_ui_tutorial.py
[2023-04-01T02:11:33.974+0000] {processor.py:743} INFO - Processing file /home/airflow/.local/lib/python3.7/site-packages/airflow/example_dags/example_params_ui_tutorial.py for tasks to queue
[2023-04-01T02:11:33.974+0000] {logging_mixin.py:137} INFO - [2023-04-01T02:11:33.974+0000] {dagbag.py:532} INFO - Filling up the DagBag from /home/airflow/.local/lib/python3.7/site-packages/airflow/example_dags/example_params_ui_tutorial.py
[2023-04-01T02:11:34.025+0000] {processor.py:753} INFO - DAG(s) dict_keys(['example_params_ui_tutorial']) retrieved from /home/airflow/.local/lib/python3.7/site-packages/airflow/example_dags/example_params_ui_tutorial.py
[2023-04-01T02:11:34.093+0000] {logging_mixin.py:137} INFO - [2023-04-01T02:11:34.093+0000] {dag.py:2693} INFO - Sync 1 DAGs
[2023-04-01T02:11:34.115+0000] {logging_mixin.py:137} INFO - [2023-04-01T02:11:34.115+0000] {dag.py:3444} INFO - Setting next_dagrun for example_params_ui_tutorial to None, run_after=None
[2023-04-01T02:11:34.130+0000] {processor.py:175} INFO - Processing /home/airflow/.local/lib/python3.7/site-packages/airflow/example_dags/example_params_ui_tutorial.py took 0.159 seconds
[2023-04-01T02:12:04.426+0000] {processor.py:153} INFO - Started process (PID=193) to work on /home/airflow/.local/lib/python3.7/site-packages/airflow/example_dags/example_params_ui_tutorial.py
[2023-04-01T02:12:04.427+0000] {processor.py:743} INFO - Processing file /home/airflow/.local/lib/python3.7/site-packages/airflow/example_dags/example_params_ui_tutorial.py for tasks to queue
[2023-04-01T02:12:04.427+0000] {logging_mixin.py:137} INFO - [2023-04-01T02:12:04.427+0000] {dagbag.py:532} INFO - Filling up the DagBag from /home/airflow/.local/lib/python3.7/site-packages/airflow/example_dags/example_params_ui_tutorial.py
[2023-04-01T02:12:04.481+0000] {processor.py:753} INFO - DAG(s) dict_keys(['example_params_ui_tutorial']) retrieved from /home/airflow/.local/lib/python3.7/site-packages/airflow/example_dags/example_params_ui_tutorial.py
[2023-04-01T02:12:04.552+0000] {logging_mixin.py:137} INFO - [2023-04-01T02:12:04.552+0000] {dag.py:2693} INFO - Sync 1 DAGs
[2023-04-01T02:12:04.573+0000] {logging_mixin.py:137} INFO - [2023-04-01T02:12:04.573+0000] {dag.py:3444} INFO - Setting next_dagrun for example_params_ui_tutorial to None, run_after=None
[2023-04-01T02:12:04.587+0000] {processor.py:175} INFO - Processing /home/airflow/.local/lib/python3.7/site-packages/airflow/example_dags/example_params_ui_tutorial.py took 0.164 seconds
[2023-04-01T02:12:34.891+0000] {processor.py:153} INFO - Started process (PID=242) to work on /home/airflow/.local/lib/python3.7/site-packages/airflow/example_dags/example_params_ui_tutorial.py
[2023-04-01T02:12:34.891+0000] {processor.py:743} INFO - Processing file /home/airflow/.local/lib/python3.7/site-packages/airflow/example_dags/example_params_ui_tutorial.py for tasks to queue
[2023-04-01T02:12:34.892+0000] {logging_mixin.py:137} INFO - [2023-04-01T02:12:34.892+0000] {dagbag.py:532} INFO - Filling up the DagBag from /home/airflow/.local/lib/python3.7/site-packages/airflow/example_dags/example_params_ui_tutorial.py
[2023-04-01T02:12:34.940+0000] {processor.py:753} INFO - DAG(s) dict_keys(['example_params_ui_tutorial']) retrieved from /home/airflow/.local/lib/python3.7/site-packages/airflow/example_dags/example_params_ui_tutorial.py
[2023-04-01T02:12:35.005+0000] {logging_mixin.py:137} INFO - [2023-04-01T02:12:35.005+0000] {dag.py:2693} INFO - Sync 1 DAGs
[2023-04-01T02:12:35.031+0000] {logging_mixin.py:137} INFO - [2023-04-01T02:12:35.030+0000] {dag.py:3444} INFO - Setting next_dagrun for example_params_ui_tutorial to None, run_after=None
[2023-04-01T02:12:35.046+0000] {processor.py:175} INFO - Processing /home/airflow/.local/lib/python3.7/site-packages/airflow/example_dags/example_params_ui_tutorial.py took 0.158 seconds
[2023-04-01T02:13:05.461+0000] {processor.py:153} INFO - Started process (PID=291) to work on /home/airflow/.local/lib/python3.7/site-packages/airflow/example_dags/example_params_ui_tutorial.py
[2023-04-01T02:13:05.461+0000] {processor.py:743} INFO - Processing file /home/airflow/.local/lib/python3.7/site-packages/airflow/example_dags/example_params_ui_tutorial.py for tasks to queue
[2023-04-01T02:13:05.462+0000] {logging_mixin.py:137} INFO - [2023-04-01T02:13:05.462+0000] {dagbag.py:532} INFO - Filling up the DagBag from /home/airflow/.local/lib/python3.7/site-packages/airflow/example_dags/example_params_ui_tutorial.py
[2023-04-01T02:13:05.531+0000] {processor.py:753} INFO - DAG(s) dict_keys(['example_params_ui_tutorial']) retrieved from /home/airflow/.local/lib/python3.7/site-packages/airflow/example_dags/example_params_ui_tutorial.py
[2023-04-01T02:13:05.607+0000] {logging_mixin.py:137} INFO - [2023-04-01T02:13:05.607+0000] {dag.py:2693} INFO - Sync 1 DAGs
[2023-04-01T02:13:05.628+0000] {logging_mixin.py:137} INFO - [2023-04-01T02:13:05.628+0000] {dag.py:3444} INFO - Setting next_dagrun for example_params_ui_tutorial to None, run_after=None
[2023-04-01T02:13:05.645+0000] {processor.py:175} INFO - Processing /home/airflow/.local/lib/python3.7/site-packages/airflow/example_dags/example_params_ui_tutorial.py took 0.187 seconds
