[2023-04-01T02:10:35.076+0000] {processor.py:153} INFO - Started process (PID=65) to work on /home/airflow/.local/lib/python3.7/site-packages/airflow/example_dags/example_dynamic_task_mapping.py
[2023-04-01T02:10:35.076+0000] {processor.py:743} INFO - Processing file /home/airflow/.local/lib/python3.7/site-packages/airflow/example_dags/example_dynamic_task_mapping.py for tasks to queue
[2023-04-01T02:10:35.077+0000] {logging_mixin.py:137} INFO - [2023-04-01T02:10:35.077+0000] {dagbag.py:532} INFO - Filling up the DagBag from /home/airflow/.local/lib/python3.7/site-packages/airflow/example_dags/example_dynamic_task_mapping.py
[2023-04-01T02:10:35.114+0000] {processor.py:753} INFO - DAG(s) dict_keys(['example_dynamic_task_mapping']) retrieved from /home/airflow/.local/lib/python3.7/site-packages/airflow/example_dags/example_dynamic_task_mapping.py
[2023-04-01T02:10:35.242+0000] {logging_mixin.py:137} INFO - [2023-04-01T02:10:35.242+0000] {manager.py:504} INFO - Created Permission View: can edit on DAG:example_dynamic_task_mapping
[2023-04-01T02:10:35.251+0000] {logging_mixin.py:137} INFO - [2023-04-01T02:10:35.250+0000] {manager.py:504} INFO - Created Permission View: can read on DAG:example_dynamic_task_mapping
[2023-04-01T02:10:35.260+0000] {logging_mixin.py:137} INFO - [2023-04-01T02:10:35.260+0000] {manager.py:504} INFO - Created Permission View: can delete on DAG:example_dynamic_task_mapping
[2023-04-01T02:10:35.260+0000] {logging_mixin.py:137} INFO - [2023-04-01T02:10:35.260+0000] {dag.py:2693} INFO - Sync 1 DAGs
[2023-04-01T02:10:35.279+0000] {logging_mixin.py:137} INFO - [2023-04-01T02:10:35.279+0000] {dag.py:2714} INFO - Creating ORM DAG for example_dynamic_task_mapping
[2023-04-01T02:10:35.295+0000] {logging_mixin.py:137} INFO - [2023-04-01T02:10:35.295+0000] {dag.py:3444} INFO - Setting next_dagrun for example_dynamic_task_mapping to 2022-03-04T00:00:00+00:00, run_after=2022-03-05T00:00:00+00:00
[2023-04-01T02:10:35.322+0000] {processor.py:175} INFO - Processing /home/airflow/.local/lib/python3.7/site-packages/airflow/example_dags/example_dynamic_task_mapping.py took 0.252 seconds
[2023-04-01T02:11:05.670+0000] {processor.py:153} INFO - Started process (PID=114) to work on /home/airflow/.local/lib/python3.7/site-packages/airflow/example_dags/example_dynamic_task_mapping.py
[2023-04-01T02:11:05.671+0000] {processor.py:743} INFO - Processing file /home/airflow/.local/lib/python3.7/site-packages/airflow/example_dags/example_dynamic_task_mapping.py for tasks to queue
[2023-04-01T02:11:05.672+0000] {logging_mixin.py:137} INFO - [2023-04-01T02:11:05.672+0000] {dagbag.py:532} INFO - Filling up the DagBag from /home/airflow/.local/lib/python3.7/site-packages/airflow/example_dags/example_dynamic_task_mapping.py
[2023-04-01T02:11:05.709+0000] {processor.py:753} INFO - DAG(s) dict_keys(['example_dynamic_task_mapping']) retrieved from /home/airflow/.local/lib/python3.7/site-packages/airflow/example_dags/example_dynamic_task_mapping.py
[2023-04-01T02:11:05.759+0000] {logging_mixin.py:137} INFO - [2023-04-01T02:11:05.759+0000] {dag.py:2693} INFO - Sync 1 DAGs
[2023-04-01T02:11:05.807+0000] {logging_mixin.py:137} INFO - [2023-04-01T02:11:05.806+0000] {dag.py:3444} INFO - Setting next_dagrun for example_dynamic_task_mapping to 2022-03-04T00:00:00+00:00, run_after=2022-03-05T00:00:00+00:00
[2023-04-01T02:11:05.846+0000] {processor.py:175} INFO - Processing /home/airflow/.local/lib/python3.7/site-packages/airflow/example_dags/example_dynamic_task_mapping.py took 0.183 seconds
[2023-04-01T02:11:36.095+0000] {processor.py:153} INFO - Started process (PID=163) to work on /home/airflow/.local/lib/python3.7/site-packages/airflow/example_dags/example_dynamic_task_mapping.py
[2023-04-01T02:11:36.095+0000] {processor.py:743} INFO - Processing file /home/airflow/.local/lib/python3.7/site-packages/airflow/example_dags/example_dynamic_task_mapping.py for tasks to queue
[2023-04-01T02:11:36.096+0000] {logging_mixin.py:137} INFO - [2023-04-01T02:11:36.096+0000] {dagbag.py:532} INFO - Filling up the DagBag from /home/airflow/.local/lib/python3.7/site-packages/airflow/example_dags/example_dynamic_task_mapping.py
[2023-04-01T02:11:36.115+0000] {processor.py:753} INFO - DAG(s) dict_keys(['example_dynamic_task_mapping']) retrieved from /home/airflow/.local/lib/python3.7/site-packages/airflow/example_dags/example_dynamic_task_mapping.py
[2023-04-01T02:11:36.140+0000] {logging_mixin.py:137} INFO - [2023-04-01T02:11:36.140+0000] {dag.py:2693} INFO - Sync 1 DAGs
[2023-04-01T02:11:36.163+0000] {logging_mixin.py:137} INFO - [2023-04-01T02:11:36.163+0000] {dag.py:3444} INFO - Setting next_dagrun for example_dynamic_task_mapping to 2022-03-04T00:00:00+00:00, run_after=2022-03-05T00:00:00+00:00
[2023-04-01T02:11:36.179+0000] {processor.py:175} INFO - Processing /home/airflow/.local/lib/python3.7/site-packages/airflow/example_dags/example_dynamic_task_mapping.py took 0.087 seconds
[2023-04-01T02:12:06.564+0000] {processor.py:153} INFO - Started process (PID=212) to work on /home/airflow/.local/lib/python3.7/site-packages/airflow/example_dags/example_dynamic_task_mapping.py
[2023-04-01T02:12:06.565+0000] {processor.py:743} INFO - Processing file /home/airflow/.local/lib/python3.7/site-packages/airflow/example_dags/example_dynamic_task_mapping.py for tasks to queue
[2023-04-01T02:12:06.565+0000] {logging_mixin.py:137} INFO - [2023-04-01T02:12:06.565+0000] {dagbag.py:532} INFO - Filling up the DagBag from /home/airflow/.local/lib/python3.7/site-packages/airflow/example_dags/example_dynamic_task_mapping.py
[2023-04-01T02:12:06.586+0000] {processor.py:753} INFO - DAG(s) dict_keys(['example_dynamic_task_mapping']) retrieved from /home/airflow/.local/lib/python3.7/site-packages/airflow/example_dags/example_dynamic_task_mapping.py
[2023-04-01T02:12:06.611+0000] {logging_mixin.py:137} INFO - [2023-04-01T02:12:06.611+0000] {dag.py:2693} INFO - Sync 1 DAGs
[2023-04-01T02:12:06.634+0000] {logging_mixin.py:137} INFO - [2023-04-01T02:12:06.634+0000] {dag.py:3444} INFO - Setting next_dagrun for example_dynamic_task_mapping to 2022-03-04T00:00:00+00:00, run_after=2022-03-05T00:00:00+00:00
[2023-04-01T02:12:06.650+0000] {processor.py:175} INFO - Processing /home/airflow/.local/lib/python3.7/site-packages/airflow/example_dags/example_dynamic_task_mapping.py took 0.089 seconds
[2023-04-01T02:12:37.048+0000] {processor.py:153} INFO - Started process (PID=261) to work on /home/airflow/.local/lib/python3.7/site-packages/airflow/example_dags/example_dynamic_task_mapping.py
[2023-04-01T02:12:37.049+0000] {processor.py:743} INFO - Processing file /home/airflow/.local/lib/python3.7/site-packages/airflow/example_dags/example_dynamic_task_mapping.py for tasks to queue
[2023-04-01T02:12:37.049+0000] {logging_mixin.py:137} INFO - [2023-04-01T02:12:37.049+0000] {dagbag.py:532} INFO - Filling up the DagBag from /home/airflow/.local/lib/python3.7/site-packages/airflow/example_dags/example_dynamic_task_mapping.py
[2023-04-01T02:12:37.069+0000] {processor.py:753} INFO - DAG(s) dict_keys(['example_dynamic_task_mapping']) retrieved from /home/airflow/.local/lib/python3.7/site-packages/airflow/example_dags/example_dynamic_task_mapping.py
[2023-04-01T02:12:37.094+0000] {logging_mixin.py:137} INFO - [2023-04-01T02:12:37.094+0000] {dag.py:2693} INFO - Sync 1 DAGs
[2023-04-01T02:12:37.118+0000] {logging_mixin.py:137} INFO - [2023-04-01T02:12:37.117+0000] {dag.py:3444} INFO - Setting next_dagrun for example_dynamic_task_mapping to 2022-03-04T00:00:00+00:00, run_after=2022-03-05T00:00:00+00:00
[2023-04-01T02:12:37.134+0000] {processor.py:175} INFO - Processing /home/airflow/.local/lib/python3.7/site-packages/airflow/example_dags/example_dynamic_task_mapping.py took 0.089 seconds
[2023-04-01T02:13:07.806+0000] {processor.py:153} INFO - Started process (PID=310) to work on /home/airflow/.local/lib/python3.7/site-packages/airflow/example_dags/example_dynamic_task_mapping.py
[2023-04-01T02:13:07.807+0000] {processor.py:743} INFO - Processing file /home/airflow/.local/lib/python3.7/site-packages/airflow/example_dags/example_dynamic_task_mapping.py for tasks to queue
[2023-04-01T02:13:07.807+0000] {logging_mixin.py:137} INFO - [2023-04-01T02:13:07.807+0000] {dagbag.py:532} INFO - Filling up the DagBag from /home/airflow/.local/lib/python3.7/site-packages/airflow/example_dags/example_dynamic_task_mapping.py
[2023-04-01T02:13:07.827+0000] {processor.py:753} INFO - DAG(s) dict_keys(['example_dynamic_task_mapping']) retrieved from /home/airflow/.local/lib/python3.7/site-packages/airflow/example_dags/example_dynamic_task_mapping.py
[2023-04-01T02:13:07.852+0000] {logging_mixin.py:137} INFO - [2023-04-01T02:13:07.852+0000] {dag.py:2693} INFO - Sync 1 DAGs
[2023-04-01T02:13:07.875+0000] {logging_mixin.py:137} INFO - [2023-04-01T02:13:07.875+0000] {dag.py:3444} INFO - Setting next_dagrun for example_dynamic_task_mapping to 2022-03-04T00:00:00+00:00, run_after=2022-03-05T00:00:00+00:00
[2023-04-01T02:13:07.892+0000] {processor.py:175} INFO - Processing /home/airflow/.local/lib/python3.7/site-packages/airflow/example_dags/example_dynamic_task_mapping.py took 0.088 seconds
