[2023-04-01T02:10:35.818+0000] {processor.py:153} INFO - Started process (PID=72) to work on /home/airflow/.local/lib/python3.7/site-packages/airflow/example_dags/example_sensors.py
[2023-04-01T02:10:35.819+0000] {processor.py:743} INFO - Processing file /home/airflow/.local/lib/python3.7/site-packages/airflow/example_dags/example_sensors.py for tasks to queue
[2023-04-01T02:10:35.819+0000] {logging_mixin.py:137} INFO - [2023-04-01T02:10:35.819+0000] {dagbag.py:532} INFO - Filling up the DagBag from /home/airflow/.local/lib/python3.7/site-packages/airflow/example_dags/example_sensors.py
[2023-04-01T02:10:35.840+0000] {processor.py:753} INFO - DAG(s) dict_keys(['example_sensors']) retrieved from /home/airflow/.local/lib/python3.7/site-packages/airflow/example_dags/example_sensors.py
[2023-04-01T02:10:35.955+0000] {logging_mixin.py:137} INFO - [2023-04-01T02:10:35.955+0000] {manager.py:504} INFO - Created Permission View: can edit on DAG:example_sensors
[2023-04-01T02:10:35.965+0000] {logging_mixin.py:137} INFO - [2023-04-01T02:10:35.965+0000] {manager.py:504} INFO - Created Permission View: can read on DAG:example_sensors
[2023-04-01T02:10:35.971+0000] {logging_mixin.py:137} INFO - [2023-04-01T02:10:35.971+0000] {manager.py:504} INFO - Created Permission View: can delete on DAG:example_sensors
[2023-04-01T02:10:35.972+0000] {logging_mixin.py:137} INFO - [2023-04-01T02:10:35.972+0000] {dag.py:2693} INFO - Sync 1 DAGs
[2023-04-01T02:10:35.986+0000] {logging_mixin.py:137} INFO - [2023-04-01T02:10:35.986+0000] {dag.py:2714} INFO - Creating ORM DAG for example_sensors
[2023-04-01T02:10:35.998+0000] {logging_mixin.py:137} INFO - [2023-04-01T02:10:35.998+0000] {dag.py:3444} INFO - Setting next_dagrun for example_sensors to None, run_after=None
[2023-04-01T02:10:36.015+0000] {processor.py:175} INFO - Processing /home/airflow/.local/lib/python3.7/site-packages/airflow/example_dags/example_sensors.py took 0.200 seconds
[2023-04-01T02:11:06.536+0000] {processor.py:153} INFO - Started process (PID=121) to work on /home/airflow/.local/lib/python3.7/site-packages/airflow/example_dags/example_sensors.py
[2023-04-01T02:11:06.537+0000] {processor.py:743} INFO - Processing file /home/airflow/.local/lib/python3.7/site-packages/airflow/example_dags/example_sensors.py for tasks to queue
[2023-04-01T02:11:06.538+0000] {logging_mixin.py:137} INFO - [2023-04-01T02:11:06.538+0000] {dagbag.py:532} INFO - Filling up the DagBag from /home/airflow/.local/lib/python3.7/site-packages/airflow/example_dags/example_sensors.py
[2023-04-01T02:11:06.568+0000] {processor.py:753} INFO - DAG(s) dict_keys(['example_sensors']) retrieved from /home/airflow/.local/lib/python3.7/site-packages/airflow/example_dags/example_sensors.py
[2023-04-01T02:11:06.633+0000] {logging_mixin.py:137} INFO - [2023-04-01T02:11:06.633+0000] {dag.py:2693} INFO - Sync 1 DAGs
[2023-04-01T02:11:06.694+0000] {logging_mixin.py:137} INFO - [2023-04-01T02:11:06.694+0000] {dag.py:3444} INFO - Setting next_dagrun for example_sensors to None, run_after=None
[2023-04-01T02:11:06.766+0000] {processor.py:175} INFO - Processing /home/airflow/.local/lib/python3.7/site-packages/airflow/example_dags/example_sensors.py took 0.235 seconds
[2023-04-01T02:11:37.469+0000] {processor.py:153} INFO - Started process (PID=170) to work on /home/airflow/.local/lib/python3.7/site-packages/airflow/example_dags/example_sensors.py
[2023-04-01T02:11:37.470+0000] {processor.py:743} INFO - Processing file /home/airflow/.local/lib/python3.7/site-packages/airflow/example_dags/example_sensors.py for tasks to queue
[2023-04-01T02:11:37.470+0000] {logging_mixin.py:137} INFO - [2023-04-01T02:11:37.470+0000] {dagbag.py:532} INFO - Filling up the DagBag from /home/airflow/.local/lib/python3.7/site-packages/airflow/example_dags/example_sensors.py
[2023-04-01T02:11:37.487+0000] {processor.py:753} INFO - DAG(s) dict_keys(['example_sensors']) retrieved from /home/airflow/.local/lib/python3.7/site-packages/airflow/example_dags/example_sensors.py
[2023-04-01T02:11:37.519+0000] {logging_mixin.py:137} INFO - [2023-04-01T02:11:37.518+0000] {dag.py:2693} INFO - Sync 1 DAGs
[2023-04-01T02:11:37.542+0000] {logging_mixin.py:137} INFO - [2023-04-01T02:11:37.542+0000] {dag.py:3444} INFO - Setting next_dagrun for example_sensors to None, run_after=None
[2023-04-01T02:11:37.558+0000] {processor.py:175} INFO - Processing /home/airflow/.local/lib/python3.7/site-packages/airflow/example_dags/example_sensors.py took 0.092 seconds
[2023-04-01T02:12:07.941+0000] {processor.py:153} INFO - Started process (PID=219) to work on /home/airflow/.local/lib/python3.7/site-packages/airflow/example_dags/example_sensors.py
[2023-04-01T02:12:07.941+0000] {processor.py:743} INFO - Processing file /home/airflow/.local/lib/python3.7/site-packages/airflow/example_dags/example_sensors.py for tasks to queue
[2023-04-01T02:12:07.942+0000] {logging_mixin.py:137} INFO - [2023-04-01T02:12:07.942+0000] {dagbag.py:532} INFO - Filling up the DagBag from /home/airflow/.local/lib/python3.7/site-packages/airflow/example_dags/example_sensors.py
[2023-04-01T02:12:07.960+0000] {processor.py:753} INFO - DAG(s) dict_keys(['example_sensors']) retrieved from /home/airflow/.local/lib/python3.7/site-packages/airflow/example_dags/example_sensors.py
[2023-04-01T02:12:07.991+0000] {logging_mixin.py:137} INFO - [2023-04-01T02:12:07.991+0000] {dag.py:2693} INFO - Sync 1 DAGs
[2023-04-01T02:12:08.015+0000] {logging_mixin.py:137} INFO - [2023-04-01T02:12:08.015+0000] {dag.py:3444} INFO - Setting next_dagrun for example_sensors to None, run_after=None
[2023-04-01T02:12:08.036+0000] {processor.py:175} INFO - Processing /home/airflow/.local/lib/python3.7/site-packages/airflow/example_dags/example_sensors.py took 0.099 seconds
[2023-04-01T02:12:38.412+0000] {processor.py:153} INFO - Started process (PID=268) to work on /home/airflow/.local/lib/python3.7/site-packages/airflow/example_dags/example_sensors.py
[2023-04-01T02:12:38.413+0000] {processor.py:743} INFO - Processing file /home/airflow/.local/lib/python3.7/site-packages/airflow/example_dags/example_sensors.py for tasks to queue
[2023-04-01T02:12:38.414+0000] {logging_mixin.py:137} INFO - [2023-04-01T02:12:38.414+0000] {dagbag.py:532} INFO - Filling up the DagBag from /home/airflow/.local/lib/python3.7/site-packages/airflow/example_dags/example_sensors.py
[2023-04-01T02:12:38.430+0000] {processor.py:753} INFO - DAG(s) dict_keys(['example_sensors']) retrieved from /home/airflow/.local/lib/python3.7/site-packages/airflow/example_dags/example_sensors.py
[2023-04-01T02:12:38.470+0000] {logging_mixin.py:137} INFO - [2023-04-01T02:12:38.470+0000] {dag.py:2693} INFO - Sync 1 DAGs
[2023-04-01T02:12:38.501+0000] {logging_mixin.py:137} INFO - [2023-04-01T02:12:38.500+0000] {dag.py:3444} INFO - Setting next_dagrun for example_sensors to None, run_after=None
[2023-04-01T02:12:38.518+0000] {processor.py:175} INFO - Processing /home/airflow/.local/lib/python3.7/site-packages/airflow/example_dags/example_sensors.py took 0.108 seconds
[2023-04-01T02:13:09.265+0000] {processor.py:153} INFO - Started process (PID=317) to work on /home/airflow/.local/lib/python3.7/site-packages/airflow/example_dags/example_sensors.py
[2023-04-01T02:13:09.266+0000] {processor.py:743} INFO - Processing file /home/airflow/.local/lib/python3.7/site-packages/airflow/example_dags/example_sensors.py for tasks to queue
[2023-04-01T02:13:09.268+0000] {logging_mixin.py:137} INFO - [2023-04-01T02:13:09.267+0000] {dagbag.py:532} INFO - Filling up the DagBag from /home/airflow/.local/lib/python3.7/site-packages/airflow/example_dags/example_sensors.py
[2023-04-01T02:13:09.291+0000] {processor.py:753} INFO - DAG(s) dict_keys(['example_sensors']) retrieved from /home/airflow/.local/lib/python3.7/site-packages/airflow/example_dags/example_sensors.py
[2023-04-01T02:13:09.335+0000] {logging_mixin.py:137} INFO - [2023-04-01T02:13:09.335+0000] {dag.py:2693} INFO - Sync 1 DAGs
[2023-04-01T02:13:09.364+0000] {logging_mixin.py:137} INFO - [2023-04-01T02:13:09.364+0000] {dag.py:3444} INFO - Setting next_dagrun for example_sensors to None, run_after=None
[2023-04-01T02:13:09.388+0000] {processor.py:175} INFO - Processing /home/airflow/.local/lib/python3.7/site-packages/airflow/example_dags/example_sensors.py took 0.127 seconds
