[2023-04-01T02:10:33.569+0000] {processor.py:153} INFO - Started process (PID=58) to work on /home/airflow/.local/lib/python3.7/site-packages/airflow/example_dags/example_branch_datetime_operator.py
[2023-04-01T02:10:33.570+0000] {processor.py:743} INFO - Processing file /home/airflow/.local/lib/python3.7/site-packages/airflow/example_dags/example_branch_datetime_operator.py for tasks to queue
[2023-04-01T02:10:33.570+0000] {logging_mixin.py:137} INFO - [2023-04-01T02:10:33.570+0000] {dagbag.py:532} INFO - Filling up the DagBag from /home/airflow/.local/lib/python3.7/site-packages/airflow/example_dags/example_branch_datetime_operator.py
[2023-04-01T02:10:33.589+0000] {processor.py:753} INFO - DAG(s) dict_keys(['example_branch_datetime_operator', 'example_branch_datetime_operator_3', 'example_branch_datetime_operator_2']) retrieved from /home/airflow/.local/lib/python3.7/site-packages/airflow/example_dags/example_branch_datetime_operator.py
[2023-04-01T02:10:33.760+0000] {logging_mixin.py:137} INFO - [2023-04-01T02:10:33.760+0000] {manager.py:504} INFO - Created Permission View: can edit on DAG:example_branch_datetime_operator
[2023-04-01T02:10:33.769+0000] {logging_mixin.py:137} INFO - [2023-04-01T02:10:33.769+0000] {manager.py:504} INFO - Created Permission View: can read on DAG:example_branch_datetime_operator
[2023-04-01T02:10:33.778+0000] {logging_mixin.py:137} INFO - [2023-04-01T02:10:33.777+0000] {manager.py:504} INFO - Created Permission View: can delete on DAG:example_branch_datetime_operator
[2023-04-01T02:10:33.796+0000] {logging_mixin.py:137} INFO - [2023-04-01T02:10:33.795+0000] {manager.py:504} INFO - Created Permission View: can edit on DAG:example_branch_datetime_operator_3
[2023-04-01T02:10:33.804+0000] {logging_mixin.py:137} INFO - [2023-04-01T02:10:33.804+0000] {manager.py:504} INFO - Created Permission View: can read on DAG:example_branch_datetime_operator_3
[2023-04-01T02:10:33.813+0000] {logging_mixin.py:137} INFO - [2023-04-01T02:10:33.812+0000] {manager.py:504} INFO - Created Permission View: can delete on DAG:example_branch_datetime_operator_3
[2023-04-01T02:10:33.829+0000] {logging_mixin.py:137} INFO - [2023-04-01T02:10:33.829+0000] {manager.py:504} INFO - Created Permission View: can edit on DAG:example_branch_datetime_operator_2
[2023-04-01T02:10:33.836+0000] {logging_mixin.py:137} INFO - [2023-04-01T02:10:33.836+0000] {manager.py:504} INFO - Created Permission View: can read on DAG:example_branch_datetime_operator_2
[2023-04-01T02:10:33.842+0000] {logging_mixin.py:137} INFO - [2023-04-01T02:10:33.842+0000] {manager.py:504} INFO - Created Permission View: can delete on DAG:example_branch_datetime_operator_2
[2023-04-01T02:10:33.842+0000] {logging_mixin.py:137} INFO - [2023-04-01T02:10:33.842+0000] {dag.py:2693} INFO - Sync 3 DAGs
[2023-04-01T02:10:33.855+0000] {logging_mixin.py:137} INFO - [2023-04-01T02:10:33.855+0000] {dag.py:2714} INFO - Creating ORM DAG for example_branch_datetime_operator_3
[2023-04-01T02:10:33.856+0000] {logging_mixin.py:137} INFO - [2023-04-01T02:10:33.855+0000] {dag.py:2714} INFO - Creating ORM DAG for example_branch_datetime_operator_2
[2023-04-01T02:10:33.856+0000] {logging_mixin.py:137} INFO - [2023-04-01T02:10:33.856+0000] {dag.py:2714} INFO - Creating ORM DAG for example_branch_datetime_operator
[2023-04-01T02:10:33.869+0000] {logging_mixin.py:137} INFO - [2023-04-01T02:10:33.869+0000] {dag.py:3444} INFO - Setting next_dagrun for example_branch_datetime_operator to 2023-03-31T00:00:00+00:00, run_after=2023-04-01T00:00:00+00:00
[2023-04-01T02:10:33.871+0000] {logging_mixin.py:137} INFO - [2023-04-01T02:10:33.871+0000] {dag.py:3444} INFO - Setting next_dagrun for example_branch_datetime_operator_2 to 2023-03-31T00:00:00+00:00, run_after=2023-04-01T00:00:00+00:00
[2023-04-01T02:10:33.872+0000] {logging_mixin.py:137} INFO - [2023-04-01T02:10:33.872+0000] {dag.py:3444} INFO - Setting next_dagrun for example_branch_datetime_operator_3 to 2023-03-31T00:00:00+00:00, run_after=2023-04-01T00:00:00+00:00
[2023-04-01T02:10:33.893+0000] {processor.py:175} INFO - Processing /home/airflow/.local/lib/python3.7/site-packages/airflow/example_dags/example_branch_datetime_operator.py took 0.326 seconds
[2023-04-01T02:11:04.684+0000] {processor.py:153} INFO - Started process (PID=107) to work on /home/airflow/.local/lib/python3.7/site-packages/airflow/example_dags/example_branch_datetime_operator.py
[2023-04-01T02:11:04.686+0000] {processor.py:743} INFO - Processing file /home/airflow/.local/lib/python3.7/site-packages/airflow/example_dags/example_branch_datetime_operator.py for tasks to queue
[2023-04-01T02:11:04.687+0000] {logging_mixin.py:137} INFO - [2023-04-01T02:11:04.687+0000] {dagbag.py:532} INFO - Filling up the DagBag from /home/airflow/.local/lib/python3.7/site-packages/airflow/example_dags/example_branch_datetime_operator.py
[2023-04-01T02:11:04.719+0000] {processor.py:753} INFO - DAG(s) dict_keys(['example_branch_datetime_operator', 'example_branch_datetime_operator_2', 'example_branch_datetime_operator_3']) retrieved from /home/airflow/.local/lib/python3.7/site-packages/airflow/example_dags/example_branch_datetime_operator.py
[2023-04-01T02:11:04.787+0000] {logging_mixin.py:137} INFO - [2023-04-01T02:11:04.786+0000] {dag.py:2693} INFO - Sync 3 DAGs
[2023-04-01T02:11:04.851+0000] {logging_mixin.py:137} INFO - [2023-04-01T02:11:04.851+0000] {dag.py:3444} INFO - Setting next_dagrun for example_branch_datetime_operator to 2023-03-31T00:00:00+00:00, run_after=2023-04-01T00:00:00+00:00
[2023-04-01T02:11:04.862+0000] {logging_mixin.py:137} INFO - [2023-04-01T02:11:04.862+0000] {dag.py:3444} INFO - Setting next_dagrun for example_branch_datetime_operator_2 to 2023-03-31T00:00:00+00:00, run_after=2023-04-01T00:00:00+00:00
[2023-04-01T02:11:04.869+0000] {logging_mixin.py:137} INFO - [2023-04-01T02:11:04.869+0000] {dag.py:3444} INFO - Setting next_dagrun for example_branch_datetime_operator_3 to 2023-03-31T00:00:00+00:00, run_after=2023-04-01T00:00:00+00:00
[2023-04-01T02:11:04.907+0000] {processor.py:175} INFO - Processing /home/airflow/.local/lib/python3.7/site-packages/airflow/example_dags/example_branch_datetime_operator.py took 0.228 seconds
[2023-04-01T02:11:35.682+0000] {processor.py:153} INFO - Started process (PID=156) to work on /home/airflow/.local/lib/python3.7/site-packages/airflow/example_dags/example_branch_datetime_operator.py
[2023-04-01T02:11:35.683+0000] {processor.py:743} INFO - Processing file /home/airflow/.local/lib/python3.7/site-packages/airflow/example_dags/example_branch_datetime_operator.py for tasks to queue
[2023-04-01T02:11:35.683+0000] {logging_mixin.py:137} INFO - [2023-04-01T02:11:35.683+0000] {dagbag.py:532} INFO - Filling up the DagBag from /home/airflow/.local/lib/python3.7/site-packages/airflow/example_dags/example_branch_datetime_operator.py
[2023-04-01T02:11:35.699+0000] {processor.py:753} INFO - DAG(s) dict_keys(['example_branch_datetime_operator_2', 'example_branch_datetime_operator', 'example_branch_datetime_operator_3']) retrieved from /home/airflow/.local/lib/python3.7/site-packages/airflow/example_dags/example_branch_datetime_operator.py
[2023-04-01T02:11:35.732+0000] {logging_mixin.py:137} INFO - [2023-04-01T02:11:35.732+0000] {dag.py:2693} INFO - Sync 3 DAGs
[2023-04-01T02:11:35.758+0000] {logging_mixin.py:137} INFO - [2023-04-01T02:11:35.758+0000] {dag.py:3444} INFO - Setting next_dagrun for example_branch_datetime_operator to 2023-03-31T00:00:00+00:00, run_after=2023-04-01T00:00:00+00:00
[2023-04-01T02:11:35.763+0000] {logging_mixin.py:137} INFO - [2023-04-01T02:11:35.763+0000] {dag.py:3444} INFO - Setting next_dagrun for example_branch_datetime_operator_2 to 2023-03-31T00:00:00+00:00, run_after=2023-04-01T00:00:00+00:00
[2023-04-01T02:11:35.766+0000] {logging_mixin.py:137} INFO - [2023-04-01T02:11:35.765+0000] {dag.py:3444} INFO - Setting next_dagrun for example_branch_datetime_operator_3 to 2023-03-31T00:00:00+00:00, run_after=2023-04-01T00:00:00+00:00
[2023-04-01T02:11:35.781+0000] {processor.py:175} INFO - Processing /home/airflow/.local/lib/python3.7/site-packages/airflow/example_dags/example_branch_datetime_operator.py took 0.101 seconds
[2023-04-01T02:12:06.142+0000] {processor.py:153} INFO - Started process (PID=205) to work on /home/airflow/.local/lib/python3.7/site-packages/airflow/example_dags/example_branch_datetime_operator.py
[2023-04-01T02:12:06.143+0000] {processor.py:743} INFO - Processing file /home/airflow/.local/lib/python3.7/site-packages/airflow/example_dags/example_branch_datetime_operator.py for tasks to queue
[2023-04-01T02:12:06.143+0000] {logging_mixin.py:137} INFO - [2023-04-01T02:12:06.143+0000] {dagbag.py:532} INFO - Filling up the DagBag from /home/airflow/.local/lib/python3.7/site-packages/airflow/example_dags/example_branch_datetime_operator.py
[2023-04-01T02:12:06.160+0000] {processor.py:753} INFO - DAG(s) dict_keys(['example_branch_datetime_operator', 'example_branch_datetime_operator_2', 'example_branch_datetime_operator_3']) retrieved from /home/airflow/.local/lib/python3.7/site-packages/airflow/example_dags/example_branch_datetime_operator.py
[2023-04-01T02:12:06.192+0000] {logging_mixin.py:137} INFO - [2023-04-01T02:12:06.192+0000] {dag.py:2693} INFO - Sync 3 DAGs
[2023-04-01T02:12:06.220+0000] {logging_mixin.py:137} INFO - [2023-04-01T02:12:06.219+0000] {dag.py:3444} INFO - Setting next_dagrun for example_branch_datetime_operator to 2023-03-31T00:00:00+00:00, run_after=2023-04-01T00:00:00+00:00
[2023-04-01T02:12:06.224+0000] {logging_mixin.py:137} INFO - [2023-04-01T02:12:06.224+0000] {dag.py:3444} INFO - Setting next_dagrun for example_branch_datetime_operator_2 to 2023-03-31T00:00:00+00:00, run_after=2023-04-01T00:00:00+00:00
[2023-04-01T02:12:06.227+0000] {logging_mixin.py:137} INFO - [2023-04-01T02:12:06.226+0000] {dag.py:3444} INFO - Setting next_dagrun for example_branch_datetime_operator_3 to 2023-03-31T00:00:00+00:00, run_after=2023-04-01T00:00:00+00:00
[2023-04-01T02:12:06.243+0000] {processor.py:175} INFO - Processing /home/airflow/.local/lib/python3.7/site-packages/airflow/example_dags/example_branch_datetime_operator.py took 0.104 seconds
[2023-04-01T02:12:36.625+0000] {processor.py:153} INFO - Started process (PID=254) to work on /home/airflow/.local/lib/python3.7/site-packages/airflow/example_dags/example_branch_datetime_operator.py
[2023-04-01T02:12:36.626+0000] {processor.py:743} INFO - Processing file /home/airflow/.local/lib/python3.7/site-packages/airflow/example_dags/example_branch_datetime_operator.py for tasks to queue
[2023-04-01T02:12:36.627+0000] {logging_mixin.py:137} INFO - [2023-04-01T02:12:36.626+0000] {dagbag.py:532} INFO - Filling up the DagBag from /home/airflow/.local/lib/python3.7/site-packages/airflow/example_dags/example_branch_datetime_operator.py
[2023-04-01T02:12:36.643+0000] {processor.py:753} INFO - DAG(s) dict_keys(['example_branch_datetime_operator_3', 'example_branch_datetime_operator_2', 'example_branch_datetime_operator']) retrieved from /home/airflow/.local/lib/python3.7/site-packages/airflow/example_dags/example_branch_datetime_operator.py
[2023-04-01T02:12:36.676+0000] {logging_mixin.py:137} INFO - [2023-04-01T02:12:36.675+0000] {dag.py:2693} INFO - Sync 3 DAGs
[2023-04-01T02:12:36.702+0000] {logging_mixin.py:137} INFO - [2023-04-01T02:12:36.702+0000] {dag.py:3444} INFO - Setting next_dagrun for example_branch_datetime_operator to 2023-03-31T00:00:00+00:00, run_after=2023-04-01T00:00:00+00:00
[2023-04-01T02:12:36.707+0000] {logging_mixin.py:137} INFO - [2023-04-01T02:12:36.706+0000] {dag.py:3444} INFO - Setting next_dagrun for example_branch_datetime_operator_2 to 2023-03-31T00:00:00+00:00, run_after=2023-04-01T00:00:00+00:00
[2023-04-01T02:12:36.709+0000] {logging_mixin.py:137} INFO - [2023-04-01T02:12:36.709+0000] {dag.py:3444} INFO - Setting next_dagrun for example_branch_datetime_operator_3 to 2023-03-31T00:00:00+00:00, run_after=2023-04-01T00:00:00+00:00
[2023-04-01T02:12:36.726+0000] {processor.py:175} INFO - Processing /home/airflow/.local/lib/python3.7/site-packages/airflow/example_dags/example_branch_datetime_operator.py took 0.105 seconds
[2023-04-01T02:13:07.256+0000] {processor.py:153} INFO - Started process (PID=303) to work on /home/airflow/.local/lib/python3.7/site-packages/airflow/example_dags/example_branch_datetime_operator.py
[2023-04-01T02:13:07.257+0000] {processor.py:743} INFO - Processing file /home/airflow/.local/lib/python3.7/site-packages/airflow/example_dags/example_branch_datetime_operator.py for tasks to queue
[2023-04-01T02:13:07.257+0000] {logging_mixin.py:137} INFO - [2023-04-01T02:13:07.257+0000] {dagbag.py:532} INFO - Filling up the DagBag from /home/airflow/.local/lib/python3.7/site-packages/airflow/example_dags/example_branch_datetime_operator.py
[2023-04-01T02:13:07.283+0000] {processor.py:753} INFO - DAG(s) dict_keys(['example_branch_datetime_operator', 'example_branch_datetime_operator_3', 'example_branch_datetime_operator_2']) retrieved from /home/airflow/.local/lib/python3.7/site-packages/airflow/example_dags/example_branch_datetime_operator.py
[2023-04-01T02:13:07.357+0000] {logging_mixin.py:137} INFO - [2023-04-01T02:13:07.357+0000] {dag.py:2693} INFO - Sync 3 DAGs
[2023-04-01T02:13:07.395+0000] {logging_mixin.py:137} INFO - [2023-04-01T02:13:07.395+0000] {dag.py:3444} INFO - Setting next_dagrun for example_branch_datetime_operator to 2023-03-31T00:00:00+00:00, run_after=2023-04-01T00:00:00+00:00
[2023-04-01T02:13:07.404+0000] {logging_mixin.py:137} INFO - [2023-04-01T02:13:07.403+0000] {dag.py:3444} INFO - Setting next_dagrun for example_branch_datetime_operator_2 to 2023-03-31T00:00:00+00:00, run_after=2023-04-01T00:00:00+00:00
[2023-04-01T02:13:07.410+0000] {logging_mixin.py:137} INFO - [2023-04-01T02:13:07.410+0000] {dag.py:3444} INFO - Setting next_dagrun for example_branch_datetime_operator_3 to 2023-03-31T00:00:00+00:00, run_after=2023-04-01T00:00:00+00:00
[2023-04-01T02:13:07.430+0000] {processor.py:175} INFO - Processing /home/airflow/.local/lib/python3.7/site-packages/airflow/example_dags/example_branch_datetime_operator.py took 0.177 seconds
