[2023-04-01T02:10:34.618+0000] {processor.py:153} INFO - Started process (PID=63) to work on /home/airflow/.local/lib/python3.7/site-packages/airflow/example_dags/example_sla_dag.py
[2023-04-01T02:10:34.619+0000] {processor.py:743} INFO - Processing file /home/airflow/.local/lib/python3.7/site-packages/airflow/example_dags/example_sla_dag.py for tasks to queue
[2023-04-01T02:10:34.620+0000] {logging_mixin.py:137} INFO - [2023-04-01T02:10:34.620+0000] {dagbag.py:532} INFO - Filling up the DagBag from /home/airflow/.local/lib/python3.7/site-packages/airflow/example_dags/example_sla_dag.py
[2023-04-01T02:10:34.663+0000] {processor.py:753} INFO - DAG(s) dict_keys(['example_sla_dag']) retrieved from /home/airflow/.local/lib/python3.7/site-packages/airflow/example_dags/example_sla_dag.py
[2023-04-01T02:10:34.916+0000] {logging_mixin.py:137} INFO - [2023-04-01T02:10:34.916+0000] {manager.py:504} INFO - Created Permission View: can edit on DAG:example_sla_dag
[2023-04-01T02:10:34.942+0000] {logging_mixin.py:137} INFO - [2023-04-01T02:10:34.942+0000] {manager.py:504} INFO - Created Permission View: can read on DAG:example_sla_dag
[2023-04-01T02:10:34.959+0000] {logging_mixin.py:137} INFO - [2023-04-01T02:10:34.959+0000] {manager.py:504} INFO - Created Permission View: can delete on DAG:example_sla_dag
[2023-04-01T02:10:34.960+0000] {logging_mixin.py:137} INFO - [2023-04-01T02:10:34.959+0000] {dag.py:2693} INFO - Sync 1 DAGs
[2023-04-01T02:10:34.994+0000] {logging_mixin.py:137} INFO - [2023-04-01T02:10:34.993+0000] {dag.py:2714} INFO - Creating ORM DAG for example_sla_dag
[2023-04-01T02:10:35.028+0000] {logging_mixin.py:137} INFO - [2023-04-01T02:10:35.028+0000] {dag.py:3444} INFO - Setting next_dagrun for example_sla_dag to 2023-04-01T02:08:00+00:00, run_after=2023-04-01T02:10:00+00:00
[2023-04-01T02:10:35.066+0000] {processor.py:175} INFO - Processing /home/airflow/.local/lib/python3.7/site-packages/airflow/example_dags/example_sla_dag.py took 0.453 seconds
[2023-04-01T02:11:05.305+0000] {processor.py:153} INFO - Started process (PID=112) to work on /home/airflow/.local/lib/python3.7/site-packages/airflow/example_dags/example_sla_dag.py
[2023-04-01T02:11:05.306+0000] {processor.py:743} INFO - Processing file /home/airflow/.local/lib/python3.7/site-packages/airflow/example_dags/example_sla_dag.py for tasks to queue
[2023-04-01T02:11:05.307+0000] {logging_mixin.py:137} INFO - [2023-04-01T02:11:05.307+0000] {dagbag.py:532} INFO - Filling up the DagBag from /home/airflow/.local/lib/python3.7/site-packages/airflow/example_dags/example_sla_dag.py
[2023-04-01T02:11:05.344+0000] {processor.py:753} INFO - DAG(s) dict_keys(['example_sla_dag']) retrieved from /home/airflow/.local/lib/python3.7/site-packages/airflow/example_dags/example_sla_dag.py
[2023-04-01T02:11:05.388+0000] {logging_mixin.py:137} INFO - [2023-04-01T02:11:05.388+0000] {dag.py:2693} INFO - Sync 1 DAGs
[2023-04-01T02:11:05.431+0000] {logging_mixin.py:137} INFO - [2023-04-01T02:11:05.431+0000] {dag.py:3444} INFO - Setting next_dagrun for example_sla_dag to 2023-04-01T02:08:00+00:00, run_after=2023-04-01T02:10:00+00:00
[2023-04-01T02:11:05.461+0000] {processor.py:175} INFO - Processing /home/airflow/.local/lib/python3.7/site-packages/airflow/example_dags/example_sla_dag.py took 0.161 seconds
[2023-04-01T02:11:35.986+0000] {processor.py:153} INFO - Started process (PID=161) to work on /home/airflow/.local/lib/python3.7/site-packages/airflow/example_dags/example_sla_dag.py
[2023-04-01T02:11:35.987+0000] {processor.py:743} INFO - Processing file /home/airflow/.local/lib/python3.7/site-packages/airflow/example_dags/example_sla_dag.py for tasks to queue
[2023-04-01T02:11:35.988+0000] {logging_mixin.py:137} INFO - [2023-04-01T02:11:35.987+0000] {dagbag.py:532} INFO - Filling up the DagBag from /home/airflow/.local/lib/python3.7/site-packages/airflow/example_dags/example_sla_dag.py
[2023-04-01T02:11:36.009+0000] {processor.py:753} INFO - DAG(s) dict_keys(['example_sla_dag']) retrieved from /home/airflow/.local/lib/python3.7/site-packages/airflow/example_dags/example_sla_dag.py
[2023-04-01T02:11:36.038+0000] {logging_mixin.py:137} INFO - [2023-04-01T02:11:36.037+0000] {dag.py:2693} INFO - Sync 1 DAGs
[2023-04-01T02:11:36.064+0000] {logging_mixin.py:137} INFO - [2023-04-01T02:11:36.064+0000] {dag.py:3444} INFO - Setting next_dagrun for example_sla_dag to 2023-04-01T02:08:00+00:00, run_after=2023-04-01T02:10:00+00:00
[2023-04-01T02:11:36.078+0000] {processor.py:175} INFO - Processing /home/airflow/.local/lib/python3.7/site-packages/airflow/example_dags/example_sla_dag.py took 0.094 seconds
[2023-04-01T02:12:06.457+0000] {processor.py:153} INFO - Started process (PID=210) to work on /home/airflow/.local/lib/python3.7/site-packages/airflow/example_dags/example_sla_dag.py
[2023-04-01T02:12:06.457+0000] {processor.py:743} INFO - Processing file /home/airflow/.local/lib/python3.7/site-packages/airflow/example_dags/example_sla_dag.py for tasks to queue
[2023-04-01T02:12:06.458+0000] {logging_mixin.py:137} INFO - [2023-04-01T02:12:06.458+0000] {dagbag.py:532} INFO - Filling up the DagBag from /home/airflow/.local/lib/python3.7/site-packages/airflow/example_dags/example_sla_dag.py
[2023-04-01T02:12:06.479+0000] {processor.py:753} INFO - DAG(s) dict_keys(['example_sla_dag']) retrieved from /home/airflow/.local/lib/python3.7/site-packages/airflow/example_dags/example_sla_dag.py
[2023-04-01T02:12:06.504+0000] {logging_mixin.py:137} INFO - [2023-04-01T02:12:06.504+0000] {dag.py:2693} INFO - Sync 1 DAGs
[2023-04-01T02:12:06.531+0000] {logging_mixin.py:137} INFO - [2023-04-01T02:12:06.531+0000] {dag.py:3444} INFO - Setting next_dagrun for example_sla_dag to 2023-04-01T02:10:00+00:00, run_after=2023-04-01T02:12:00+00:00
[2023-04-01T02:12:06.546+0000] {processor.py:175} INFO - Processing /home/airflow/.local/lib/python3.7/site-packages/airflow/example_dags/example_sla_dag.py took 0.093 seconds
[2023-04-01T02:12:36.938+0000] {processor.py:153} INFO - Started process (PID=259) to work on /home/airflow/.local/lib/python3.7/site-packages/airflow/example_dags/example_sla_dag.py
[2023-04-01T02:12:36.938+0000] {processor.py:743} INFO - Processing file /home/airflow/.local/lib/python3.7/site-packages/airflow/example_dags/example_sla_dag.py for tasks to queue
[2023-04-01T02:12:36.939+0000] {logging_mixin.py:137} INFO - [2023-04-01T02:12:36.939+0000] {dagbag.py:532} INFO - Filling up the DagBag from /home/airflow/.local/lib/python3.7/site-packages/airflow/example_dags/example_sla_dag.py
[2023-04-01T02:12:36.958+0000] {processor.py:753} INFO - DAG(s) dict_keys(['example_sla_dag']) retrieved from /home/airflow/.local/lib/python3.7/site-packages/airflow/example_dags/example_sla_dag.py
[2023-04-01T02:12:36.982+0000] {logging_mixin.py:137} INFO - [2023-04-01T02:12:36.982+0000] {dag.py:2693} INFO - Sync 1 DAGs
[2023-04-01T02:12:37.008+0000] {logging_mixin.py:137} INFO - [2023-04-01T02:12:37.007+0000] {dag.py:3444} INFO - Setting next_dagrun for example_sla_dag to 2023-04-01T02:10:00+00:00, run_after=2023-04-01T02:12:00+00:00
[2023-04-01T02:12:37.027+0000] {processor.py:175} INFO - Processing /home/airflow/.local/lib/python3.7/site-packages/airflow/example_dags/example_sla_dag.py took 0.092 seconds
[2023-04-01T02:13:07.691+0000] {processor.py:153} INFO - Started process (PID=308) to work on /home/airflow/.local/lib/python3.7/site-packages/airflow/example_dags/example_sla_dag.py
[2023-04-01T02:13:07.692+0000] {processor.py:743} INFO - Processing file /home/airflow/.local/lib/python3.7/site-packages/airflow/example_dags/example_sla_dag.py for tasks to queue
[2023-04-01T02:13:07.693+0000] {logging_mixin.py:137} INFO - [2023-04-01T02:13:07.692+0000] {dagbag.py:532} INFO - Filling up the DagBag from /home/airflow/.local/lib/python3.7/site-packages/airflow/example_dags/example_sla_dag.py
[2023-04-01T02:13:07.720+0000] {processor.py:753} INFO - DAG(s) dict_keys(['example_sla_dag']) retrieved from /home/airflow/.local/lib/python3.7/site-packages/airflow/example_dags/example_sla_dag.py
[2023-04-01T02:13:07.747+0000] {logging_mixin.py:137} INFO - [2023-04-01T02:13:07.747+0000] {dag.py:2693} INFO - Sync 1 DAGs
[2023-04-01T02:13:07.773+0000] {logging_mixin.py:137} INFO - [2023-04-01T02:13:07.773+0000] {dag.py:3444} INFO - Setting next_dagrun for example_sla_dag to 2023-04-01T02:10:00+00:00, run_after=2023-04-01T02:12:00+00:00
[2023-04-01T02:13:07.789+0000] {processor.py:175} INFO - Processing /home/airflow/.local/lib/python3.7/site-packages/airflow/example_dags/example_sla_dag.py took 0.100 seconds
