[2023-04-01T02:10:31.789+0000] {processor.py:153} INFO - Started process (PID=44) to work on /home/airflow/.local/lib/python3.7/site-packages/airflow/example_dags/example_xcomargs.py
[2023-04-01T02:10:31.790+0000] {processor.py:743} INFO - Processing file /home/airflow/.local/lib/python3.7/site-packages/airflow/example_dags/example_xcomargs.py for tasks to queue
[2023-04-01T02:10:31.790+0000] {logging_mixin.py:137} INFO - [2023-04-01T02:10:31.790+0000] {dagbag.py:532} INFO - Filling up the DagBag from /home/airflow/.local/lib/python3.7/site-packages/airflow/example_dags/example_xcomargs.py
[2023-04-01T02:10:31.812+0000] {processor.py:753} INFO - DAG(s) dict_keys(['example_xcom_args', 'example_xcom_args_with_operators']) retrieved from /home/airflow/.local/lib/python3.7/site-packages/airflow/example_dags/example_xcomargs.py
[2023-04-01T02:10:31.921+0000] {logging_mixin.py:137} INFO - [2023-04-01T02:10:31.921+0000] {manager.py:504} INFO - Created Permission View: can edit on DAG:example_xcom_args
[2023-04-01T02:10:31.932+0000] {logging_mixin.py:137} INFO - [2023-04-01T02:10:31.932+0000] {manager.py:504} INFO - Created Permission View: can read on DAG:example_xcom_args
[2023-04-01T02:10:31.941+0000] {logging_mixin.py:137} INFO - [2023-04-01T02:10:31.941+0000] {manager.py:504} INFO - Created Permission View: can delete on DAG:example_xcom_args
[2023-04-01T02:10:31.961+0000] {logging_mixin.py:137} INFO - [2023-04-01T02:10:31.961+0000] {manager.py:504} INFO - Created Permission View: can edit on DAG:example_xcom_args_with_operators
[2023-04-01T02:10:31.970+0000] {logging_mixin.py:137} INFO - [2023-04-01T02:10:31.970+0000] {manager.py:504} INFO - Created Permission View: can read on DAG:example_xcom_args_with_operators
[2023-04-01T02:10:31.982+0000] {logging_mixin.py:137} INFO - [2023-04-01T02:10:31.981+0000] {manager.py:504} INFO - Created Permission View: can delete on DAG:example_xcom_args_with_operators
[2023-04-01T02:10:31.982+0000] {logging_mixin.py:137} INFO - [2023-04-01T02:10:31.982+0000] {dag.py:2693} INFO - Sync 2 DAGs
[2023-04-01T02:10:32.004+0000] {logging_mixin.py:137} INFO - [2023-04-01T02:10:32.004+0000] {dag.py:2714} INFO - Creating ORM DAG for example_xcom_args_with_operators
[2023-04-01T02:10:32.005+0000] {logging_mixin.py:137} INFO - [2023-04-01T02:10:32.005+0000] {dag.py:2714} INFO - Creating ORM DAG for example_xcom_args
[2023-04-01T02:10:32.021+0000] {logging_mixin.py:137} INFO - [2023-04-01T02:10:32.021+0000] {dag.py:3444} INFO - Setting next_dagrun for example_xcom_args to None, run_after=None
[2023-04-01T02:10:32.022+0000] {logging_mixin.py:137} INFO - [2023-04-01T02:10:32.022+0000] {dag.py:3444} INFO - Setting next_dagrun for example_xcom_args_with_operators to None, run_after=None
[2023-04-01T02:10:32.051+0000] {processor.py:175} INFO - Processing /home/airflow/.local/lib/python3.7/site-packages/airflow/example_dags/example_xcomargs.py took 0.269 seconds
[2023-04-01T02:11:02.991+0000] {processor.py:153} INFO - Started process (PID=93) to work on /home/airflow/.local/lib/python3.7/site-packages/airflow/example_dags/example_xcomargs.py
[2023-04-01T02:11:02.993+0000] {processor.py:743} INFO - Processing file /home/airflow/.local/lib/python3.7/site-packages/airflow/example_dags/example_xcomargs.py for tasks to queue
[2023-04-01T02:11:02.994+0000] {logging_mixin.py:137} INFO - [2023-04-01T02:11:02.994+0000] {dagbag.py:532} INFO - Filling up the DagBag from /home/airflow/.local/lib/python3.7/site-packages/airflow/example_dags/example_xcomargs.py
[2023-04-01T02:11:03.019+0000] {processor.py:753} INFO - DAG(s) dict_keys(['example_xcom_args', 'example_xcom_args_with_operators']) retrieved from /home/airflow/.local/lib/python3.7/site-packages/airflow/example_dags/example_xcomargs.py
[2023-04-01T02:11:03.061+0000] {logging_mixin.py:137} INFO - [2023-04-01T02:11:03.061+0000] {dag.py:2693} INFO - Sync 2 DAGs
[2023-04-01T02:11:03.116+0000] {logging_mixin.py:137} INFO - [2023-04-01T02:11:03.116+0000] {dag.py:3444} INFO - Setting next_dagrun for example_xcom_args to None, run_after=None
[2023-04-01T02:11:03.123+0000] {logging_mixin.py:137} INFO - [2023-04-01T02:11:03.123+0000] {dag.py:3444} INFO - Setting next_dagrun for example_xcom_args_with_operators to None, run_after=None
[2023-04-01T02:11:03.154+0000] {processor.py:175} INFO - Processing /home/airflow/.local/lib/python3.7/site-packages/airflow/example_dags/example_xcomargs.py took 0.167 seconds
[2023-04-01T02:11:33.865+0000] {processor.py:153} INFO - Started process (PID=142) to work on /home/airflow/.local/lib/python3.7/site-packages/airflow/example_dags/example_xcomargs.py
[2023-04-01T02:11:33.866+0000] {processor.py:743} INFO - Processing file /home/airflow/.local/lib/python3.7/site-packages/airflow/example_dags/example_xcomargs.py for tasks to queue
[2023-04-01T02:11:33.866+0000] {logging_mixin.py:137} INFO - [2023-04-01T02:11:33.866+0000] {dagbag.py:532} INFO - Filling up the DagBag from /home/airflow/.local/lib/python3.7/site-packages/airflow/example_dags/example_xcomargs.py
[2023-04-01T02:11:33.887+0000] {processor.py:753} INFO - DAG(s) dict_keys(['example_xcom_args', 'example_xcom_args_with_operators']) retrieved from /home/airflow/.local/lib/python3.7/site-packages/airflow/example_dags/example_xcomargs.py
[2023-04-01T02:11:33.918+0000] {logging_mixin.py:137} INFO - [2023-04-01T02:11:33.918+0000] {dag.py:2693} INFO - Sync 2 DAGs
[2023-04-01T02:11:33.940+0000] {logging_mixin.py:137} INFO - [2023-04-01T02:11:33.940+0000] {dag.py:3444} INFO - Setting next_dagrun for example_xcom_args to None, run_after=None
[2023-04-01T02:11:33.943+0000] {logging_mixin.py:137} INFO - [2023-04-01T02:11:33.943+0000] {dag.py:3444} INFO - Setting next_dagrun for example_xcom_args_with_operators to None, run_after=None
[2023-04-01T02:11:33.959+0000] {processor.py:175} INFO - Processing /home/airflow/.local/lib/python3.7/site-packages/airflow/example_dags/example_xcomargs.py took 0.097 seconds
[2023-04-01T02:12:04.318+0000] {processor.py:153} INFO - Started process (PID=191) to work on /home/airflow/.local/lib/python3.7/site-packages/airflow/example_dags/example_xcomargs.py
[2023-04-01T02:12:04.319+0000] {processor.py:743} INFO - Processing file /home/airflow/.local/lib/python3.7/site-packages/airflow/example_dags/example_xcomargs.py for tasks to queue
[2023-04-01T02:12:04.320+0000] {logging_mixin.py:137} INFO - [2023-04-01T02:12:04.319+0000] {dagbag.py:532} INFO - Filling up the DagBag from /home/airflow/.local/lib/python3.7/site-packages/airflow/example_dags/example_xcomargs.py
[2023-04-01T02:12:04.341+0000] {processor.py:753} INFO - DAG(s) dict_keys(['example_xcom_args_with_operators', 'example_xcom_args']) retrieved from /home/airflow/.local/lib/python3.7/site-packages/airflow/example_dags/example_xcomargs.py
[2023-04-01T02:12:04.371+0000] {logging_mixin.py:137} INFO - [2023-04-01T02:12:04.370+0000] {dag.py:2693} INFO - Sync 2 DAGs
[2023-04-01T02:12:04.394+0000] {logging_mixin.py:137} INFO - [2023-04-01T02:12:04.394+0000] {dag.py:3444} INFO - Setting next_dagrun for example_xcom_args to None, run_after=None
[2023-04-01T02:12:04.397+0000] {logging_mixin.py:137} INFO - [2023-04-01T02:12:04.397+0000] {dag.py:3444} INFO - Setting next_dagrun for example_xcom_args_with_operators to None, run_after=None
[2023-04-01T02:12:04.412+0000] {processor.py:175} INFO - Processing /home/airflow/.local/lib/python3.7/site-packages/airflow/example_dags/example_xcomargs.py took 0.097 seconds
[2023-04-01T02:12:34.782+0000] {processor.py:153} INFO - Started process (PID=240) to work on /home/airflow/.local/lib/python3.7/site-packages/airflow/example_dags/example_xcomargs.py
[2023-04-01T02:12:34.783+0000] {processor.py:743} INFO - Processing file /home/airflow/.local/lib/python3.7/site-packages/airflow/example_dags/example_xcomargs.py for tasks to queue
[2023-04-01T02:12:34.784+0000] {logging_mixin.py:137} INFO - [2023-04-01T02:12:34.784+0000] {dagbag.py:532} INFO - Filling up the DagBag from /home/airflow/.local/lib/python3.7/site-packages/airflow/example_dags/example_xcomargs.py
[2023-04-01T02:12:34.804+0000] {processor.py:753} INFO - DAG(s) dict_keys(['example_xcom_args', 'example_xcom_args_with_operators']) retrieved from /home/airflow/.local/lib/python3.7/site-packages/airflow/example_dags/example_xcomargs.py
[2023-04-01T02:12:34.833+0000] {logging_mixin.py:137} INFO - [2023-04-01T02:12:34.833+0000] {dag.py:2693} INFO - Sync 2 DAGs
[2023-04-01T02:12:34.857+0000] {logging_mixin.py:137} INFO - [2023-04-01T02:12:34.856+0000] {dag.py:3444} INFO - Setting next_dagrun for example_xcom_args to None, run_after=None
[2023-04-01T02:12:34.859+0000] {logging_mixin.py:137} INFO - [2023-04-01T02:12:34.859+0000] {dag.py:3444} INFO - Setting next_dagrun for example_xcom_args_with_operators to None, run_after=None
[2023-04-01T02:12:34.877+0000] {processor.py:175} INFO - Processing /home/airflow/.local/lib/python3.7/site-packages/airflow/example_dags/example_xcomargs.py took 0.097 seconds
[2023-04-01T02:13:05.301+0000] {processor.py:153} INFO - Started process (PID=289) to work on /home/airflow/.local/lib/python3.7/site-packages/airflow/example_dags/example_xcomargs.py
[2023-04-01T02:13:05.303+0000] {processor.py:743} INFO - Processing file /home/airflow/.local/lib/python3.7/site-packages/airflow/example_dags/example_xcomargs.py for tasks to queue
[2023-04-01T02:13:05.305+0000] {logging_mixin.py:137} INFO - [2023-04-01T02:13:05.304+0000] {dagbag.py:532} INFO - Filling up the DagBag from /home/airflow/.local/lib/python3.7/site-packages/airflow/example_dags/example_xcomargs.py
[2023-04-01T02:13:05.343+0000] {processor.py:753} INFO - DAG(s) dict_keys(['example_xcom_args', 'example_xcom_args_with_operators']) retrieved from /home/airflow/.local/lib/python3.7/site-packages/airflow/example_dags/example_xcomargs.py
[2023-04-01T02:13:05.378+0000] {logging_mixin.py:137} INFO - [2023-04-01T02:13:05.378+0000] {dag.py:2693} INFO - Sync 2 DAGs
[2023-04-01T02:13:05.411+0000] {logging_mixin.py:137} INFO - [2023-04-01T02:13:05.411+0000] {dag.py:3444} INFO - Setting next_dagrun for example_xcom_args to None, run_after=None
[2023-04-01T02:13:05.415+0000] {logging_mixin.py:137} INFO - [2023-04-01T02:13:05.414+0000] {dag.py:3444} INFO - Setting next_dagrun for example_xcom_args_with_operators to None, run_after=None
[2023-04-01T02:13:05.442+0000] {processor.py:175} INFO - Processing /home/airflow/.local/lib/python3.7/site-packages/airflow/example_dags/example_xcomargs.py took 0.147 seconds
