[2023-04-01T02:10:33.064+0000] {processor.py:153} INFO - Started process (PID=54) to work on /home/airflow/.local/lib/python3.7/site-packages/airflow/example_dags/example_short_circuit_decorator.py
[2023-04-01T02:10:33.064+0000] {processor.py:743} INFO - Processing file /home/airflow/.local/lib/python3.7/site-packages/airflow/example_dags/example_short_circuit_decorator.py for tasks to queue
[2023-04-01T02:10:33.065+0000] {logging_mixin.py:137} INFO - [2023-04-01T02:10:33.064+0000] {dagbag.py:532} INFO - Filling up the DagBag from /home/airflow/.local/lib/python3.7/site-packages/airflow/example_dags/example_short_circuit_decorator.py
[2023-04-01T02:10:33.088+0000] {processor.py:753} INFO - DAG(s) dict_keys(['example_short_circuit_decorator']) retrieved from /home/airflow/.local/lib/python3.7/site-packages/airflow/example_dags/example_short_circuit_decorator.py
[2023-04-01T02:10:33.203+0000] {logging_mixin.py:137} INFO - [2023-04-01T02:10:33.203+0000] {manager.py:504} INFO - Created Permission View: can edit on DAG:example_short_circuit_decorator
[2023-04-01T02:10:33.216+0000] {logging_mixin.py:137} INFO - [2023-04-01T02:10:33.215+0000] {manager.py:504} INFO - Created Permission View: can read on DAG:example_short_circuit_decorator
[2023-04-01T02:10:33.223+0000] {logging_mixin.py:137} INFO - [2023-04-01T02:10:33.223+0000] {manager.py:504} INFO - Created Permission View: can delete on DAG:example_short_circuit_decorator
[2023-04-01T02:10:33.223+0000] {logging_mixin.py:137} INFO - [2023-04-01T02:10:33.223+0000] {dag.py:2693} INFO - Sync 1 DAGs
[2023-04-01T02:10:33.244+0000] {logging_mixin.py:137} INFO - [2023-04-01T02:10:33.244+0000] {dag.py:2714} INFO - Creating ORM DAG for example_short_circuit_decorator
[2023-04-01T02:10:33.267+0000] {logging_mixin.py:137} INFO - [2023-04-01T02:10:33.267+0000] {dag.py:3444} INFO - Setting next_dagrun for example_short_circuit_decorator to 2023-03-31T02:10:33.266938+00:00, run_after=2023-04-01T02:10:33.266938+00:00
[2023-04-01T02:10:33.301+0000] {processor.py:175} INFO - Processing /home/airflow/.local/lib/python3.7/site-packages/airflow/example_dags/example_short_circuit_decorator.py took 0.240 seconds
[2023-04-01T02:11:04.215+0000] {processor.py:153} INFO - Started process (PID=103) to work on /home/airflow/.local/lib/python3.7/site-packages/airflow/example_dags/example_short_circuit_decorator.py
[2023-04-01T02:11:04.217+0000] {processor.py:743} INFO - Processing file /home/airflow/.local/lib/python3.7/site-packages/airflow/example_dags/example_short_circuit_decorator.py for tasks to queue
[2023-04-01T02:11:04.219+0000] {logging_mixin.py:137} INFO - [2023-04-01T02:11:04.218+0000] {dagbag.py:532} INFO - Filling up the DagBag from /home/airflow/.local/lib/python3.7/site-packages/airflow/example_dags/example_short_circuit_decorator.py
[2023-04-01T02:11:04.272+0000] {processor.py:753} INFO - DAG(s) dict_keys(['example_short_circuit_decorator']) retrieved from /home/airflow/.local/lib/python3.7/site-packages/airflow/example_dags/example_short_circuit_decorator.py
[2023-04-01T02:11:04.332+0000] {logging_mixin.py:137} INFO - [2023-04-01T02:11:04.332+0000] {dag.py:2693} INFO - Sync 1 DAGs
[2023-04-01T02:11:04.385+0000] {logging_mixin.py:137} INFO - [2023-04-01T02:11:04.384+0000] {dag.py:3444} INFO - Setting next_dagrun for example_short_circuit_decorator to 2023-03-31T02:11:04.384158+00:00, run_after=2023-04-01T02:11:04.384158+00:00
[2023-04-01T02:11:04.430+0000] {processor.py:175} INFO - Processing /home/airflow/.local/lib/python3.7/site-packages/airflow/example_dags/example_short_circuit_decorator.py took 0.221 seconds
[2023-04-01T02:11:34.492+0000] {processor.py:153} INFO - Started process (PID=152) to work on /home/airflow/.local/lib/python3.7/site-packages/airflow/example_dags/example_short_circuit_decorator.py
[2023-04-01T02:11:34.492+0000] {processor.py:743} INFO - Processing file /home/airflow/.local/lib/python3.7/site-packages/airflow/example_dags/example_short_circuit_decorator.py for tasks to queue
[2023-04-01T02:11:34.493+0000] {logging_mixin.py:137} INFO - [2023-04-01T02:11:34.493+0000] {dagbag.py:532} INFO - Filling up the DagBag from /home/airflow/.local/lib/python3.7/site-packages/airflow/example_dags/example_short_circuit_decorator.py
[2023-04-01T02:11:34.515+0000] {processor.py:753} INFO - DAG(s) dict_keys(['example_short_circuit_decorator']) retrieved from /home/airflow/.local/lib/python3.7/site-packages/airflow/example_dags/example_short_circuit_decorator.py
[2023-04-01T02:11:34.544+0000] {logging_mixin.py:137} INFO - [2023-04-01T02:11:34.544+0000] {dag.py:2693} INFO - Sync 1 DAGs
[2023-04-01T02:11:34.566+0000] {logging_mixin.py:137} INFO - [2023-04-01T02:11:34.566+0000] {dag.py:3444} INFO - Setting next_dagrun for example_short_circuit_decorator to 2023-03-31T02:11:34.566473+00:00, run_after=2023-04-01T02:11:34.566473+00:00
[2023-04-01T02:11:34.581+0000] {processor.py:175} INFO - Processing /home/airflow/.local/lib/python3.7/site-packages/airflow/example_dags/example_short_circuit_decorator.py took 0.092 seconds
[2023-04-01T02:12:04.934+0000] {processor.py:153} INFO - Started process (PID=201) to work on /home/airflow/.local/lib/python3.7/site-packages/airflow/example_dags/example_short_circuit_decorator.py
[2023-04-01T02:12:04.935+0000] {processor.py:743} INFO - Processing file /home/airflow/.local/lib/python3.7/site-packages/airflow/example_dags/example_short_circuit_decorator.py for tasks to queue
[2023-04-01T02:12:04.935+0000] {logging_mixin.py:137} INFO - [2023-04-01T02:12:04.935+0000] {dagbag.py:532} INFO - Filling up the DagBag from /home/airflow/.local/lib/python3.7/site-packages/airflow/example_dags/example_short_circuit_decorator.py
[2023-04-01T02:12:04.958+0000] {processor.py:753} INFO - DAG(s) dict_keys(['example_short_circuit_decorator']) retrieved from /home/airflow/.local/lib/python3.7/site-packages/airflow/example_dags/example_short_circuit_decorator.py
[2023-04-01T02:12:04.985+0000] {logging_mixin.py:137} INFO - [2023-04-01T02:12:04.985+0000] {dag.py:2693} INFO - Sync 1 DAGs
[2023-04-01T02:12:05.009+0000] {logging_mixin.py:137} INFO - [2023-04-01T02:12:05.009+0000] {dag.py:3444} INFO - Setting next_dagrun for example_short_circuit_decorator to 2023-03-31T02:12:05.008916+00:00, run_after=2023-04-01T02:12:05.008916+00:00
[2023-04-01T02:12:05.031+0000] {processor.py:175} INFO - Processing /home/airflow/.local/lib/python3.7/site-packages/airflow/example_dags/example_short_circuit_decorator.py took 0.100 seconds
[2023-04-01T02:12:35.395+0000] {processor.py:153} INFO - Started process (PID=250) to work on /home/airflow/.local/lib/python3.7/site-packages/airflow/example_dags/example_short_circuit_decorator.py
[2023-04-01T02:12:35.396+0000] {processor.py:743} INFO - Processing file /home/airflow/.local/lib/python3.7/site-packages/airflow/example_dags/example_short_circuit_decorator.py for tasks to queue
[2023-04-01T02:12:35.396+0000] {logging_mixin.py:137} INFO - [2023-04-01T02:12:35.396+0000] {dagbag.py:532} INFO - Filling up the DagBag from /home/airflow/.local/lib/python3.7/site-packages/airflow/example_dags/example_short_circuit_decorator.py
[2023-04-01T02:12:35.418+0000] {processor.py:753} INFO - DAG(s) dict_keys(['example_short_circuit_decorator']) retrieved from /home/airflow/.local/lib/python3.7/site-packages/airflow/example_dags/example_short_circuit_decorator.py
[2023-04-01T02:12:35.450+0000] {logging_mixin.py:137} INFO - [2023-04-01T02:12:35.450+0000] {dag.py:2693} INFO - Sync 1 DAGs
[2023-04-01T02:12:35.476+0000] {logging_mixin.py:137} INFO - [2023-04-01T02:12:35.475+0000] {dag.py:3444} INFO - Setting next_dagrun for example_short_circuit_decorator to 2023-03-31T02:12:35.475799+00:00, run_after=2023-04-01T02:12:35.475799+00:00
[2023-04-01T02:12:35.496+0000] {processor.py:175} INFO - Processing /home/airflow/.local/lib/python3.7/site-packages/airflow/example_dags/example_short_circuit_decorator.py took 0.104 seconds
[2023-04-01T02:13:06.011+0000] {processor.py:153} INFO - Started process (PID=299) to work on /home/airflow/.local/lib/python3.7/site-packages/airflow/example_dags/example_short_circuit_decorator.py
[2023-04-01T02:13:06.012+0000] {processor.py:743} INFO - Processing file /home/airflow/.local/lib/python3.7/site-packages/airflow/example_dags/example_short_circuit_decorator.py for tasks to queue
[2023-04-01T02:13:06.012+0000] {logging_mixin.py:137} INFO - [2023-04-01T02:13:06.012+0000] {dagbag.py:532} INFO - Filling up the DagBag from /home/airflow/.local/lib/python3.7/site-packages/airflow/example_dags/example_short_circuit_decorator.py
[2023-04-01T02:13:06.038+0000] {processor.py:753} INFO - DAG(s) dict_keys(['example_short_circuit_decorator']) retrieved from /home/airflow/.local/lib/python3.7/site-packages/airflow/example_dags/example_short_circuit_decorator.py
[2023-04-01T02:13:06.069+0000] {logging_mixin.py:137} INFO - [2023-04-01T02:13:06.069+0000] {dag.py:2693} INFO - Sync 1 DAGs
[2023-04-01T02:13:06.095+0000] {logging_mixin.py:137} INFO - [2023-04-01T02:13:06.095+0000] {dag.py:3444} INFO - Setting next_dagrun for example_short_circuit_decorator to 2023-03-31T02:13:06.095217+00:00, run_after=2023-04-01T02:13:06.095217+00:00
[2023-04-01T02:13:06.111+0000] {processor.py:175} INFO - Processing /home/airflow/.local/lib/python3.7/site-packages/airflow/example_dags/example_short_circuit_decorator.py took 0.103 seconds
