[2023-04-01T02:10:31.799+0000] {processor.py:153} INFO - Started process (PID=45) to work on /home/airflow/.local/lib/python3.7/site-packages/airflow/example_dags/example_nested_branch_dag.py
[2023-04-01T02:10:31.800+0000] {processor.py:743} INFO - Processing file /home/airflow/.local/lib/python3.7/site-packages/airflow/example_dags/example_nested_branch_dag.py for tasks to queue
[2023-04-01T02:10:31.800+0000] {logging_mixin.py:137} INFO - [2023-04-01T02:10:31.800+0000] {dagbag.py:532} INFO - Filling up the DagBag from /home/airflow/.local/lib/python3.7/site-packages/airflow/example_dags/example_nested_branch_dag.py
[2023-04-01T02:10:31.824+0000] {processor.py:753} INFO - DAG(s) dict_keys(['example_nested_branch_dag']) retrieved from /home/airflow/.local/lib/python3.7/site-packages/airflow/example_dags/example_nested_branch_dag.py
[2023-04-01T02:10:31.942+0000] {logging_mixin.py:137} INFO - [2023-04-01T02:10:31.942+0000] {manager.py:504} INFO - Created Permission View: can edit on DAG:example_nested_branch_dag
[2023-04-01T02:10:31.950+0000] {logging_mixin.py:137} INFO - [2023-04-01T02:10:31.950+0000] {manager.py:504} INFO - Created Permission View: can read on DAG:example_nested_branch_dag
[2023-04-01T02:10:31.959+0000] {logging_mixin.py:137} INFO - [2023-04-01T02:10:31.959+0000] {manager.py:504} INFO - Created Permission View: can delete on DAG:example_nested_branch_dag
[2023-04-01T02:10:31.959+0000] {logging_mixin.py:137} INFO - [2023-04-01T02:10:31.959+0000] {dag.py:2693} INFO - Sync 1 DAGs
[2023-04-01T02:10:31.977+0000] {logging_mixin.py:137} INFO - [2023-04-01T02:10:31.977+0000] {dag.py:2714} INFO - Creating ORM DAG for example_nested_branch_dag
[2023-04-01T02:10:31.997+0000] {logging_mixin.py:137} INFO - [2023-04-01T02:10:31.997+0000] {dag.py:3444} INFO - Setting next_dagrun for example_nested_branch_dag to 2023-03-31T00:00:00+00:00, run_after=2023-04-01T00:00:00+00:00
[2023-04-01T02:10:32.020+0000] {processor.py:175} INFO - Processing /home/airflow/.local/lib/python3.7/site-packages/airflow/example_dags/example_nested_branch_dag.py took 0.223 seconds
[2023-04-01T02:11:02.996+0000] {processor.py:153} INFO - Started process (PID=94) to work on /home/airflow/.local/lib/python3.7/site-packages/airflow/example_dags/example_nested_branch_dag.py
[2023-04-01T02:11:02.997+0000] {processor.py:743} INFO - Processing file /home/airflow/.local/lib/python3.7/site-packages/airflow/example_dags/example_nested_branch_dag.py for tasks to queue
[2023-04-01T02:11:02.999+0000] {logging_mixin.py:137} INFO - [2023-04-01T02:11:02.999+0000] {dagbag.py:532} INFO - Filling up the DagBag from /home/airflow/.local/lib/python3.7/site-packages/airflow/example_dags/example_nested_branch_dag.py
[2023-04-01T02:11:03.022+0000] {processor.py:753} INFO - DAG(s) dict_keys(['example_nested_branch_dag']) retrieved from /home/airflow/.local/lib/python3.7/site-packages/airflow/example_dags/example_nested_branch_dag.py
[2023-04-01T02:11:03.056+0000] {logging_mixin.py:137} INFO - [2023-04-01T02:11:03.056+0000] {dag.py:2693} INFO - Sync 1 DAGs
[2023-04-01T02:11:03.113+0000] {logging_mixin.py:137} INFO - [2023-04-01T02:11:03.113+0000] {dag.py:3444} INFO - Setting next_dagrun for example_nested_branch_dag to 2023-03-31T00:00:00+00:00, run_after=2023-04-01T00:00:00+00:00
[2023-04-01T02:11:03.146+0000] {processor.py:175} INFO - Processing /home/airflow/.local/lib/python3.7/site-packages/airflow/example_dags/example_nested_branch_dag.py took 0.155 seconds
[2023-04-01T02:11:33.868+0000] {processor.py:153} INFO - Started process (PID=143) to work on /home/airflow/.local/lib/python3.7/site-packages/airflow/example_dags/example_nested_branch_dag.py
[2023-04-01T02:11:33.868+0000] {processor.py:743} INFO - Processing file /home/airflow/.local/lib/python3.7/site-packages/airflow/example_dags/example_nested_branch_dag.py for tasks to queue
[2023-04-01T02:11:33.869+0000] {logging_mixin.py:137} INFO - [2023-04-01T02:11:33.869+0000] {dagbag.py:532} INFO - Filling up the DagBag from /home/airflow/.local/lib/python3.7/site-packages/airflow/example_dags/example_nested_branch_dag.py
[2023-04-01T02:11:33.891+0000] {processor.py:753} INFO - DAG(s) dict_keys(['example_nested_branch_dag']) retrieved from /home/airflow/.local/lib/python3.7/site-packages/airflow/example_dags/example_nested_branch_dag.py
[2023-04-01T02:11:33.918+0000] {logging_mixin.py:137} INFO - [2023-04-01T02:11:33.918+0000] {dag.py:2693} INFO - Sync 1 DAGs
[2023-04-01T02:11:33.942+0000] {logging_mixin.py:137} INFO - [2023-04-01T02:11:33.942+0000] {dag.py:3444} INFO - Setting next_dagrun for example_nested_branch_dag to 2023-03-31T00:00:00+00:00, run_after=2023-04-01T00:00:00+00:00
[2023-04-01T02:11:33.959+0000] {processor.py:175} INFO - Processing /home/airflow/.local/lib/python3.7/site-packages/airflow/example_dags/example_nested_branch_dag.py took 0.094 seconds
[2023-04-01T02:12:04.321+0000] {processor.py:153} INFO - Started process (PID=192) to work on /home/airflow/.local/lib/python3.7/site-packages/airflow/example_dags/example_nested_branch_dag.py
[2023-04-01T02:12:04.322+0000] {processor.py:743} INFO - Processing file /home/airflow/.local/lib/python3.7/site-packages/airflow/example_dags/example_nested_branch_dag.py for tasks to queue
[2023-04-01T02:12:04.323+0000] {logging_mixin.py:137} INFO - [2023-04-01T02:12:04.323+0000] {dagbag.py:532} INFO - Filling up the DagBag from /home/airflow/.local/lib/python3.7/site-packages/airflow/example_dags/example_nested_branch_dag.py
[2023-04-01T02:12:04.344+0000] {processor.py:753} INFO - DAG(s) dict_keys(['example_nested_branch_dag']) retrieved from /home/airflow/.local/lib/python3.7/site-packages/airflow/example_dags/example_nested_branch_dag.py
[2023-04-01T02:12:04.371+0000] {logging_mixin.py:137} INFO - [2023-04-01T02:12:04.371+0000] {dag.py:2693} INFO - Sync 1 DAGs
[2023-04-01T02:12:04.395+0000] {logging_mixin.py:137} INFO - [2023-04-01T02:12:04.395+0000] {dag.py:3444} INFO - Setting next_dagrun for example_nested_branch_dag to 2023-03-31T00:00:00+00:00, run_after=2023-04-01T00:00:00+00:00
[2023-04-01T02:12:04.413+0000] {processor.py:175} INFO - Processing /home/airflow/.local/lib/python3.7/site-packages/airflow/example_dags/example_nested_branch_dag.py took 0.094 seconds
[2023-04-01T02:12:34.785+0000] {processor.py:153} INFO - Started process (PID=241) to work on /home/airflow/.local/lib/python3.7/site-packages/airflow/example_dags/example_nested_branch_dag.py
[2023-04-01T02:12:34.786+0000] {processor.py:743} INFO - Processing file /home/airflow/.local/lib/python3.7/site-packages/airflow/example_dags/example_nested_branch_dag.py for tasks to queue
[2023-04-01T02:12:34.787+0000] {logging_mixin.py:137} INFO - [2023-04-01T02:12:34.787+0000] {dagbag.py:532} INFO - Filling up the DagBag from /home/airflow/.local/lib/python3.7/site-packages/airflow/example_dags/example_nested_branch_dag.py
[2023-04-01T02:12:34.807+0000] {processor.py:753} INFO - DAG(s) dict_keys(['example_nested_branch_dag']) retrieved from /home/airflow/.local/lib/python3.7/site-packages/airflow/example_dags/example_nested_branch_dag.py
[2023-04-01T02:12:34.834+0000] {logging_mixin.py:137} INFO - [2023-04-01T02:12:34.834+0000] {dag.py:2693} INFO - Sync 1 DAGs
[2023-04-01T02:12:34.858+0000] {logging_mixin.py:137} INFO - [2023-04-01T02:12:34.858+0000] {dag.py:3444} INFO - Setting next_dagrun for example_nested_branch_dag to 2023-03-31T00:00:00+00:00, run_after=2023-04-01T00:00:00+00:00
[2023-04-01T02:12:34.877+0000] {processor.py:175} INFO - Processing /home/airflow/.local/lib/python3.7/site-packages/airflow/example_dags/example_nested_branch_dag.py took 0.095 seconds
[2023-04-01T02:13:05.309+0000] {processor.py:153} INFO - Started process (PID=290) to work on /home/airflow/.local/lib/python3.7/site-packages/airflow/example_dags/example_nested_branch_dag.py
[2023-04-01T02:13:05.311+0000] {processor.py:743} INFO - Processing file /home/airflow/.local/lib/python3.7/site-packages/airflow/example_dags/example_nested_branch_dag.py for tasks to queue
[2023-04-01T02:13:05.312+0000] {logging_mixin.py:137} INFO - [2023-04-01T02:13:05.312+0000] {dagbag.py:532} INFO - Filling up the DagBag from /home/airflow/.local/lib/python3.7/site-packages/airflow/example_dags/example_nested_branch_dag.py
[2023-04-01T02:13:05.347+0000] {processor.py:753} INFO - DAG(s) dict_keys(['example_nested_branch_dag']) retrieved from /home/airflow/.local/lib/python3.7/site-packages/airflow/example_dags/example_nested_branch_dag.py
[2023-04-01T02:13:05.379+0000] {logging_mixin.py:137} INFO - [2023-04-01T02:13:05.379+0000] {dag.py:2693} INFO - Sync 1 DAGs
[2023-04-01T02:13:05.411+0000] {logging_mixin.py:137} INFO - [2023-04-01T02:13:05.411+0000] {dag.py:3444} INFO - Setting next_dagrun for example_nested_branch_dag to 2023-03-31T00:00:00+00:00, run_after=2023-04-01T00:00:00+00:00
[2023-04-01T02:13:05.436+0000] {processor.py:175} INFO - Processing /home/airflow/.local/lib/python3.7/site-packages/airflow/example_dags/example_nested_branch_dag.py took 0.134 seconds
