[2023-04-01T02:10:33.403+0000] {processor.py:153} INFO - Started process (PID=57) to work on /home/airflow/.local/lib/python3.7/site-packages/airflow/example_dags/example_sensor_decorator.py
[2023-04-01T02:10:33.404+0000] {processor.py:743} INFO - Processing file /home/airflow/.local/lib/python3.7/site-packages/airflow/example_dags/example_sensor_decorator.py for tasks to queue
[2023-04-01T02:10:33.405+0000] {logging_mixin.py:137} INFO - [2023-04-01T02:10:33.404+0000] {dagbag.py:532} INFO - Filling up the DagBag from /home/airflow/.local/lib/python3.7/site-packages/airflow/example_dags/example_sensor_decorator.py
[2023-04-01T02:10:33.425+0000] {processor.py:753} INFO - DAG(s) dict_keys(['example_sensor_decorator']) retrieved from /home/airflow/.local/lib/python3.7/site-packages/airflow/example_dags/example_sensor_decorator.py
[2023-04-01T02:10:33.543+0000] {logging_mixin.py:137} INFO - [2023-04-01T02:10:33.543+0000] {manager.py:504} INFO - Created Permission View: can edit on DAG:example_sensor_decorator
[2023-04-01T02:10:33.552+0000] {logging_mixin.py:137} INFO - [2023-04-01T02:10:33.552+0000] {manager.py:504} INFO - Created Permission View: can read on DAG:example_sensor_decorator
[2023-04-01T02:10:33.560+0000] {logging_mixin.py:137} INFO - [2023-04-01T02:10:33.560+0000] {manager.py:504} INFO - Created Permission View: can delete on DAG:example_sensor_decorator
[2023-04-01T02:10:33.560+0000] {logging_mixin.py:137} INFO - [2023-04-01T02:10:33.560+0000] {dag.py:2693} INFO - Sync 1 DAGs
[2023-04-01T02:10:33.576+0000] {logging_mixin.py:137} INFO - [2023-04-01T02:10:33.576+0000] {dag.py:2714} INFO - Creating ORM DAG for example_sensor_decorator
[2023-04-01T02:10:33.588+0000] {logging_mixin.py:137} INFO - [2023-04-01T02:10:33.588+0000] {dag.py:3444} INFO - Setting next_dagrun for example_sensor_decorator to None, run_after=None
[2023-04-01T02:10:33.619+0000] {processor.py:175} INFO - Processing /home/airflow/.local/lib/python3.7/site-packages/airflow/example_dags/example_sensor_decorator.py took 0.218 seconds
[2023-04-01T02:11:04.657+0000] {processor.py:153} INFO - Started process (PID=106) to work on /home/airflow/.local/lib/python3.7/site-packages/airflow/example_dags/example_sensor_decorator.py
[2023-04-01T02:11:04.659+0000] {processor.py:743} INFO - Processing file /home/airflow/.local/lib/python3.7/site-packages/airflow/example_dags/example_sensor_decorator.py for tasks to queue
[2023-04-01T02:11:04.660+0000] {logging_mixin.py:137} INFO - [2023-04-01T02:11:04.660+0000] {dagbag.py:532} INFO - Filling up the DagBag from /home/airflow/.local/lib/python3.7/site-packages/airflow/example_dags/example_sensor_decorator.py
[2023-04-01T02:11:04.703+0000] {processor.py:753} INFO - DAG(s) dict_keys(['example_sensor_decorator']) retrieved from /home/airflow/.local/lib/python3.7/site-packages/airflow/example_dags/example_sensor_decorator.py
[2023-04-01T02:11:04.752+0000] {logging_mixin.py:137} INFO - [2023-04-01T02:11:04.752+0000] {dag.py:2693} INFO - Sync 1 DAGs
[2023-04-01T02:11:04.801+0000] {logging_mixin.py:137} INFO - [2023-04-01T02:11:04.800+0000] {dag.py:3444} INFO - Setting next_dagrun for example_sensor_decorator to None, run_after=None
[2023-04-01T02:11:04.843+0000] {processor.py:175} INFO - Processing /home/airflow/.local/lib/python3.7/site-packages/airflow/example_dags/example_sensor_decorator.py took 0.193 seconds
[2023-04-01T02:11:35.670+0000] {processor.py:153} INFO - Started process (PID=155) to work on /home/airflow/.local/lib/python3.7/site-packages/airflow/example_dags/example_sensor_decorator.py
[2023-04-01T02:11:35.671+0000] {processor.py:743} INFO - Processing file /home/airflow/.local/lib/python3.7/site-packages/airflow/example_dags/example_sensor_decorator.py for tasks to queue
[2023-04-01T02:11:35.671+0000] {logging_mixin.py:137} INFO - [2023-04-01T02:11:35.671+0000] {dagbag.py:532} INFO - Filling up the DagBag from /home/airflow/.local/lib/python3.7/site-packages/airflow/example_dags/example_sensor_decorator.py
[2023-04-01T02:11:35.691+0000] {processor.py:753} INFO - DAG(s) dict_keys(['example_sensor_decorator']) retrieved from /home/airflow/.local/lib/python3.7/site-packages/airflow/example_dags/example_sensor_decorator.py
[2023-04-01T02:11:35.715+0000] {logging_mixin.py:137} INFO - [2023-04-01T02:11:35.715+0000] {dag.py:2693} INFO - Sync 1 DAGs
[2023-04-01T02:11:35.738+0000] {logging_mixin.py:137} INFO - [2023-04-01T02:11:35.738+0000] {dag.py:3444} INFO - Setting next_dagrun for example_sensor_decorator to None, run_after=None
[2023-04-01T02:11:35.754+0000] {processor.py:175} INFO - Processing /home/airflow/.local/lib/python3.7/site-packages/airflow/example_dags/example_sensor_decorator.py took 0.087 seconds
[2023-04-01T02:12:06.129+0000] {processor.py:153} INFO - Started process (PID=204) to work on /home/airflow/.local/lib/python3.7/site-packages/airflow/example_dags/example_sensor_decorator.py
[2023-04-01T02:12:06.130+0000] {processor.py:743} INFO - Processing file /home/airflow/.local/lib/python3.7/site-packages/airflow/example_dags/example_sensor_decorator.py for tasks to queue
[2023-04-01T02:12:06.130+0000] {logging_mixin.py:137} INFO - [2023-04-01T02:12:06.130+0000] {dagbag.py:532} INFO - Filling up the DagBag from /home/airflow/.local/lib/python3.7/site-packages/airflow/example_dags/example_sensor_decorator.py
[2023-04-01T02:12:06.150+0000] {processor.py:753} INFO - DAG(s) dict_keys(['example_sensor_decorator']) retrieved from /home/airflow/.local/lib/python3.7/site-packages/airflow/example_dags/example_sensor_decorator.py
[2023-04-01T02:12:06.174+0000] {logging_mixin.py:137} INFO - [2023-04-01T02:12:06.174+0000] {dag.py:2693} INFO - Sync 1 DAGs
[2023-04-01T02:12:06.197+0000] {logging_mixin.py:137} INFO - [2023-04-01T02:12:06.197+0000] {dag.py:3444} INFO - Setting next_dagrun for example_sensor_decorator to None, run_after=None
[2023-04-01T02:12:06.214+0000] {processor.py:175} INFO - Processing /home/airflow/.local/lib/python3.7/site-packages/airflow/example_dags/example_sensor_decorator.py took 0.087 seconds
[2023-04-01T02:12:36.610+0000] {processor.py:153} INFO - Started process (PID=253) to work on /home/airflow/.local/lib/python3.7/site-packages/airflow/example_dags/example_sensor_decorator.py
[2023-04-01T02:12:36.611+0000] {processor.py:743} INFO - Processing file /home/airflow/.local/lib/python3.7/site-packages/airflow/example_dags/example_sensor_decorator.py for tasks to queue
[2023-04-01T02:12:36.611+0000] {logging_mixin.py:137} INFO - [2023-04-01T02:12:36.611+0000] {dagbag.py:532} INFO - Filling up the DagBag from /home/airflow/.local/lib/python3.7/site-packages/airflow/example_dags/example_sensor_decorator.py
[2023-04-01T02:12:36.630+0000] {processor.py:753} INFO - DAG(s) dict_keys(['example_sensor_decorator']) retrieved from /home/airflow/.local/lib/python3.7/site-packages/airflow/example_dags/example_sensor_decorator.py
[2023-04-01T02:12:36.655+0000] {logging_mixin.py:137} INFO - [2023-04-01T02:12:36.655+0000] {dag.py:2693} INFO - Sync 1 DAGs
[2023-04-01T02:12:36.679+0000] {logging_mixin.py:137} INFO - [2023-04-01T02:12:36.679+0000] {dag.py:3444} INFO - Setting next_dagrun for example_sensor_decorator to None, run_after=None
[2023-04-01T02:12:36.695+0000] {processor.py:175} INFO - Processing /home/airflow/.local/lib/python3.7/site-packages/airflow/example_dags/example_sensor_decorator.py took 0.088 seconds
[2023-04-01T02:13:07.241+0000] {processor.py:153} INFO - Started process (PID=302) to work on /home/airflow/.local/lib/python3.7/site-packages/airflow/example_dags/example_sensor_decorator.py
[2023-04-01T02:13:07.242+0000] {processor.py:743} INFO - Processing file /home/airflow/.local/lib/python3.7/site-packages/airflow/example_dags/example_sensor_decorator.py for tasks to queue
[2023-04-01T02:13:07.242+0000] {logging_mixin.py:137} INFO - [2023-04-01T02:13:07.242+0000] {dagbag.py:532} INFO - Filling up the DagBag from /home/airflow/.local/lib/python3.7/site-packages/airflow/example_dags/example_sensor_decorator.py
[2023-04-01T02:13:07.262+0000] {processor.py:753} INFO - DAG(s) dict_keys(['example_sensor_decorator']) retrieved from /home/airflow/.local/lib/python3.7/site-packages/airflow/example_dags/example_sensor_decorator.py
[2023-04-01T02:13:07.324+0000] {logging_mixin.py:137} INFO - [2023-04-01T02:13:07.324+0000] {dag.py:2693} INFO - Sync 1 DAGs
[2023-04-01T02:13:07.369+0000] {logging_mixin.py:137} INFO - [2023-04-01T02:13:07.369+0000] {dag.py:3444} INFO - Setting next_dagrun for example_sensor_decorator to None, run_after=None
[2023-04-01T02:13:07.392+0000] {processor.py:175} INFO - Processing /home/airflow/.local/lib/python3.7/site-packages/airflow/example_dags/example_sensor_decorator.py took 0.153 seconds
