[2023-04-01T02:10:33.924+0000] {processor.py:153} INFO - Started process (PID=60) to work on /home/airflow/.local/lib/python3.7/site-packages/airflow/example_dags/example_external_task_marker_dag.py
[2023-04-01T02:10:33.925+0000] {processor.py:743} INFO - Processing file /home/airflow/.local/lib/python3.7/site-packages/airflow/example_dags/example_external_task_marker_dag.py for tasks to queue
[2023-04-01T02:10:33.926+0000] {logging_mixin.py:137} INFO - [2023-04-01T02:10:33.926+0000] {dagbag.py:532} INFO - Filling up the DagBag from /home/airflow/.local/lib/python3.7/site-packages/airflow/example_dags/example_external_task_marker_dag.py
[2023-04-01T02:10:33.950+0000] {processor.py:753} INFO - DAG(s) dict_keys(['example_external_task_marker_parent', 'example_external_task_marker_child']) retrieved from /home/airflow/.local/lib/python3.7/site-packages/airflow/example_dags/example_external_task_marker_dag.py
[2023-04-01T02:10:34.088+0000] {logging_mixin.py:137} INFO - [2023-04-01T02:10:34.088+0000] {manager.py:504} INFO - Created Permission View: can edit on DAG:example_external_task_marker_parent
[2023-04-01T02:10:34.097+0000] {logging_mixin.py:137} INFO - [2023-04-01T02:10:34.097+0000] {manager.py:504} INFO - Created Permission View: can read on DAG:example_external_task_marker_parent
[2023-04-01T02:10:34.103+0000] {logging_mixin.py:137} INFO - [2023-04-01T02:10:34.103+0000] {manager.py:504} INFO - Created Permission View: can delete on DAG:example_external_task_marker_parent
[2023-04-01T02:10:34.119+0000] {logging_mixin.py:137} INFO - [2023-04-01T02:10:34.119+0000] {manager.py:504} INFO - Created Permission View: can edit on DAG:example_external_task_marker_child
[2023-04-01T02:10:34.127+0000] {logging_mixin.py:137} INFO - [2023-04-01T02:10:34.127+0000] {manager.py:504} INFO - Created Permission View: can read on DAG:example_external_task_marker_child
[2023-04-01T02:10:34.135+0000] {logging_mixin.py:137} INFO - [2023-04-01T02:10:34.135+0000] {manager.py:504} INFO - Created Permission View: can delete on DAG:example_external_task_marker_child
[2023-04-01T02:10:34.136+0000] {logging_mixin.py:137} INFO - [2023-04-01T02:10:34.136+0000] {dag.py:2693} INFO - Sync 2 DAGs
[2023-04-01T02:10:34.156+0000] {logging_mixin.py:137} INFO - [2023-04-01T02:10:34.156+0000] {dag.py:2714} INFO - Creating ORM DAG for example_external_task_marker_child
[2023-04-01T02:10:34.157+0000] {logging_mixin.py:137} INFO - [2023-04-01T02:10:34.157+0000] {dag.py:2714} INFO - Creating ORM DAG for example_external_task_marker_parent
[2023-04-01T02:10:34.178+0000] {logging_mixin.py:137} INFO - [2023-04-01T02:10:34.178+0000] {dag.py:3444} INFO - Setting next_dagrun for example_external_task_marker_child to None, run_after=None
[2023-04-01T02:10:34.179+0000] {logging_mixin.py:137} INFO - [2023-04-01T02:10:34.179+0000] {dag.py:3444} INFO - Setting next_dagrun for example_external_task_marker_parent to None, run_after=None
[2023-04-01T02:10:34.215+0000] {processor.py:175} INFO - Processing /home/airflow/.local/lib/python3.7/site-packages/airflow/example_dags/example_external_task_marker_dag.py took 0.298 seconds
[2023-04-01T02:11:04.943+0000] {processor.py:153} INFO - Started process (PID=109) to work on /home/airflow/.local/lib/python3.7/site-packages/airflow/example_dags/example_external_task_marker_dag.py
[2023-04-01T02:11:04.944+0000] {processor.py:743} INFO - Processing file /home/airflow/.local/lib/python3.7/site-packages/airflow/example_dags/example_external_task_marker_dag.py for tasks to queue
[2023-04-01T02:11:04.945+0000] {logging_mixin.py:137} INFO - [2023-04-01T02:11:04.944+0000] {dagbag.py:532} INFO - Filling up the DagBag from /home/airflow/.local/lib/python3.7/site-packages/airflow/example_dags/example_external_task_marker_dag.py
[2023-04-01T02:11:04.965+0000] {processor.py:753} INFO - DAG(s) dict_keys(['example_external_task_marker_child', 'example_external_task_marker_parent']) retrieved from /home/airflow/.local/lib/python3.7/site-packages/airflow/example_dags/example_external_task_marker_dag.py
[2023-04-01T02:11:05.003+0000] {logging_mixin.py:137} INFO - [2023-04-01T02:11:05.003+0000] {dag.py:2693} INFO - Sync 2 DAGs
[2023-04-01T02:11:05.062+0000] {logging_mixin.py:137} INFO - [2023-04-01T02:11:05.062+0000] {dag.py:3444} INFO - Setting next_dagrun for example_external_task_marker_child to None, run_after=None
[2023-04-01T02:11:05.069+0000] {logging_mixin.py:137} INFO - [2023-04-01T02:11:05.069+0000] {dag.py:3444} INFO - Setting next_dagrun for example_external_task_marker_parent to None, run_after=None
[2023-04-01T02:11:05.101+0000] {processor.py:175} INFO - Processing /home/airflow/.local/lib/python3.7/site-packages/airflow/example_dags/example_external_task_marker_dag.py took 0.163 seconds
[2023-04-01T02:11:35.797+0000] {processor.py:153} INFO - Started process (PID=158) to work on /home/airflow/.local/lib/python3.7/site-packages/airflow/example_dags/example_external_task_marker_dag.py
[2023-04-01T02:11:35.798+0000] {processor.py:743} INFO - Processing file /home/airflow/.local/lib/python3.7/site-packages/airflow/example_dags/example_external_task_marker_dag.py for tasks to queue
[2023-04-01T02:11:35.798+0000] {logging_mixin.py:137} INFO - [2023-04-01T02:11:35.798+0000] {dagbag.py:532} INFO - Filling up the DagBag from /home/airflow/.local/lib/python3.7/site-packages/airflow/example_dags/example_external_task_marker_dag.py
[2023-04-01T02:11:35.810+0000] {processor.py:753} INFO - DAG(s) dict_keys(['example_external_task_marker_parent', 'example_external_task_marker_child']) retrieved from /home/airflow/.local/lib/python3.7/site-packages/airflow/example_dags/example_external_task_marker_dag.py
[2023-04-01T02:11:35.838+0000] {logging_mixin.py:137} INFO - [2023-04-01T02:11:35.838+0000] {dag.py:2693} INFO - Sync 2 DAGs
[2023-04-01T02:11:35.861+0000] {logging_mixin.py:137} INFO - [2023-04-01T02:11:35.861+0000] {dag.py:3444} INFO - Setting next_dagrun for example_external_task_marker_child to None, run_after=None
[2023-04-01T02:11:35.864+0000] {logging_mixin.py:137} INFO - [2023-04-01T02:11:35.864+0000] {dag.py:3444} INFO - Setting next_dagrun for example_external_task_marker_parent to None, run_after=None
[2023-04-01T02:11:35.879+0000] {processor.py:175} INFO - Processing /home/airflow/.local/lib/python3.7/site-packages/airflow/example_dags/example_external_task_marker_dag.py took 0.085 seconds
[2023-04-01T02:12:06.260+0000] {processor.py:153} INFO - Started process (PID=207) to work on /home/airflow/.local/lib/python3.7/site-packages/airflow/example_dags/example_external_task_marker_dag.py
[2023-04-01T02:12:06.261+0000] {processor.py:743} INFO - Processing file /home/airflow/.local/lib/python3.7/site-packages/airflow/example_dags/example_external_task_marker_dag.py for tasks to queue
[2023-04-01T02:12:06.261+0000] {logging_mixin.py:137} INFO - [2023-04-01T02:12:06.261+0000] {dagbag.py:532} INFO - Filling up the DagBag from /home/airflow/.local/lib/python3.7/site-packages/airflow/example_dags/example_external_task_marker_dag.py
[2023-04-01T02:12:06.273+0000] {processor.py:753} INFO - DAG(s) dict_keys(['example_external_task_marker_parent', 'example_external_task_marker_child']) retrieved from /home/airflow/.local/lib/python3.7/site-packages/airflow/example_dags/example_external_task_marker_dag.py
[2023-04-01T02:12:06.300+0000] {logging_mixin.py:137} INFO - [2023-04-01T02:12:06.300+0000] {dag.py:2693} INFO - Sync 2 DAGs
[2023-04-01T02:12:06.323+0000] {logging_mixin.py:137} INFO - [2023-04-01T02:12:06.323+0000] {dag.py:3444} INFO - Setting next_dagrun for example_external_task_marker_child to None, run_after=None
[2023-04-01T02:12:06.326+0000] {logging_mixin.py:137} INFO - [2023-04-01T02:12:06.326+0000] {dag.py:3444} INFO - Setting next_dagrun for example_external_task_marker_parent to None, run_after=None
[2023-04-01T02:12:06.341+0000] {processor.py:175} INFO - Processing /home/airflow/.local/lib/python3.7/site-packages/airflow/example_dags/example_external_task_marker_dag.py took 0.084 seconds
[2023-04-01T02:12:36.743+0000] {processor.py:153} INFO - Started process (PID=256) to work on /home/airflow/.local/lib/python3.7/site-packages/airflow/example_dags/example_external_task_marker_dag.py
[2023-04-01T02:12:36.744+0000] {processor.py:743} INFO - Processing file /home/airflow/.local/lib/python3.7/site-packages/airflow/example_dags/example_external_task_marker_dag.py for tasks to queue
[2023-04-01T02:12:36.744+0000] {logging_mixin.py:137} INFO - [2023-04-01T02:12:36.744+0000] {dagbag.py:532} INFO - Filling up the DagBag from /home/airflow/.local/lib/python3.7/site-packages/airflow/example_dags/example_external_task_marker_dag.py
[2023-04-01T02:12:36.756+0000] {processor.py:753} INFO - DAG(s) dict_keys(['example_external_task_marker_child', 'example_external_task_marker_parent']) retrieved from /home/airflow/.local/lib/python3.7/site-packages/airflow/example_dags/example_external_task_marker_dag.py
[2023-04-01T02:12:36.784+0000] {logging_mixin.py:137} INFO - [2023-04-01T02:12:36.784+0000] {dag.py:2693} INFO - Sync 2 DAGs
[2023-04-01T02:12:36.808+0000] {logging_mixin.py:137} INFO - [2023-04-01T02:12:36.808+0000] {dag.py:3444} INFO - Setting next_dagrun for example_external_task_marker_child to None, run_after=None
[2023-04-01T02:12:36.812+0000] {logging_mixin.py:137} INFO - [2023-04-01T02:12:36.811+0000] {dag.py:3444} INFO - Setting next_dagrun for example_external_task_marker_parent to None, run_after=None
[2023-04-01T02:12:36.827+0000] {processor.py:175} INFO - Processing /home/airflow/.local/lib/python3.7/site-packages/airflow/example_dags/example_external_task_marker_dag.py took 0.086 seconds
[2023-04-01T02:13:07.453+0000] {processor.py:153} INFO - Started process (PID=305) to work on /home/airflow/.local/lib/python3.7/site-packages/airflow/example_dags/example_external_task_marker_dag.py
[2023-04-01T02:13:07.454+0000] {processor.py:743} INFO - Processing file /home/airflow/.local/lib/python3.7/site-packages/airflow/example_dags/example_external_task_marker_dag.py for tasks to queue
[2023-04-01T02:13:07.454+0000] {logging_mixin.py:137} INFO - [2023-04-01T02:13:07.454+0000] {dagbag.py:532} INFO - Filling up the DagBag from /home/airflow/.local/lib/python3.7/site-packages/airflow/example_dags/example_external_task_marker_dag.py
[2023-04-01T02:13:07.468+0000] {processor.py:753} INFO - DAG(s) dict_keys(['example_external_task_marker_parent', 'example_external_task_marker_child']) retrieved from /home/airflow/.local/lib/python3.7/site-packages/airflow/example_dags/example_external_task_marker_dag.py
[2023-04-01T02:13:07.511+0000] {logging_mixin.py:137} INFO - [2023-04-01T02:13:07.510+0000] {dag.py:2693} INFO - Sync 2 DAGs
[2023-04-01T02:13:07.550+0000] {logging_mixin.py:137} INFO - [2023-04-01T02:13:07.549+0000] {dag.py:3444} INFO - Setting next_dagrun for example_external_task_marker_child to None, run_after=None
[2023-04-01T02:13:07.555+0000] {logging_mixin.py:137} INFO - [2023-04-01T02:13:07.555+0000] {dag.py:3444} INFO - Setting next_dagrun for example_external_task_marker_parent to None, run_after=None
[2023-04-01T02:13:07.574+0000] {processor.py:175} INFO - Processing /home/airflow/.local/lib/python3.7/site-packages/airflow/example_dags/example_external_task_marker_dag.py took 0.124 seconds
