[2023-04-01T02:10:35.809+0000] {processor.py:153} INFO - Started process (PID=71) to work on /home/airflow/.local/lib/python3.7/site-packages/airflow/example_dags/example_xcom.py
[2023-04-01T02:10:35.810+0000] {processor.py:743} INFO - Processing file /home/airflow/.local/lib/python3.7/site-packages/airflow/example_dags/example_xcom.py for tasks to queue
[2023-04-01T02:10:35.810+0000] {logging_mixin.py:137} INFO - [2023-04-01T02:10:35.810+0000] {dagbag.py:532} INFO - Filling up the DagBag from /home/airflow/.local/lib/python3.7/site-packages/airflow/example_dags/example_xcom.py
[2023-04-01T02:10:35.832+0000] {processor.py:753} INFO - DAG(s) dict_keys(['example_xcom']) retrieved from /home/airflow/.local/lib/python3.7/site-packages/airflow/example_dags/example_xcom.py
[2023-04-01T02:10:35.947+0000] {logging_mixin.py:137} INFO - [2023-04-01T02:10:35.947+0000] {manager.py:504} INFO - Created Permission View: can edit on DAG:example_xcom
[2023-04-01T02:10:35.957+0000] {logging_mixin.py:137} INFO - [2023-04-01T02:10:35.957+0000] {manager.py:504} INFO - Created Permission View: can read on DAG:example_xcom
[2023-04-01T02:10:35.964+0000] {logging_mixin.py:137} INFO - [2023-04-01T02:10:35.964+0000] {manager.py:504} INFO - Created Permission View: can delete on DAG:example_xcom
[2023-04-01T02:10:35.964+0000] {logging_mixin.py:137} INFO - [2023-04-01T02:10:35.964+0000] {dag.py:2693} INFO - Sync 1 DAGs
[2023-04-01T02:10:35.978+0000] {logging_mixin.py:137} INFO - [2023-04-01T02:10:35.977+0000] {dag.py:2714} INFO - Creating ORM DAG for example_xcom
[2023-04-01T02:10:35.989+0000] {logging_mixin.py:137} INFO - [2023-04-01T02:10:35.989+0000] {dag.py:3444} INFO - Setting next_dagrun for example_xcom to 2021-01-01T00:00:00+00:00, run_after=2021-01-01T00:00:00+00:00
[2023-04-01T02:10:36.006+0000] {processor.py:175} INFO - Processing /home/airflow/.local/lib/python3.7/site-packages/airflow/example_dags/example_xcom.py took 0.200 seconds
[2023-04-01T02:11:06.444+0000] {processor.py:153} INFO - Started process (PID=120) to work on /home/airflow/.local/lib/python3.7/site-packages/airflow/example_dags/example_xcom.py
[2023-04-01T02:11:06.445+0000] {processor.py:743} INFO - Processing file /home/airflow/.local/lib/python3.7/site-packages/airflow/example_dags/example_xcom.py for tasks to queue
[2023-04-01T02:11:06.447+0000] {logging_mixin.py:137} INFO - [2023-04-01T02:11:06.446+0000] {dagbag.py:532} INFO - Filling up the DagBag from /home/airflow/.local/lib/python3.7/site-packages/airflow/example_dags/example_xcom.py
[2023-04-01T02:11:06.493+0000] {processor.py:753} INFO - DAG(s) dict_keys(['example_xcom']) retrieved from /home/airflow/.local/lib/python3.7/site-packages/airflow/example_dags/example_xcom.py
[2023-04-01T02:11:06.545+0000] {logging_mixin.py:137} INFO - [2023-04-01T02:11:06.544+0000] {dag.py:2693} INFO - Sync 1 DAGs
[2023-04-01T02:11:06.591+0000] {logging_mixin.py:137} INFO - [2023-04-01T02:11:06.591+0000] {dag.py:3444} INFO - Setting next_dagrun for example_xcom to 2021-01-01T00:00:00+00:00, run_after=2021-01-01T00:00:00+00:00
[2023-04-01T02:11:06.628+0000] {processor.py:175} INFO - Processing /home/airflow/.local/lib/python3.7/site-packages/airflow/example_dags/example_xcom.py took 0.192 seconds
[2023-04-01T02:11:37.411+0000] {processor.py:153} INFO - Started process (PID=169) to work on /home/airflow/.local/lib/python3.7/site-packages/airflow/example_dags/example_xcom.py
[2023-04-01T02:11:37.412+0000] {processor.py:743} INFO - Processing file /home/airflow/.local/lib/python3.7/site-packages/airflow/example_dags/example_xcom.py for tasks to queue
[2023-04-01T02:11:37.413+0000] {logging_mixin.py:137} INFO - [2023-04-01T02:11:37.413+0000] {dagbag.py:532} INFO - Filling up the DagBag from /home/airflow/.local/lib/python3.7/site-packages/airflow/example_dags/example_xcom.py
[2023-04-01T02:11:37.434+0000] {processor.py:753} INFO - DAG(s) dict_keys(['example_xcom']) retrieved from /home/airflow/.local/lib/python3.7/site-packages/airflow/example_dags/example_xcom.py
[2023-04-01T02:11:37.467+0000] {logging_mixin.py:137} INFO - [2023-04-01T02:11:37.467+0000] {dag.py:2693} INFO - Sync 1 DAGs
[2023-04-01T02:11:37.490+0000] {logging_mixin.py:137} INFO - [2023-04-01T02:11:37.490+0000] {dag.py:3444} INFO - Setting next_dagrun for example_xcom to 2021-01-01T00:00:00+00:00, run_after=2021-01-01T00:00:00+00:00
[2023-04-01T02:11:37.508+0000] {processor.py:175} INFO - Processing /home/airflow/.local/lib/python3.7/site-packages/airflow/example_dags/example_xcom.py took 0.099 seconds
[2023-04-01T02:12:07.895+0000] {processor.py:153} INFO - Started process (PID=218) to work on /home/airflow/.local/lib/python3.7/site-packages/airflow/example_dags/example_xcom.py
[2023-04-01T02:12:07.895+0000] {processor.py:743} INFO - Processing file /home/airflow/.local/lib/python3.7/site-packages/airflow/example_dags/example_xcom.py for tasks to queue
[2023-04-01T02:12:07.896+0000] {logging_mixin.py:137} INFO - [2023-04-01T02:12:07.896+0000] {dagbag.py:532} INFO - Filling up the DagBag from /home/airflow/.local/lib/python3.7/site-packages/airflow/example_dags/example_xcom.py
[2023-04-01T02:12:07.917+0000] {processor.py:753} INFO - DAG(s) dict_keys(['example_xcom']) retrieved from /home/airflow/.local/lib/python3.7/site-packages/airflow/example_dags/example_xcom.py
[2023-04-01T02:12:07.944+0000] {logging_mixin.py:137} INFO - [2023-04-01T02:12:07.944+0000] {dag.py:2693} INFO - Sync 1 DAGs
[2023-04-01T02:12:07.969+0000] {logging_mixin.py:137} INFO - [2023-04-01T02:12:07.968+0000] {dag.py:3444} INFO - Setting next_dagrun for example_xcom to 2021-01-01T00:00:00+00:00, run_after=2021-01-01T00:00:00+00:00
[2023-04-01T02:12:07.985+0000] {processor.py:175} INFO - Processing /home/airflow/.local/lib/python3.7/site-packages/airflow/example_dags/example_xcom.py took 0.093 seconds
[2023-04-01T02:12:38.367+0000] {processor.py:153} INFO - Started process (PID=267) to work on /home/airflow/.local/lib/python3.7/site-packages/airflow/example_dags/example_xcom.py
[2023-04-01T02:12:38.367+0000] {processor.py:743} INFO - Processing file /home/airflow/.local/lib/python3.7/site-packages/airflow/example_dags/example_xcom.py for tasks to queue
[2023-04-01T02:12:38.368+0000] {logging_mixin.py:137} INFO - [2023-04-01T02:12:38.368+0000] {dagbag.py:532} INFO - Filling up the DagBag from /home/airflow/.local/lib/python3.7/site-packages/airflow/example_dags/example_xcom.py
[2023-04-01T02:12:38.389+0000] {processor.py:753} INFO - DAG(s) dict_keys(['example_xcom']) retrieved from /home/airflow/.local/lib/python3.7/site-packages/airflow/example_dags/example_xcom.py
[2023-04-01T02:12:38.416+0000] {logging_mixin.py:137} INFO - [2023-04-01T02:12:38.416+0000] {dag.py:2693} INFO - Sync 1 DAGs
[2023-04-01T02:12:38.444+0000] {logging_mixin.py:137} INFO - [2023-04-01T02:12:38.444+0000] {dag.py:3444} INFO - Setting next_dagrun for example_xcom to 2021-01-01T00:00:00+00:00, run_after=2021-01-01T00:00:00+00:00
[2023-04-01T02:12:38.472+0000] {processor.py:175} INFO - Processing /home/airflow/.local/lib/python3.7/site-packages/airflow/example_dags/example_xcom.py took 0.108 seconds
[2023-04-01T02:13:09.199+0000] {processor.py:153} INFO - Started process (PID=316) to work on /home/airflow/.local/lib/python3.7/site-packages/airflow/example_dags/example_xcom.py
[2023-04-01T02:13:09.200+0000] {processor.py:743} INFO - Processing file /home/airflow/.local/lib/python3.7/site-packages/airflow/example_dags/example_xcom.py for tasks to queue
[2023-04-01T02:13:09.201+0000] {logging_mixin.py:137} INFO - [2023-04-01T02:13:09.201+0000] {dagbag.py:532} INFO - Filling up the DagBag from /home/airflow/.local/lib/python3.7/site-packages/airflow/example_dags/example_xcom.py
[2023-04-01T02:13:09.227+0000] {processor.py:753} INFO - DAG(s) dict_keys(['example_xcom']) retrieved from /home/airflow/.local/lib/python3.7/site-packages/airflow/example_dags/example_xcom.py
[2023-04-01T02:13:09.266+0000] {logging_mixin.py:137} INFO - [2023-04-01T02:13:09.266+0000] {dag.py:2693} INFO - Sync 1 DAGs
[2023-04-01T02:13:09.303+0000] {logging_mixin.py:137} INFO - [2023-04-01T02:13:09.302+0000] {dag.py:3444} INFO - Setting next_dagrun for example_xcom to 2021-01-01T00:00:00+00:00, run_after=2021-01-01T00:00:00+00:00
[2023-04-01T02:13:09.326+0000] {processor.py:175} INFO - Processing /home/airflow/.local/lib/python3.7/site-packages/airflow/example_dags/example_xcom.py took 0.131 seconds
