[2023-04-01T02:10:35.582+0000] {processor.py:153} INFO - Started process (PID=69) to work on /home/airflow/.local/lib/python3.7/site-packages/airflow/example_dags/example_branch_python_dop_operator_3.py
[2023-04-01T02:10:35.583+0000] {processor.py:743} INFO - Processing file /home/airflow/.local/lib/python3.7/site-packages/airflow/example_dags/example_branch_python_dop_operator_3.py for tasks to queue
[2023-04-01T02:10:35.583+0000] {logging_mixin.py:137} INFO - [2023-04-01T02:10:35.583+0000] {dagbag.py:532} INFO - Filling up the DagBag from /home/airflow/.local/lib/python3.7/site-packages/airflow/example_dags/example_branch_python_dop_operator_3.py
[2023-04-01T02:10:35.605+0000] {processor.py:753} INFO - DAG(s) dict_keys(['example_branch_dop_operator_v3']) retrieved from /home/airflow/.local/lib/python3.7/site-packages/airflow/example_dags/example_branch_python_dop_operator_3.py
[2023-04-01T02:10:35.729+0000] {logging_mixin.py:137} INFO - [2023-04-01T02:10:35.729+0000] {manager.py:504} INFO - Created Permission View: can edit on DAG:example_branch_dop_operator_v3
[2023-04-01T02:10:35.739+0000] {logging_mixin.py:137} INFO - [2023-04-01T02:10:35.738+0000] {manager.py:504} INFO - Created Permission View: can read on DAG:example_branch_dop_operator_v3
[2023-04-01T02:10:35.745+0000] {logging_mixin.py:137} INFO - [2023-04-01T02:10:35.745+0000] {manager.py:504} INFO - Created Permission View: can delete on DAG:example_branch_dop_operator_v3
[2023-04-01T02:10:35.745+0000] {logging_mixin.py:137} INFO - [2023-04-01T02:10:35.745+0000] {dag.py:2693} INFO - Sync 1 DAGs
[2023-04-01T02:10:35.759+0000] {logging_mixin.py:137} INFO - [2023-04-01T02:10:35.759+0000] {dag.py:2714} INFO - Creating ORM DAG for example_branch_dop_operator_v3
[2023-04-01T02:10:35.775+0000] {logging_mixin.py:137} INFO - [2023-04-01T02:10:35.775+0000] {dag.py:3444} INFO - Setting next_dagrun for example_branch_dop_operator_v3 to 2023-04-01T02:09:00+00:00, run_after=2023-04-01T02:10:00+00:00
[2023-04-01T02:10:35.792+0000] {processor.py:175} INFO - Processing /home/airflow/.local/lib/python3.7/site-packages/airflow/example_dags/example_branch_python_dop_operator_3.py took 0.213 seconds
[2023-04-01T02:11:06.210+0000] {processor.py:153} INFO - Started process (PID=118) to work on /home/airflow/.local/lib/python3.7/site-packages/airflow/example_dags/example_branch_python_dop_operator_3.py
[2023-04-01T02:11:06.212+0000] {processor.py:743} INFO - Processing file /home/airflow/.local/lib/python3.7/site-packages/airflow/example_dags/example_branch_python_dop_operator_3.py for tasks to queue
[2023-04-01T02:11:06.214+0000] {logging_mixin.py:137} INFO - [2023-04-01T02:11:06.213+0000] {dagbag.py:532} INFO - Filling up the DagBag from /home/airflow/.local/lib/python3.7/site-packages/airflow/example_dags/example_branch_python_dop_operator_3.py
[2023-04-01T02:11:06.258+0000] {processor.py:753} INFO - DAG(s) dict_keys(['example_branch_dop_operator_v3']) retrieved from /home/airflow/.local/lib/python3.7/site-packages/airflow/example_dags/example_branch_python_dop_operator_3.py
[2023-04-01T02:11:06.316+0000] {logging_mixin.py:137} INFO - [2023-04-01T02:11:06.316+0000] {dag.py:2693} INFO - Sync 1 DAGs
[2023-04-01T02:11:06.374+0000] {logging_mixin.py:137} INFO - [2023-04-01T02:11:06.373+0000] {dag.py:3444} INFO - Setting next_dagrun for example_branch_dop_operator_v3 to 2023-04-01T02:10:00+00:00, run_after=2023-04-01T02:11:00+00:00
[2023-04-01T02:11:06.409+0000] {processor.py:175} INFO - Processing /home/airflow/.local/lib/python3.7/site-packages/airflow/example_dags/example_branch_python_dop_operator_3.py took 0.208 seconds
[2023-04-01T02:11:37.305+0000] {processor.py:153} INFO - Started process (PID=167) to work on /home/airflow/.local/lib/python3.7/site-packages/airflow/example_dags/example_branch_python_dop_operator_3.py
[2023-04-01T02:11:37.306+0000] {processor.py:743} INFO - Processing file /home/airflow/.local/lib/python3.7/site-packages/airflow/example_dags/example_branch_python_dop_operator_3.py for tasks to queue
[2023-04-01T02:11:37.307+0000] {logging_mixin.py:137} INFO - [2023-04-01T02:11:37.307+0000] {dagbag.py:532} INFO - Filling up the DagBag from /home/airflow/.local/lib/python3.7/site-packages/airflow/example_dags/example_branch_python_dop_operator_3.py
[2023-04-01T02:11:37.327+0000] {processor.py:753} INFO - DAG(s) dict_keys(['example_branch_dop_operator_v3']) retrieved from /home/airflow/.local/lib/python3.7/site-packages/airflow/example_dags/example_branch_python_dop_operator_3.py
[2023-04-01T02:11:37.353+0000] {logging_mixin.py:137} INFO - [2023-04-01T02:11:37.353+0000] {dag.py:2693} INFO - Sync 1 DAGs
[2023-04-01T02:11:37.381+0000] {logging_mixin.py:137} INFO - [2023-04-01T02:11:37.381+0000] {dag.py:3444} INFO - Setting next_dagrun for example_branch_dop_operator_v3 to 2023-04-01T02:10:00+00:00, run_after=2023-04-01T02:11:00+00:00
[2023-04-01T02:11:37.396+0000] {processor.py:175} INFO - Processing /home/airflow/.local/lib/python3.7/site-packages/airflow/example_dags/example_branch_python_dop_operator_3.py took 0.093 seconds
[2023-04-01T02:12:07.785+0000] {processor.py:153} INFO - Started process (PID=216) to work on /home/airflow/.local/lib/python3.7/site-packages/airflow/example_dags/example_branch_python_dop_operator_3.py
[2023-04-01T02:12:07.786+0000] {processor.py:743} INFO - Processing file /home/airflow/.local/lib/python3.7/site-packages/airflow/example_dags/example_branch_python_dop_operator_3.py for tasks to queue
[2023-04-01T02:12:07.787+0000] {logging_mixin.py:137} INFO - [2023-04-01T02:12:07.787+0000] {dagbag.py:532} INFO - Filling up the DagBag from /home/airflow/.local/lib/python3.7/site-packages/airflow/example_dags/example_branch_python_dop_operator_3.py
[2023-04-01T02:12:07.807+0000] {processor.py:753} INFO - DAG(s) dict_keys(['example_branch_dop_operator_v3']) retrieved from /home/airflow/.local/lib/python3.7/site-packages/airflow/example_dags/example_branch_python_dop_operator_3.py
[2023-04-01T02:12:07.833+0000] {logging_mixin.py:137} INFO - [2023-04-01T02:12:07.833+0000] {dag.py:2693} INFO - Sync 1 DAGs
[2023-04-01T02:12:07.863+0000] {logging_mixin.py:137} INFO - [2023-04-01T02:12:07.863+0000] {dag.py:3444} INFO - Setting next_dagrun for example_branch_dop_operator_v3 to 2023-04-01T02:11:00+00:00, run_after=2023-04-01T02:12:00+00:00
[2023-04-01T02:12:07.880+0000] {processor.py:175} INFO - Processing /home/airflow/.local/lib/python3.7/site-packages/airflow/example_dags/example_branch_python_dop_operator_3.py took 0.101 seconds
[2023-04-01T02:12:38.258+0000] {processor.py:153} INFO - Started process (PID=265) to work on /home/airflow/.local/lib/python3.7/site-packages/airflow/example_dags/example_branch_python_dop_operator_3.py
[2023-04-01T02:12:38.259+0000] {processor.py:743} INFO - Processing file /home/airflow/.local/lib/python3.7/site-packages/airflow/example_dags/example_branch_python_dop_operator_3.py for tasks to queue
[2023-04-01T02:12:38.260+0000] {logging_mixin.py:137} INFO - [2023-04-01T02:12:38.260+0000] {dagbag.py:532} INFO - Filling up the DagBag from /home/airflow/.local/lib/python3.7/site-packages/airflow/example_dags/example_branch_python_dop_operator_3.py
[2023-04-01T02:12:38.280+0000] {processor.py:753} INFO - DAG(s) dict_keys(['example_branch_dop_operator_v3']) retrieved from /home/airflow/.local/lib/python3.7/site-packages/airflow/example_dags/example_branch_python_dop_operator_3.py
[2023-04-01T02:12:38.307+0000] {logging_mixin.py:137} INFO - [2023-04-01T02:12:38.307+0000] {dag.py:2693} INFO - Sync 1 DAGs
[2023-04-01T02:12:38.335+0000] {logging_mixin.py:137} INFO - [2023-04-01T02:12:38.335+0000] {dag.py:3444} INFO - Setting next_dagrun for example_branch_dop_operator_v3 to 2023-04-01T02:11:00+00:00, run_after=2023-04-01T02:12:00+00:00
[2023-04-01T02:12:38.352+0000] {processor.py:175} INFO - Processing /home/airflow/.local/lib/python3.7/site-packages/airflow/example_dags/example_branch_python_dop_operator_3.py took 0.097 seconds
[2023-04-01T02:13:09.044+0000] {processor.py:153} INFO - Started process (PID=314) to work on /home/airflow/.local/lib/python3.7/site-packages/airflow/example_dags/example_branch_python_dop_operator_3.py
[2023-04-01T02:13:09.045+0000] {processor.py:743} INFO - Processing file /home/airflow/.local/lib/python3.7/site-packages/airflow/example_dags/example_branch_python_dop_operator_3.py for tasks to queue
[2023-04-01T02:13:09.046+0000] {logging_mixin.py:137} INFO - [2023-04-01T02:13:09.046+0000] {dagbag.py:532} INFO - Filling up the DagBag from /home/airflow/.local/lib/python3.7/site-packages/airflow/example_dags/example_branch_python_dop_operator_3.py
[2023-04-01T02:13:09.072+0000] {processor.py:753} INFO - DAG(s) dict_keys(['example_branch_dop_operator_v3']) retrieved from /home/airflow/.local/lib/python3.7/site-packages/airflow/example_dags/example_branch_python_dop_operator_3.py
[2023-04-01T02:13:09.109+0000] {logging_mixin.py:137} INFO - [2023-04-01T02:13:09.109+0000] {dag.py:2693} INFO - Sync 1 DAGs
[2023-04-01T02:13:09.153+0000] {logging_mixin.py:137} INFO - [2023-04-01T02:13:09.152+0000] {dag.py:3444} INFO - Setting next_dagrun for example_branch_dop_operator_v3 to 2023-04-01T02:12:00+00:00, run_after=2023-04-01T02:13:00+00:00
[2023-04-01T02:13:09.175+0000] {processor.py:175} INFO - Processing /home/airflow/.local/lib/python3.7/site-packages/airflow/example_dags/example_branch_python_dop_operator_3.py took 0.136 seconds
