[2023-04-01T02:10:33.650+0000] {processor.py:153} INFO - Started process (PID=59) to work on /home/airflow/.local/lib/python3.7/site-packages/airflow/example_dags/example_task_group_decorator.py
[2023-04-01T02:10:33.651+0000] {processor.py:743} INFO - Processing file /home/airflow/.local/lib/python3.7/site-packages/airflow/example_dags/example_task_group_decorator.py for tasks to queue
[2023-04-01T02:10:33.651+0000] {logging_mixin.py:137} INFO - [2023-04-01T02:10:33.651+0000] {dagbag.py:532} INFO - Filling up the DagBag from /home/airflow/.local/lib/python3.7/site-packages/airflow/example_dags/example_task_group_decorator.py
[2023-04-01T02:10:33.685+0000] {processor.py:753} INFO - DAG(s) dict_keys(['example_task_group_decorator']) retrieved from /home/airflow/.local/lib/python3.7/site-packages/airflow/example_dags/example_task_group_decorator.py
[2023-04-01T02:10:33.843+0000] {logging_mixin.py:137} INFO - [2023-04-01T02:10:33.843+0000] {manager.py:504} INFO - Created Permission View: can edit on DAG:example_task_group_decorator
[2023-04-01T02:10:33.852+0000] {logging_mixin.py:137} INFO - [2023-04-01T02:10:33.852+0000] {manager.py:504} INFO - Created Permission View: can read on DAG:example_task_group_decorator
[2023-04-01T02:10:33.859+0000] {logging_mixin.py:137} INFO - [2023-04-01T02:10:33.859+0000] {manager.py:504} INFO - Created Permission View: can delete on DAG:example_task_group_decorator
[2023-04-01T02:10:33.859+0000] {logging_mixin.py:137} INFO - [2023-04-01T02:10:33.859+0000] {dag.py:2693} INFO - Sync 1 DAGs
[2023-04-01T02:10:33.874+0000] {logging_mixin.py:137} INFO - [2023-04-01T02:10:33.874+0000] {dag.py:2714} INFO - Creating ORM DAG for example_task_group_decorator
[2023-04-01T02:10:33.887+0000] {logging_mixin.py:137} INFO - [2023-04-01T02:10:33.886+0000] {dag.py:3444} INFO - Setting next_dagrun for example_task_group_decorator to 2023-03-31T02:10:33.886725+00:00, run_after=2023-04-01T02:10:33.886725+00:00
[2023-04-01T02:10:33.913+0000] {processor.py:175} INFO - Processing /home/airflow/.local/lib/python3.7/site-packages/airflow/example_dags/example_task_group_decorator.py took 0.266 seconds
[2023-04-01T02:11:04.878+0000] {processor.py:153} INFO - Started process (PID=108) to work on /home/airflow/.local/lib/python3.7/site-packages/airflow/example_dags/example_task_group_decorator.py
[2023-04-01T02:11:04.879+0000] {processor.py:743} INFO - Processing file /home/airflow/.local/lib/python3.7/site-packages/airflow/example_dags/example_task_group_decorator.py for tasks to queue
[2023-04-01T02:11:04.880+0000] {logging_mixin.py:137} INFO - [2023-04-01T02:11:04.880+0000] {dagbag.py:532} INFO - Filling up the DagBag from /home/airflow/.local/lib/python3.7/site-packages/airflow/example_dags/example_task_group_decorator.py
[2023-04-01T02:11:04.932+0000] {processor.py:753} INFO - DAG(s) dict_keys(['example_task_group_decorator']) retrieved from /home/airflow/.local/lib/python3.7/site-packages/airflow/example_dags/example_task_group_decorator.py
[2023-04-01T02:11:04.989+0000] {logging_mixin.py:137} INFO - [2023-04-01T02:11:04.989+0000] {dag.py:2693} INFO - Sync 1 DAGs
[2023-04-01T02:11:05.038+0000] {logging_mixin.py:137} INFO - [2023-04-01T02:11:05.038+0000] {dag.py:3444} INFO - Setting next_dagrun for example_task_group_decorator to 2023-03-31T02:11:05.038021+00:00, run_after=2023-04-01T02:11:05.038021+00:00
[2023-04-01T02:11:05.075+0000] {processor.py:175} INFO - Processing /home/airflow/.local/lib/python3.7/site-packages/airflow/example_dags/example_task_group_decorator.py took 0.201 seconds
[2023-04-01T02:11:35.771+0000] {processor.py:153} INFO - Started process (PID=157) to work on /home/airflow/.local/lib/python3.7/site-packages/airflow/example_dags/example_task_group_decorator.py
[2023-04-01T02:11:35.771+0000] {processor.py:743} INFO - Processing file /home/airflow/.local/lib/python3.7/site-packages/airflow/example_dags/example_task_group_decorator.py for tasks to queue
[2023-04-01T02:11:35.772+0000] {logging_mixin.py:137} INFO - [2023-04-01T02:11:35.772+0000] {dagbag.py:532} INFO - Filling up the DagBag from /home/airflow/.local/lib/python3.7/site-packages/airflow/example_dags/example_task_group_decorator.py
[2023-04-01T02:11:35.799+0000] {processor.py:753} INFO - DAG(s) dict_keys(['example_task_group_decorator']) retrieved from /home/airflow/.local/lib/python3.7/site-packages/airflow/example_dags/example_task_group_decorator.py
[2023-04-01T02:11:35.829+0000] {logging_mixin.py:137} INFO - [2023-04-01T02:11:35.828+0000] {dag.py:2693} INFO - Sync 1 DAGs
[2023-04-01T02:11:35.851+0000] {logging_mixin.py:137} INFO - [2023-04-01T02:11:35.851+0000] {dag.py:3444} INFO - Setting next_dagrun for example_task_group_decorator to 2023-03-31T02:11:35.851341+00:00, run_after=2023-04-01T02:11:35.851341+00:00
[2023-04-01T02:11:35.868+0000] {processor.py:175} INFO - Processing /home/airflow/.local/lib/python3.7/site-packages/airflow/example_dags/example_task_group_decorator.py took 0.100 seconds
[2023-04-01T02:12:06.230+0000] {processor.py:153} INFO - Started process (PID=206) to work on /home/airflow/.local/lib/python3.7/site-packages/airflow/example_dags/example_task_group_decorator.py
[2023-04-01T02:12:06.230+0000] {processor.py:743} INFO - Processing file /home/airflow/.local/lib/python3.7/site-packages/airflow/example_dags/example_task_group_decorator.py for tasks to queue
[2023-04-01T02:12:06.231+0000] {logging_mixin.py:137} INFO - [2023-04-01T02:12:06.231+0000] {dagbag.py:532} INFO - Filling up the DagBag from /home/airflow/.local/lib/python3.7/site-packages/airflow/example_dags/example_task_group_decorator.py
[2023-04-01T02:12:06.257+0000] {processor.py:753} INFO - DAG(s) dict_keys(['example_task_group_decorator']) retrieved from /home/airflow/.local/lib/python3.7/site-packages/airflow/example_dags/example_task_group_decorator.py
[2023-04-01T02:12:06.287+0000] {logging_mixin.py:137} INFO - [2023-04-01T02:12:06.287+0000] {dag.py:2693} INFO - Sync 1 DAGs
[2023-04-01T02:12:06.310+0000] {logging_mixin.py:137} INFO - [2023-04-01T02:12:06.310+0000] {dag.py:3444} INFO - Setting next_dagrun for example_task_group_decorator to 2023-03-31T02:12:06.310320+00:00, run_after=2023-04-01T02:12:06.310320+00:00
[2023-04-01T02:12:06.326+0000] {processor.py:175} INFO - Processing /home/airflow/.local/lib/python3.7/site-packages/airflow/example_dags/example_task_group_decorator.py took 0.099 seconds
[2023-04-01T02:12:36.711+0000] {processor.py:153} INFO - Started process (PID=255) to work on /home/airflow/.local/lib/python3.7/site-packages/airflow/example_dags/example_task_group_decorator.py
[2023-04-01T02:12:36.712+0000] {processor.py:743} INFO - Processing file /home/airflow/.local/lib/python3.7/site-packages/airflow/example_dags/example_task_group_decorator.py for tasks to queue
[2023-04-01T02:12:36.712+0000] {logging_mixin.py:137} INFO - [2023-04-01T02:12:36.712+0000] {dagbag.py:532} INFO - Filling up the DagBag from /home/airflow/.local/lib/python3.7/site-packages/airflow/example_dags/example_task_group_decorator.py
[2023-04-01T02:12:36.740+0000] {processor.py:753} INFO - DAG(s) dict_keys(['example_task_group_decorator']) retrieved from /home/airflow/.local/lib/python3.7/site-packages/airflow/example_dags/example_task_group_decorator.py
[2023-04-01T02:12:36.769+0000] {logging_mixin.py:137} INFO - [2023-04-01T02:12:36.769+0000] {dag.py:2693} INFO - Sync 1 DAGs
[2023-04-01T02:12:36.793+0000] {logging_mixin.py:137} INFO - [2023-04-01T02:12:36.793+0000] {dag.py:3444} INFO - Setting next_dagrun for example_task_group_decorator to 2023-03-31T02:12:36.793125+00:00, run_after=2023-04-01T02:12:36.793125+00:00
[2023-04-01T02:12:36.809+0000] {processor.py:175} INFO - Processing /home/airflow/.local/lib/python3.7/site-packages/airflow/example_dags/example_task_group_decorator.py took 0.101 seconds
[2023-04-01T02:13:07.417+0000] {processor.py:153} INFO - Started process (PID=304) to work on /home/airflow/.local/lib/python3.7/site-packages/airflow/example_dags/example_task_group_decorator.py
[2023-04-01T02:13:07.418+0000] {processor.py:743} INFO - Processing file /home/airflow/.local/lib/python3.7/site-packages/airflow/example_dags/example_task_group_decorator.py for tasks to queue
[2023-04-01T02:13:07.419+0000] {logging_mixin.py:137} INFO - [2023-04-01T02:13:07.419+0000] {dagbag.py:532} INFO - Filling up the DagBag from /home/airflow/.local/lib/python3.7/site-packages/airflow/example_dags/example_task_group_decorator.py
[2023-04-01T02:13:07.455+0000] {processor.py:753} INFO - DAG(s) dict_keys(['example_task_group_decorator']) retrieved from /home/airflow/.local/lib/python3.7/site-packages/airflow/example_dags/example_task_group_decorator.py
[2023-04-01T02:13:07.498+0000] {logging_mixin.py:137} INFO - [2023-04-01T02:13:07.497+0000] {dag.py:2693} INFO - Sync 1 DAGs
[2023-04-01T02:13:07.535+0000] {logging_mixin.py:137} INFO - [2023-04-01T02:13:07.535+0000] {dag.py:3444} INFO - Setting next_dagrun for example_task_group_decorator to 2023-03-31T02:13:07.535496+00:00, run_after=2023-04-01T02:13:07.535496+00:00
[2023-04-01T02:13:07.561+0000] {processor.py:175} INFO - Processing /home/airflow/.local/lib/python3.7/site-packages/airflow/example_dags/example_task_group_decorator.py took 0.147 seconds
