[2023-04-01T02:10:30.755+0000] {processor.py:153} INFO - Started process (PID=39) to work on /home/airflow/.local/lib/python3.7/site-packages/airflow/example_dags/tutorial_taskflow_api_virtualenv.py
[2023-04-01T02:10:30.756+0000] {processor.py:743} INFO - Processing file /home/airflow/.local/lib/python3.7/site-packages/airflow/example_dags/tutorial_taskflow_api_virtualenv.py for tasks to queue
[2023-04-01T02:10:30.756+0000] {logging_mixin.py:137} INFO - [2023-04-01T02:10:30.756+0000] {dagbag.py:532} INFO - Filling up the DagBag from /home/airflow/.local/lib/python3.7/site-packages/airflow/example_dags/tutorial_taskflow_api_virtualenv.py
[2023-04-01T02:10:30.794+0000] {processor.py:753} INFO - DAG(s) dict_keys(['tutorial_taskflow_api_virtualenv']) retrieved from /home/airflow/.local/lib/python3.7/site-packages/airflow/example_dags/tutorial_taskflow_api_virtualenv.py
[2023-04-01T02:10:30.988+0000] {logging_mixin.py:137} INFO - [2023-04-01T02:10:30.988+0000] {manager.py:504} INFO - Created Permission View: can edit on DAG:tutorial_taskflow_api_virtualenv
[2023-04-01T02:10:30.998+0000] {logging_mixin.py:137} INFO - [2023-04-01T02:10:30.998+0000] {manager.py:504} INFO - Created Permission View: can read on DAG:tutorial_taskflow_api_virtualenv
[2023-04-01T02:10:31.005+0000] {logging_mixin.py:137} INFO - [2023-04-01T02:10:31.004+0000] {manager.py:504} INFO - Created Permission View: can delete on DAG:tutorial_taskflow_api_virtualenv
[2023-04-01T02:10:31.005+0000] {logging_mixin.py:137} INFO - [2023-04-01T02:10:31.005+0000] {dag.py:2693} INFO - Sync 1 DAGs
[2023-04-01T02:10:31.018+0000] {logging_mixin.py:137} INFO - [2023-04-01T02:10:31.018+0000] {dag.py:2714} INFO - Creating ORM DAG for tutorial_taskflow_api_virtualenv
[2023-04-01T02:10:31.030+0000] {logging_mixin.py:137} INFO - [2023-04-01T02:10:31.030+0000] {dag.py:3444} INFO - Setting next_dagrun for tutorial_taskflow_api_virtualenv to None, run_after=None
[2023-04-01T02:10:31.047+0000] {processor.py:175} INFO - Processing /home/airflow/.local/lib/python3.7/site-packages/airflow/example_dags/tutorial_taskflow_api_virtualenv.py took 0.295 seconds
[2023-04-01T02:11:01.650+0000] {processor.py:153} INFO - Started process (PID=88) to work on /home/airflow/.local/lib/python3.7/site-packages/airflow/example_dags/tutorial_taskflow_api_virtualenv.py
[2023-04-01T02:11:01.651+0000] {processor.py:743} INFO - Processing file /home/airflow/.local/lib/python3.7/site-packages/airflow/example_dags/tutorial_taskflow_api_virtualenv.py for tasks to queue
[2023-04-01T02:11:01.652+0000] {logging_mixin.py:137} INFO - [2023-04-01T02:11:01.652+0000] {dagbag.py:532} INFO - Filling up the DagBag from /home/airflow/.local/lib/python3.7/site-packages/airflow/example_dags/tutorial_taskflow_api_virtualenv.py
[2023-04-01T02:11:01.676+0000] {processor.py:753} INFO - DAG(s) dict_keys(['tutorial_taskflow_api_virtualenv']) retrieved from /home/airflow/.local/lib/python3.7/site-packages/airflow/example_dags/tutorial_taskflow_api_virtualenv.py
[2023-04-01T02:11:01.709+0000] {logging_mixin.py:137} INFO - [2023-04-01T02:11:01.709+0000] {dag.py:2693} INFO - Sync 1 DAGs
[2023-04-01T02:11:01.737+0000] {logging_mixin.py:137} INFO - [2023-04-01T02:11:01.737+0000] {dag.py:3444} INFO - Setting next_dagrun for tutorial_taskflow_api_virtualenv to None, run_after=None
[2023-04-01T02:11:01.754+0000] {processor.py:175} INFO - Processing /home/airflow/.local/lib/python3.7/site-packages/airflow/example_dags/tutorial_taskflow_api_virtualenv.py took 0.110 seconds
[2023-04-01T02:11:32.493+0000] {processor.py:153} INFO - Started process (PID=137) to work on /home/airflow/.local/lib/python3.7/site-packages/airflow/example_dags/tutorial_taskflow_api_virtualenv.py
[2023-04-01T02:11:32.494+0000] {processor.py:743} INFO - Processing file /home/airflow/.local/lib/python3.7/site-packages/airflow/example_dags/tutorial_taskflow_api_virtualenv.py for tasks to queue
[2023-04-01T02:11:32.494+0000] {logging_mixin.py:137} INFO - [2023-04-01T02:11:32.494+0000] {dagbag.py:532} INFO - Filling up the DagBag from /home/airflow/.local/lib/python3.7/site-packages/airflow/example_dags/tutorial_taskflow_api_virtualenv.py
[2023-04-01T02:11:32.513+0000] {processor.py:753} INFO - DAG(s) dict_keys(['tutorial_taskflow_api_virtualenv']) retrieved from /home/airflow/.local/lib/python3.7/site-packages/airflow/example_dags/tutorial_taskflow_api_virtualenv.py
[2023-04-01T02:11:32.541+0000] {logging_mixin.py:137} INFO - [2023-04-01T02:11:32.541+0000] {dag.py:2693} INFO - Sync 1 DAGs
[2023-04-01T02:11:32.564+0000] {logging_mixin.py:137} INFO - [2023-04-01T02:11:32.564+0000] {dag.py:3444} INFO - Setting next_dagrun for tutorial_taskflow_api_virtualenv to None, run_after=None
[2023-04-01T02:11:32.582+0000] {processor.py:175} INFO - Processing /home/airflow/.local/lib/python3.7/site-packages/airflow/example_dags/tutorial_taskflow_api_virtualenv.py took 0.092 seconds
[2023-04-01T02:12:02.986+0000] {processor.py:153} INFO - Started process (PID=186) to work on /home/airflow/.local/lib/python3.7/site-packages/airflow/example_dags/tutorial_taskflow_api_virtualenv.py
[2023-04-01T02:12:02.986+0000] {processor.py:743} INFO - Processing file /home/airflow/.local/lib/python3.7/site-packages/airflow/example_dags/tutorial_taskflow_api_virtualenv.py for tasks to queue
[2023-04-01T02:12:02.987+0000] {logging_mixin.py:137} INFO - [2023-04-01T02:12:02.987+0000] {dagbag.py:532} INFO - Filling up the DagBag from /home/airflow/.local/lib/python3.7/site-packages/airflow/example_dags/tutorial_taskflow_api_virtualenv.py
[2023-04-01T02:12:03.006+0000] {processor.py:753} INFO - DAG(s) dict_keys(['tutorial_taskflow_api_virtualenv']) retrieved from /home/airflow/.local/lib/python3.7/site-packages/airflow/example_dags/tutorial_taskflow_api_virtualenv.py
[2023-04-01T02:12:03.038+0000] {logging_mixin.py:137} INFO - [2023-04-01T02:12:03.037+0000] {dag.py:2693} INFO - Sync 1 DAGs
[2023-04-01T02:12:03.061+0000] {logging_mixin.py:137} INFO - [2023-04-01T02:12:03.061+0000] {dag.py:3444} INFO - Setting next_dagrun for tutorial_taskflow_api_virtualenv to None, run_after=None
[2023-04-01T02:12:03.079+0000] {processor.py:175} INFO - Processing /home/airflow/.local/lib/python3.7/site-packages/airflow/example_dags/tutorial_taskflow_api_virtualenv.py took 0.096 seconds
[2023-04-01T02:12:33.459+0000] {processor.py:153} INFO - Started process (PID=235) to work on /home/airflow/.local/lib/python3.7/site-packages/airflow/example_dags/tutorial_taskflow_api_virtualenv.py
[2023-04-01T02:12:33.460+0000] {processor.py:743} INFO - Processing file /home/airflow/.local/lib/python3.7/site-packages/airflow/example_dags/tutorial_taskflow_api_virtualenv.py for tasks to queue
[2023-04-01T02:12:33.460+0000] {logging_mixin.py:137} INFO - [2023-04-01T02:12:33.460+0000] {dagbag.py:532} INFO - Filling up the DagBag from /home/airflow/.local/lib/python3.7/site-packages/airflow/example_dags/tutorial_taskflow_api_virtualenv.py
[2023-04-01T02:12:33.480+0000] {processor.py:753} INFO - DAG(s) dict_keys(['tutorial_taskflow_api_virtualenv']) retrieved from /home/airflow/.local/lib/python3.7/site-packages/airflow/example_dags/tutorial_taskflow_api_virtualenv.py
[2023-04-01T02:12:33.505+0000] {logging_mixin.py:137} INFO - [2023-04-01T02:12:33.505+0000] {dag.py:2693} INFO - Sync 1 DAGs
[2023-04-01T02:12:33.528+0000] {logging_mixin.py:137} INFO - [2023-04-01T02:12:33.528+0000] {dag.py:3444} INFO - Setting next_dagrun for tutorial_taskflow_api_virtualenv to None, run_after=None
[2023-04-01T02:12:33.545+0000] {processor.py:175} INFO - Processing /home/airflow/.local/lib/python3.7/site-packages/airflow/example_dags/tutorial_taskflow_api_virtualenv.py took 0.088 seconds
[2023-04-01T02:13:03.947+0000] {processor.py:153} INFO - Started process (PID=284) to work on /home/airflow/.local/lib/python3.7/site-packages/airflow/example_dags/tutorial_taskflow_api_virtualenv.py
[2023-04-01T02:13:03.947+0000] {processor.py:743} INFO - Processing file /home/airflow/.local/lib/python3.7/site-packages/airflow/example_dags/tutorial_taskflow_api_virtualenv.py for tasks to queue
[2023-04-01T02:13:03.948+0000] {logging_mixin.py:137} INFO - [2023-04-01T02:13:03.948+0000] {dagbag.py:532} INFO - Filling up the DagBag from /home/airflow/.local/lib/python3.7/site-packages/airflow/example_dags/tutorial_taskflow_api_virtualenv.py
[2023-04-01T02:13:03.967+0000] {processor.py:753} INFO - DAG(s) dict_keys(['tutorial_taskflow_api_virtualenv']) retrieved from /home/airflow/.local/lib/python3.7/site-packages/airflow/example_dags/tutorial_taskflow_api_virtualenv.py
[2023-04-01T02:13:03.993+0000] {logging_mixin.py:137} INFO - [2023-04-01T02:13:03.992+0000] {dag.py:2693} INFO - Sync 1 DAGs
[2023-04-01T02:13:04.015+0000] {logging_mixin.py:137} INFO - [2023-04-01T02:13:04.015+0000] {dag.py:3444} INFO - Setting next_dagrun for tutorial_taskflow_api_virtualenv to None, run_after=None
[2023-04-01T02:13:04.037+0000] {processor.py:175} INFO - Processing /home/airflow/.local/lib/python3.7/site-packages/airflow/example_dags/tutorial_taskflow_api_virtualenv.py took 0.093 seconds
